

Cчетчик: номер 27

Открытие канала



1B 01 30 30 30 30 30 30 4E 9B   // передача: 10 байт; 19.47.28.813


00 00 14 00 AC 02 04 00 1B 01 30 30 30 30 30 30 4E 9B 54 CD   // передача: 20 байт; 19.47.28.813
// приём по таймауту: 1000 мс

01 00 08 00 AC 05 BE A9   // прием: 8 байт; 19.47.30.264
// таймаут: 1451 мсек


05   // прием: 1 байт; 19.47.30.264
// таймаут: 1451 мсек

Ошибка контрольной суммы, повтор: 1
Ошибка контрольной суммы, повтор: 1



1B 01 30 30 30 30 30 30 4E 9B   // передача: 10 байт; 19.47.30.373


00 00 14 00 AC 02 04 00 1B 01 30 30 30 30 30 30 4E 9B 54 CD   // передача: 20 байт; 19.47.30.373
// приём по таймауту: 1000 мс

01 00 08 00 AC 05 BE A9   // прием: 8 байт; 19.47.31.825
// таймаут: 1452 мсек


05   // прием: 1 байт; 19.47.31.825
// таймаут: 1452 мсек

Ошибка контрольной суммы, повтор: 2
Ошибка контрольной суммы, повтор: 2



1B 01 30 30 30 30 30 30 4E 9B   // передача: 10 байт; 19.47.31.940


00 00 14 00 AC 02 04 00 1B 01 30 30 30 30 30 30 4E 9B 54 CD   // передача: 20 байт; 19.47.31.940
// приём по таймауту: 1000 мс

01 00 08 00 AC 05 BE A9   // прием: 8 байт; 19.47.33.385
// таймаут: 1445 мсек


05   // прием: 1 байт; 19.47.33.385
// таймаут: 1445 мсек

Ошибка контрольной суммы, повтор: 3
Ошибка контрольной суммы, повтор: 3



1B 01 30 30 30 30 30 30 4E 9B   // передача: 10 байт; 19.47.33.494


00 00 14 00 AC 02 04 00 1B 01 30 30 30 30 30 30 4E 9B 54 CD   // передача: 20 байт; 19.47.33.494
// приём по таймауту: 1000 мс

01 00 08 00 AC 05 BE A9   // прием: 8 байт; 19.47.34.951
// таймаут: 1457 мсек


05   // прием: 1 байт; 19.47.34.951
// таймаут: 1457 мсек

Ошибка контрольной суммы, повтор: 4
Ошибка контрольной суммы, повтор: 4



1B 01 30 30 30 30 30 30 4E 9B   // передача: 10 байт; 19.47.35.61


00 00 14 00 AC 02 04 00 1B 01 30 30 30 30 30 30 4E 9B 54 CD   // передача: 20 байт; 19.47.35.61
// приём по таймауту: 1000 мс

01 00 08 00 AC 05 BE A9   // прием: 8 байт; 19.47.36.505
// таймаут: 1444 мсек


05   // прием: 1 байт; 19.47.36.505
// таймаут: 1444 мсек

Ошибка контрольной суммы, повтор: 5
Ошибка контрольной суммы, повтор: 5



1B 01 30 30 30 30 30 30 4E 9B   // передача: 10 байт; 19.47.36.617


00 00 14 00 AC 03 04 00 1B 01 30 30 30 30 30 30 4E 9B 56 4C   // передача: 20 байт; 19.47.36.617
// приём по количеству байт: 11 из 11

01 00 0B 00 AC 1B 00 0B 40 2D 9C   // прием: 11 байт; 19.47.36.678
// таймаут: 61 мсек


1B 00 0B 40   // прием: 4 байт; 19.47.36.678
// таймаут: 61 мсек

Канал открыт успешно


Время



1B 04 00 03 07   // передача: 5 байт; 19.47.36.786


00 00 0F 00 AC 03 0B 00 1B 04 00 03 07 40 2D   // передача: 15 байт; 19.47.36.786
// приём по количеству байт: 18 из 18

01 00 12 00 AC 1B 40 47 19 07 13 01 19 00 6E 29 F8 47   // прием: 18 байт; 19.47.36.901
// таймаут: 115 мсек


1B 40 47 19 07 13 01 19 00 6E 29   // прием: 11 байт; 19.47.36.901
// таймаут: 115 мсек

время счетчика:   19:47:40 13.01.19
день недели:      7 - воскресенье
сезонное время:   0 - лето

время компьютера: 19:47:36 13.01.19
разница:           + 3 секунд(а) 
Указатель на вершину блоков



1B 08 04 07 C4   // передача: 5 байт; 19.47.37.10


00 00 0F 00 AC 03 0A 00 1B 08 04 07 C4 50 ED   // передача: 15 байт; 19.47.37.10
// приём по количеству байт: 17 из 17

01 00 11 00 AC 1B B0 19 13 01 19 97 48 88 88 F0 FB   // прием: 17 байт; 19.47.37.82
// таймаут: 72 мсек


1B B0 19 13 01 19 97 48 88 88   // прием: 10 байт; 19.47.37.82
// таймаут: 72 мсек


Энергия по часам:
Вершина: 
19:30 13.01.19    1613 0x9748      переполнение: да 
Вершина с учетом смещения 0: 1613
Заголовок блока



Cчетчик: номер 27

Открытие канала



1B 01 30 30 30 30 30 30 4E 9B   // передача: 10 байт; 19.47.37.306


00 00 14 00 AC 03 04 00 1B 01 30 30 30 30 30 30 4E 9B 56 4C   // передача: 20 байт; 19.47.37.306


00 00 14 00 AC 03 04 00 1B 01   // передача: 10 байт; 19.47.37.306


00 00 12 00 AC 03 0B 00 00 00 14 00 AC 03 04 00 91 16   // передача: 18 байт; 19.47.37.306
// приём по таймауту: 1000 мс

01 00 0B 00 AC 1B 00 0B 40 2D 9C   // прием: 11 байт; 19.47.38.377
// таймаут: 1071 мсек


1B 00 0B 40   // прием: 4 байт; 19.47.38.377
// таймаут: 1071 мсек

Неправильная длина ответа: 4 вместо 11 байт, повтор: 1
Неправильная длина ответа: 4 вместо 11 байт, повтор: 1



1B 01 30 30 30 30 30 30 4E 9B   // передача: 10 байт; 19.47.38.494


00 00 14 00 AC 03 0B 00 1B 01 30 30 30 30 30 30 4E 9B 42 58   // передача: 20 байт; 19.47.38.494

// версия от 6 сентября 2014 года


Cчетчик: номер 27

Открытие канала



1B 01 30 30 30 30 30 30 4E 9B   // передача: 10 байт; 19.47.50.935


00 00 14 00 AC 03 04 00 1B 01 30 30 30 30 30 30 4E 9B 56 4C   // передача: 20 байт; 19.47.50.935
// приём по количеству байт: 11 из 11

01 00 0B 00 AC 1B 00 0B 40 2D 9C   // прием: 11 байт; 19.47.51.04
// таймаут: 69 мсек


1B 00 0B 40   // прием: 4 байт; 19.47.51.04
// таймаут: 69 мсек

Канал открыт успешно


Время



1B 04 00 03 07   // передача: 5 байт; 19.47.51.106


00 00 0F 00 AC 03 0B 00 1B 04 00 03 07 40 2D   // передача: 15 байт; 19.47.51.106
// приём по количеству байт: 18 из 18

01 00 12 00 AC 1B 54 47 19 07 13 01 19 00 6E D6 F8 47   // прием: 18 байт; 19.47.51.187
// таймаут: 81 мсек


1B 54 47 19 07 13 01 19 00 6E D6   // прием: 11 байт; 19.47.51.187
// таймаут: 81 мсек

время счетчика:   19:47:54 13.01.19
день недели:      7 - воскресенье
сезонное время:   0 - лето

время компьютера: 19:47:51 13.01.19
разница:           + 2 секунд(а) 


Версия



1B 08 03 46 06   // передача: 5 байт; 19.47.51.298


00 00 0F 00 AC 03 06 00 1B 08 03 46 06 9C ED   // передача: 15 байт; 19.47.51.298
// приём по количеству байт: 13 из 13

01 00 0D 00 AC 1B 23 24 01 2D CA 36 99   // прием: 13 байт; 19.47.51.358
// таймаут: 60 мсек


1B 23 24 01 2D CA   // прием: 6 байт; 19.47.51.358
// таймаут: 60 мсек

23.24.1


Начало опроса: 19:47:50 13.01.19
Конец опроса:  19:47:51 13.01.19
Длительность опроса: - 1 секунд(а) 
 
Опрос успешно завершен

// версия от 6 сентября 2014 года
