

Cчетчик: номер 27

Открытие канала



1B 01 30 30 30 30 30 30 4E 9B   // передача: 10 байт; 19.47.28.813


00 00 14 00 AC 02 04 00 1B 01 30 30 30 30 30 30 4E 9B 54 CD   // передача: 20 байт; 19.47.28.813
// приём по таймауту: 1000 мс

01 00 08 00 AC 05 BE A9   // прием: 8 байт; 19.47.30.264
// таймаут: 1451 мсек


05   // прием: 1 байт; 19.47.30.264
// таймаут: 1451 мсек

Ошибка контрольной суммы, повтор: 1
Ошибка контрольной суммы, повтор: 1



1B 01 30 30 30 30 30 30 4E 9B   // передача: 10 байт; 19.47.30.373


00 00 14 00 AC 02 04 00 1B 01 30 30 30 30 30 30 4E 9B 54 CD   // передача: 20 байт; 19.47.30.373
// приём по таймауту: 1000 мс

01 00 08 00 AC 05 BE A9   // прием: 8 байт; 19.47.31.825
// таймаут: 1452 мсек


05   // прием: 1 байт; 19.47.31.825
// таймаут: 1452 мсек

Ошибка контрольной суммы, повтор: 2
Ошибка контрольной суммы, повтор: 2



1B 01 30 30 30 30 30 30 4E 9B   // передача: 10 байт; 19.47.31.940


00 00 14 00 AC 02 04 00 1B 01 30 30 30 30 30 30 4E 9B 54 CD   // передача: 20 байт; 19.47.31.940
// приём по таймауту: 1000 мс

01 00 08 00 AC 05 BE A9   // прием: 8 байт; 19.47.33.385
// таймаут: 1445 мсек


05   // прием: 1 байт; 19.47.33.385
// таймаут: 1445 мсек

Ошибка контрольной суммы, повтор: 3
Ошибка контрольной суммы, повтор: 3



1B 01 30 30 30 30 30 30 4E 9B   // передача: 10 байт; 19.47.33.494


00 00 14 00 AC 02 04 00 1B 01 30 30 30 30 30 30 4E 9B 54 CD   // передача: 20 байт; 19.47.33.494
// приём по таймауту: 1000 мс

01 00 08 00 AC 05 BE A9   // прием: 8 байт; 19.47.34.951
// таймаут: 1457 мсек


05   // прием: 1 байт; 19.47.34.951
// таймаут: 1457 мсек

Ошибка контрольной суммы, повтор: 4
Ошибка контрольной суммы, повтор: 4



1B 01 30 30 30 30 30 30 4E 9B   // передача: 10 байт; 19.47.35.61


00 00 14 00 AC 02 04 00 1B 01 30 30 30 30 30 30 4E 9B 54 CD   // передача: 20 байт; 19.47.35.61
// приём по таймауту: 1000 мс

01 00 08 00 AC 05 BE A9   // прием: 8 байт; 19.47.36.505
// таймаут: 1444 мсек


05   // прием: 1 байт; 19.47.36.505
// таймаут: 1444 мсек

Ошибка контрольной суммы, повтор: 5
Ошибка контрольной суммы, повтор: 5



1B 01 30 30 30 30 30 30 4E 9B   // передача: 10 байт; 19.47.36.617


00 00 14 00 AC 03 04 00 1B 01 30 30 30 30 30 30 4E 9B 56 4C   // передача: 20 байт; 19.47.36.617
// приём по количеству байт: 11 из 11

01 00 0B 00 AC 1B 00 0B 40 2D 9C   // прием: 11 байт; 19.47.36.678
// таймаут: 61 мсек


1B 00 0B 40   // прием: 4 байт; 19.47.36.678
// таймаут: 61 мсек

Канал открыт успешно


Время



1B 04 00 03 07   // передача: 5 байт; 19.47.36.786


00 00 0F 00 AC 03 0B 00 1B 04 00 03 07 40 2D   // передача: 15 байт; 19.47.36.786
// приём по количеству байт: 18 из 18

01 00 12 00 AC 1B 40 47 19 07 13 01 19 00 6E 29 F8 47   // прием: 18 байт; 19.47.36.901
// таймаут: 115 мсек


1B 40 47 19 07 13 01 19 00 6E 29   // прием: 11 байт; 19.47.36.901
// таймаут: 115 мсек

время счетчика:   19:47:40 13.01.19
день недели:      7 - воскресенье
сезонное время:   0 - лето

время компьютера: 19:47:36 13.01.19
разница:           + 3 секунд(а) 
Указатель на вершину блоков



1B 08 04 07 C4   // передача: 5 байт; 19.47.37.10


00 00 0F 00 AC 03 0A 00 1B 08 04 07 C4 50 ED   // передача: 15 байт; 19.47.37.10
// приём по количеству байт: 17 из 17

01 00 11 00 AC 1B B0 19 13 01 19 97 48 88 88 F0 FB   // прием: 17 байт; 19.47.37.82
// таймаут: 72 мсек


1B B0 19 13 01 19 97 48 88 88   // прием: 10 байт; 19.47.37.82
// таймаут: 72 мсек


Энергия по часам:
Вершина: 
19:30 13.01.19    1613 0x9748      переполнение: да 
Вершина с учетом смещения 0: 1613
Заголовок блока



Cчетчик: номер 27

Открытие канала



1B 01 30 30 30 30 30 30 4E 9B   // передача: 10 байт; 19.47.37.306


00 00 14 00 AC 03 04 00 1B 01 30 30 30 30 30 30 4E 9B 56 4C   // передача: 20 байт; 19.47.37.306


00 00 14 00 AC 03 04 00 1B 01   // передача: 10 байт; 19.47.37.306


00 00 12 00 AC 03 0B 00 00 00 14 00 AC 03 04 00 91 16   // передача: 18 байт; 19.47.37.306
// приём по таймауту: 1000 мс

01 00 0B 00 AC 1B 00 0B 40 2D 9C   // прием: 11 байт; 19.47.38.377
// таймаут: 1071 мсек


1B 00 0B 40   // прием: 4 байт; 19.47.38.377
// таймаут: 1071 мсек

Неправильная длина ответа: 4 вместо 11 байт, повтор: 1
Неправильная длина ответа: 4 вместо 11 байт, повтор: 1



1B 01 30 30 30 30 30 30 4E 9B   // передача: 10 байт; 19.47.38.494


00 00 14 00 AC 03 0B 00 1B 01 30 30 30 30 30 30 4E 9B 42 58   // передача: 20 байт; 19.47.38.494

// версия от 6 сентября 2014 года


Cчетчик: номер 27

Открытие канала



1B 01 30 30 30 30 30 30 4E 9B   // передача: 10 байт; 19.47.50.935


00 00 14 00 AC 03 04 00 1B 01 30 30 30 30 30 30 4E 9B 56 4C   // передача: 20 байт; 19.47.50.935
// приём по количеству байт: 11 из 11

01 00 0B 00 AC 1B 00 0B 40 2D 9C   // прием: 11 байт; 19.47.51.04
// таймаут: 69 мсек


1B 00 0B 40   // прием: 4 байт; 19.47.51.04
// таймаут: 69 мсек

Канал открыт успешно


Время



1B 04 00 03 07   // передача: 5 байт; 19.47.51.106


00 00 0F 00 AC 03 0B 00 1B 04 00 03 07 40 2D   // передача: 15 байт; 19.47.51.106
// приём по количеству байт: 18 из 18

01 00 12 00 AC 1B 54 47 19 07 13 01 19 00 6E D6 F8 47   // прием: 18 байт; 19.47.51.187
// таймаут: 81 мсек


1B 54 47 19 07 13 01 19 00 6E D6   // прием: 11 байт; 19.47.51.187
// таймаут: 81 мсек

время счетчика:   19:47:54 13.01.19
день недели:      7 - воскресенье
сезонное время:   0 - лето

время компьютера: 19:47:51 13.01.19
разница:           + 2 секунд(а) 


Версия



1B 08 03 46 06   // передача: 5 байт; 19.47.51.298


00 00 0F 00 AC 03 06 00 1B 08 03 46 06 9C ED   // передача: 15 байт; 19.47.51.298
// приём по количеству байт: 13 из 13

01 00 0D 00 AC 1B 23 24 01 2D CA 36 99   // прием: 13 байт; 19.47.51.358
// таймаут: 60 мсек


1B 23 24 01 2D CA   // прием: 6 байт; 19.47.51.358
// таймаут: 60 мсек

23.24.1


Начало опроса: 19:47:50 13.01.19
Конец опроса:  19:47:51 13.01.19
Длительность опроса: - 1 секунд(а) 
 
Опрос успешно завершен

// версия от 6 сентября 2014 года


Cчетчик: номер 27

Открытие канала



1B 01 30 30 30 30 30 30 4E 9B   // передача: 10 байт; 19.48.48.702


00 00 14 00 AC 03 04 00 1B 01 30 30 30 30 30 30 4E 9B 56 4C   // передача: 20 байт; 19.48.48.702
// приём по количеству байт: 11 из 11

01 00 0B 00 AC 1B 00 0B 40 2D 9C   // прием: 11 байт; 19.48.48.771
// таймаут: 69 мсек


1B 00 0B 40   // прием: 4 байт; 19.48.48.772
// таймаут: 70 мсек

Канал открыт успешно


Время



1B 04 00 03 07   // передача: 5 байт; 19.48.48.873


00 00 0F 00 AC 03 0B 00 1B 04 00 03 07 40 2D   // передача: 15 байт; 19.48.48.873
// приём по количеству байт: 18 из 18

01 00 12 00 AC 1B 52 48 19 07 13 01 19 00 11 FC F8 47   // прием: 18 байт; 19.48.48.946
// таймаут: 73 мсек


1B 52 48 19 07 13 01 19 00 11 FC   // прием: 11 байт; 19.48.48.947
// таймаут: 74 мсек

время счетчика:   19:48:52 13.01.19
день недели:      7 - воскресенье
сезонное время:   0 - лето

время компьютера: 19:48:48 13.01.19
разница:           + 3 секунд(а) 


Логический номер



1B 08 05 C6 04   // передача: 5 байт; 19.48.49.60


00 00 0F 00 AC 03 05 00 1B 08 05 C6 04 AF ED   // передача: 15 байт; 19.48.49.60
// приём по количеству байт: 12 из 12

01 00 0C 00 AC 1B 00 1B 41 CC 1D FB   // прием: 12 байт; 19.48.49.120
// таймаут: 60 мсек


1B 00 1B 41 CC   // прием: 5 байт; 19.48.49.120
// таймаут: 60 мсек

27


Версия



1B 08 03 46 06   // передача: 5 байт; 19.48.49.232


00 00 0F 00 AC 03 06 00 1B 08 03 46 06 9C ED   // передача: 15 байт; 19.48.49.232
// приём по количеству байт: 13 из 13

01 00 0D 00 AC 1B 23 24 01 2D CA 36 99   // прием: 13 байт; 19.48.49.295
// таймаут: 63 мсек


1B 23 24 01 2D CA   // прием: 6 байт; 19.48.49.296
// таймаут: 64 мсек

23.24.1


Конфигурация



1B 08 09 C6 01   // передача: 5 байт; 19.48.49.404


00 00 0F 00 AC 03 05 00 1B 08 09 C6 01 AF ED   // передача: 15 байт; 19.48.49.404
// приём по количеству байт: 12 из 12

01 00 0C 00 AC 1B 00 01 C0 07 1D FB   // прием: 12 байт; 19.48.49.463
// таймаут: 59 мсек


1B 00 01 C0 07   // прием: 5 байт; 19.48.49.463
// таймаут: 59 мсек

флаги: 00 01
флаг 0x01.0 = 1, нет - автоматическому переходу на летнее/зимнее время


Начало опроса: 19:48:48 13.01.19
Конец опроса:  19:48:49 13.01.19
Длительность опроса: - 1 секунд(а) 
 
Опрос успешно завершен


Cчетчик: номер 0

Открытие канала



00 01 30 30 30 30 30 30 0E 24   // передача: 10 байт; 19.49.10.401


00 00 14 00 AC 02 04 00 00 01 30 30 30 30 30 30 0E 24 54 CD   // передача: 20 байт; 19.49.10.401
// приём по количеству байт: 11 из 11

01 00 0B 00 AC 01 00 00 20 2D 9C   // прием: 11 байт; 19.49.10.457
// таймаут: 56 мсек


01 00 00 20   // прием: 4 байт; 19.49.10.457
// таймаут: 56 мсек

Канал открыт успешно


Время



00 04 00 73 00   // передача: 5 байт; 19.49.10.573


00 00 0F 00 AC 02 0B 00 00 04 00 73 00 81 E1   // передача: 15 байт; 19.49.10.573
// приём по количеству байт: 18 из 18

01 00 12 00 AC 01 09 49 19 07 13 01 19 01 37 13 F8 47   // прием: 18 байт; 19.49.10.631
// таймаут: 58 мсек


01 09 49 19 07 13 01 19 01 37 13   // прием: 11 байт; 19.49.10.632
// таймаут: 59 мсек

время счетчика:   19:49:09 13.01.19
день недели:      7 - воскресенье
сезонное время:   1 - зима

время компьютера: 19:49:10 13.01.19
разница:           - 1 секунд(а) 


Логический номер



00 08 05 B6 03   // передача: 5 байт; 19.49.10.760


00 00 0F 00 AC 02 05 00 00 08 05 B6 03 6E 21   // передача: 15 байт; 19.49.10.760
// приём по количеству байт: 12 из 12

01 00 0C 00 AC 01 00 01 E1 C0 1D FB   // прием: 12 байт; 19.49.10.809
// таймаут: 49 мсек


01 00 01 E1 C0   // прием: 5 байт; 19.49.10.809
// таймаут: 49 мсек

1


Версия



00 08 03 36 01   // передача: 5 байт; 19.49.10.932


00 00 0F 00 AC 02 06 00 00 08 03 36 01 5D 21   // передача: 15 байт; 19.49.10.932
// приём по количеству байт: 13 из 13

01 00 0D 00 AC 01 1C 1A 02 4A BF 36 99   // прием: 13 байт; 19.49.10.982
// таймаут: 50 мсек


01 1C 1A 02 4A BF   // прием: 6 байт; 19.49.10.983
// таймаут: 51 мсек

22.20.2


Конфигурация



00 08 09 B6 06   // передача: 5 байт; 19.49.11.103


00 00 0F 00 AC 02 05 00 00 08 09 B6 06 6E 21   // передача: 15 байт; 19.49.11.103
// приём по количеству байт: 12 из 12

01 00 0C 00 AC 01 00 01 E1 C0 1D FB   // прием: 12 байт; 19.49.11.152
// таймаут: 49 мсек


01 00 01 E1 C0   // прием: 5 байт; 19.49.11.152
// таймаут: 49 мсек

флаги: 00 01
флаг 0x01.0 = 1, нет - автоматическому переходу на летнее/зимнее время


Начало опроса: 19:49:10 13.01.19
Конец опроса:  19:49:11 13.01.19
Длительность опроса: - 1 секунд(а) 
 
Опрос успешно завершен


Cчетчик: номер 0

Открытие канала



00 01 30 30 30 30 30 30 0E 24   // передача: 10 байт; 20.04.12.883


00 00 14 00 AC 02 04 00 00 01 30 30 30 30 30 30 0E 24 54 CD   // передача: 20 байт; 20.04.12.883
// приём по количеству байт: 11 из 11

01 00 0B 00 AC 01 00 00 20 2D 9C   // прием: 11 байт; 20.04.12.939
// таймаут: 56 мсек


01 00 00 20   // прием: 4 байт; 20.04.12.939
// таймаут: 56 мсек

Канал открыт успешно


Время



00 04 00 73 00   // передача: 5 байт; 20.04.13.71


00 00 0F 00 AC 02 0B 00 00 04 00 73 00 81 E1   // передача: 15 байт; 20.04.13.71
// приём по количеству байт: 18 из 18

01 00 12 00 AC 01 12 04 20 07 13 01 19 01 EF C1 F8 47   // прием: 18 байт; 20.04.13.130
// таймаут: 59 мсек


01 12 04 20 07 13 01 19 01 EF C1   // прием: 11 байт; 20.04.13.130
// таймаут: 59 мсек

время счетчика:   20:04:12 13.01.19
день недели:      7 - воскресенье
сезонное время:   1 - зима

время компьютера: 20:04:13 13.01.19
разница:           - 1 секунд(а) 


Логический номер



00 08 05 B6 03   // передача: 5 байт; 20.04.13.278


00 00 0F 00 AC 02 05 00 00 08 05 B6 03 6E 21   // передача: 15 байт; 20.04.13.278
// приём по количеству байт: 12 из 12

01 00 0C 00 AC 01 00 01 E1 C0 1D FB   // прием: 12 байт; 20.04.13.327
// таймаут: 49 мсек


01 00 01 E1 C0   // прием: 5 байт; 20.04.13.327
// таймаут: 49 мсек

1


Версия



00 08 03 36 01   // передача: 5 байт; 20.04.13.544


00 00 0F 00 AC 02 06 00 00 08 03 36 01 5D 21   // передача: 15 байт; 20.04.13.545
// приём по количеству байт: 13 из 13

01 00 0D 00 AC 01 1C 1A 02 4A BF 36 99   // прием: 13 байт; 20.04.13.595
// таймаут: 50 мсек


01 1C 1A 02 4A BF   // прием: 6 байт; 20.04.13.596
// таймаут: 51 мсек

22.20.2


Конфигурация



00 08 09 B6 06   // передача: 5 байт; 20.04.13.803


00 00 0F 00 AC 02 05 00 00 08 09 B6 06 6E 21   // передача: 15 байт; 20.04.13.804
// приём по количеству байт: 12 из 12

01 00 0C 00 AC 01 00 01 E1 C0 1D FB   // прием: 12 байт; 20.04.13.853
// таймаут: 49 мсек


01 00 01 E1 C0   // прием: 5 байт; 20.04.13.853
// таймаут: 49 мсек

флаги: 00 01
флаг 0x01.0 = 1, нет - автоматическому переходу на летнее/зимнее время


Начало опроса: 20:04:12 13.01.19
Конец опроса:  20:04:13 13.01.19
Длительность опроса: - 1 секунд(а) 
 
Опрос успешно завершен


Cчетчик: номер 0

Открытие канала



00 01 30 30 30 30 30 30 0E 24   // передача: 10 байт; 20.04.22.962


00 00 14 00 AC 03 04 00 00 01 30 30 30 30 30 30 0E 24 56 4C   // передача: 20 байт; 20.04.22.962
// приём по количеству байт: 11 из 11

01 00 0B 00 AC 00 00 01 B0 2D 9C   // прием: 11 байт; 20.04.23.23
// таймаут: 61 мсек


00 00 01 B0   // прием: 4 байт; 20.04.23.23
// таймаут: 61 мсек

Канал открыт успешно


Время



00 04 00 73 00   // передача: 5 байт; 20.04.23.155


00 00 0F 00 AC 03 0B 00 00 04 00 73 00 40 2D   // передача: 15 байт; 20.04.23.155
// приём по количеству байт: 18 из 18

01 00 12 00 AC 00 26 04 20 07 13 01 19 00 21 76 F8 47   // прием: 18 байт; 20.04.23.224
// таймаут: 69 мсек


00 26 04 20 07 13 01 19 00 21 76   // прием: 11 байт; 20.04.23.224
// таймаут: 69 мсек

время счетчика:   20:04:26 13.01.19
день недели:      7 - воскресенье
сезонное время:   0 - лето

время компьютера: 20:04:23 13.01.19
разница:           + 2 секунд(а) 


Логический номер



00 08 05 B6 03   // передача: 5 байт; 20.04.23.351


00 00 0F 00 AC 03 05 00 00 08 05 B6 03 AF ED   // передача: 15 байт; 20.04.23.351
// приём по количеству байт: 12 из 12

01 00 0C 00 AC 00 00 1B 31 CB 1D FB   // прием: 12 байт; 20.04.23.404
// таймаут: 53 мсек


00 00 1B 31 CB   // прием: 5 байт; 20.04.23.404
// таймаут: 53 мсек

27


Версия



00 08 03 36 01   // передача: 5 байт; 20.04.23.522


00 00 0F 00 AC 03 06 00 00 08 03 36 01 9C ED   // передача: 15 байт; 20.04.23.522
// приём по количеству байт: 13 из 13

01 00 0D 00 AC 00 23 24 01 2B 2E 36 99   // прием: 13 байт; 20.04.23.581
// таймаут: 59 мсек


00 23 24 01 2B 2E   // прием: 6 байт; 20.04.23.581
// таймаут: 59 мсек

23.24.1


Конфигурация



00 08 09 B6 06   // передача: 5 байт; 20.04.23.701


00 00 0F 00 AC 03 05 00 00 08 09 B6 06 AF ED   // передача: 15 байт; 20.04.23.701
// приём по количеству байт: 12 из 12

01 00 0C 00 AC 00 00 01 B0 00 1D FB   // прием: 12 байт; 20.04.23.752
// таймаут: 51 мсек


00 00 01 B0 00   // прием: 5 байт; 20.04.23.752
// таймаут: 51 мсек

флаги: 00 01
флаг 0x01.0 = 1, нет - автоматическому переходу на летнее/зимнее время


Начало опроса: 20:04:22 13.01.19
Конец опроса:  20:04:23 13.01.19
Длительность опроса: - 1 секунд(а) 
 
Опрос успешно завершен


Cчетчик: номер 0

Открытие канала



00 01 30 30 30 30 30 30 0E 24   // передача: 10 байт; 20.04.45.693


00 00 14 00 AC 03 04 00 00 01 30 30 30 30 30 30 0E 24 56 4C   // передача: 20 байт; 20.04.45.693
// приём по количеству байт: 11 из 11

01 00 0B 00 AC 00 00 01 B0 2D 9C   // прием: 11 байт; 20.04.45.753
// таймаут: 60 мсек


00 00 01 B0   // прием: 4 байт; 20.04.45.763
// таймаут: 70 мсек

Канал открыт успешно


Время



00 04 00 73 00   // передача: 5 байт; 20.04.45.877


00 00 0F 00 AC 03 0B 00 00 04 00 73 00 40 2D   // передача: 15 байт; 20.04.45.877
// приём по количеству байт: 18 из 18

01 00 12 00 AC 00 49 04 20 07 13 01 19 00 67 1E F8 47   // прием: 18 байт; 20.04.45.954
// таймаут: 77 мсек


00 49 04 20 07 13 01 19 00 67 1E   // прием: 11 байт; 20.04.45.954
// таймаут: 77 мсек

время счетчика:   20:04:49 13.01.19
день недели:      7 - воскресенье
сезонное время:   0 - лето

время компьютера: 20:04:45 13.01.19
разница:           + 3 секунд(а) 


Логический номер



00 08 05 B6 03   // передача: 5 байт; 20.04.46.104


00 00 0F 00 AC 03 05 00 00 08 05 B6 03 AF ED   // передача: 15 байт; 20.04.46.104
// приём по количеству байт: 12 из 12

01 00 0C 00 AC 00 00 1B 31 CB 1D FB   // прием: 12 байт; 20.04.46.163
// таймаут: 59 мсек


00 00 1B 31 CB   // прием: 5 байт; 20.04.46.163
// таймаут: 59 мсек

27


Версия



00 08 03 36 01   // передача: 5 байт; 20.04.46.282


00 00 0F 00 AC 03 06 00 00 08 03 36 01 9C ED   // передача: 15 байт; 20.04.46.282
// приём по количеству байт: 13 из 13

01 00 0D 00 AC 00 23 24 01 2B 2E 36 99   // прием: 13 байт; 20.04.46.345
// таймаут: 63 мсек


00 23 24 01 2B 2E   // прием: 6 байт; 20.04.46.345
// таймаут: 63 мсек

23.24.1


Конфигурация



00 08 09 B6 06   // передача: 5 байт; 20.04.46.454


00 00 0F 00 AC 03 05 00 00 08 09 B6 06 AF ED   // передача: 15 байт; 20.04.46.454
// приём по количеству байт: 12 из 12

01 00 0C 00 AC 00 00 01 B0 00 1D FB   // прием: 12 байт; 20.04.46.514
// таймаут: 60 мсек


00 00 01 B0 00   // прием: 5 байт; 20.04.46.515
// таймаут: 61 мсек

флаги: 00 01
флаг 0x01.0 = 1, нет - автоматическому переходу на летнее/зимнее время

Журнал 1: время выключения/включения прибора



00 04 10 72 CC   // передача: 5 байт; 20.04.46.626


00 00 0F 00 AC 03 11 00 00 04 10 72 CC FB EC   // передача: 15 байт; 20.04.46.626
// приём по количеству байт: 24 из 24

01 00 18 00 AC 00 56 10 10 06 12 01 19 39 04 12 06 12 01 19 EB F4 39 1C   // прием: 24 байт; 20.04.46.710
// таймаут: 84 мсек


00 56 10 10 06 12 01 19 39 04 12 06 12 01 19 EB F4   // прием: 17 байт; 20.04.46.710
// таймаут: 84 мсек

10:10:56 12.01.19   12:04:39 12.01.19



00 04 11 B3 0C   // передача: 5 байт; 20.04.46.813


00 00 0F 00 AC 03 11 00 00 04 11 B3 0C FB EC   // передача: 15 байт; 20.04.46.813
// приём по количеству байт: 24 из 24

01 00 18 00 AC 00 43 26 13 06 12 01 19 06 04 14 06 12 01 19 F4 10 39 1C   // прием: 24 байт; 20.04.46.897
// таймаут: 84 мсек


00 43 26 13 06 12 01 19 06 04 14 06 12 01 19 F4 10   // прием: 17 байт; 20.04.46.897
// таймаут: 84 мсек

13:26:43 12.01.19   14:04:06 12.01.19



00 04 12 F3 0D   // передача: 5 байт; 20.04.47.00


00 00 0F 00 AC 03 11 00 00 04 12 F3 0D FB EC   // передача: 15 байт; 20.04.47.00
// приём по количеству байт: 24 из 24

01 00 18 00 AC 00 37 53 15 06 12 01 19 49 23 16 06 12 01 19 FA 8A 39 1C   // прием: 24 байт; 20.04.47.75
// таймаут: 75 мсек


00 37 53 15 06 12 01 19 49 23 16 06 12 01 19 FA 8A   // прием: 17 байт; 20.04.47.75
// таймаут: 75 мсек

15:53:37 12.01.19   16:23:49 12.01.19



00 04 13 32 CD   // передача: 5 байт; 20.04.47.196


00 00 0F 00 AC 03 11 00 00 04 13 32 CD FB EC   // передача: 15 байт; 20.04.47.196
// приём по количеству байт: 24 из 24

01 00 18 00 AC 00 06 32 17 06 12 01 19 00 27 18 06 12 01 19 00 1C 39 1C   // прием: 24 байт; 20.04.47.280
// таймаут: 84 мсек


00 06 32 17 06 12 01 19 00 27 18 06 12 01 19 00 1C   // прием: 17 байт; 20.04.47.280
// таймаут: 84 мсек

17:32:06 12.01.19   18:27:00 12.01.19



00 04 14 73 0F   // передача: 5 байт; 20.04.47.398


00 00 0F 00 AC 03 11 00 00 04 14 73 0F FB EC   // передача: 15 байт; 20.04.47.398
// приём по количеству байт: 24 из 24

01 00 18 00 AC 00 05 16 19 06 12 01 19 32 31 19 06 12 01 19 B7 D9 39 1C   // прием: 24 байт; 20.04.47.481
// таймаут: 83 мсек


00 05 16 19 06 12 01 19 32 31 19 06 12 01 19 B7 D9   // прием: 17 байт; 20.04.47.481
// таймаут: 83 мсек

19:16:05 12.01.19   19:31:32 12.01.19



00 04 15 B2 CF   // передача: 5 байт; 20.04.47.595


00 00 0F 00 AC 03 11 00 00 04 15 B2 CF FB EC   // передача: 15 байт; 20.04.47.595
// приём по количеству байт: 24 из 24

01 00 18 00 AC 00 23 47 19 06 12 01 19 19 20 21 06 12 01 19 6B 68 39 1C   // прием: 24 байт; 20.04.47.675
// таймаут: 80 мсек


00 23 47 19 06 12 01 19 19 20 21 06 12 01 19 6B 68   // прием: 17 байт; 20.04.47.675
// таймаут: 80 мсек

19:47:23 12.01.19   21:20:19 12.01.19



00 04 16 F2 CE   // передача: 5 байт; 20.04.47.784


00 00 0F 00 AC 03 11 00 00 04 16 F2 CE FB EC   // передача: 15 байт; 20.04.47.784
// приём по количеству байт: 24 из 24

01 00 18 00 AC 00 09 29 22 06 12 01 19 55 49 14 07 13 01 19 2A F2 39 1C   // прием: 24 байт; 20.04.47.867
// таймаут: 83 мсек


00 09 29 22 06 12 01 19 55 49 14 07 13 01 19 2A F2   // прием: 17 байт; 20.04.47.867
// таймаут: 83 мсек

22:29:09 12.01.19   14:49:55 13.01.19



00 04 17 33 0E   // передача: 5 байт; 20.04.47.968


00 00 0F 00 AC 03 11 00 00 04 17 33 0E FB EC   // передача: 15 байт; 20.04.47.968
// приём по количеству байт: 24 из 24

01 00 18 00 AC 00 25 53 17 07 13 01 19 21 45 18 07 13 01 19 9D 9B 39 1C   // прием: 24 байт; 20.04.48.51
// таймаут: 83 мсек


00 25 53 17 07 13 01 19 21 45 18 07 13 01 19 9D 9B   // прием: 17 байт; 20.04.48.51
// таймаут: 83 мсек

17:53:25 13.01.19   18:45:21 13.01.19



00 04 18 73 0A   // передача: 5 байт; 20.04.48.158


00 00 0F 00 AC 03 11 00 00 04 18 73 0A FB EC   // передача: 15 байт; 20.04.48.158
// приём по количеству байт: 24 из 24

01 00 18 00 AC 00 14 50 18 07 13 01 19 25 52 18 07 13 01 19 FA 5A 39 1C   // прием: 24 байт; 20.04.48.241
// таймаут: 83 мсек


00 14 50 18 07 13 01 19 25 52 18 07 13 01 19 FA 5A   // прием: 17 байт; 20.04.48.241
// таймаут: 83 мсек

18:50:14 13.01.19   18:52:25 13.01.19



00 04 19 B2 CA   // передача: 5 байт; 20.04.48.342


00 00 0F 00 AC 03 11 00 00 04 19 B2 CA FB EC   // передача: 15 байт; 20.04.48.342
// приём по количеству байт: 24 из 24

01 00 18 00 AC 00 45 57 18 07 13 01 19 39 09 19 07 13 01 19 4C A6 39 1C   // прием: 24 байт; 20.04.48.422
// таймаут: 80 мсек


00 45 57 18 07 13 01 19 39 09 19 07 13 01 19 4C A6   // прием: 17 байт; 20.04.48.422
// таймаут: 80 мсек

18:57:45 13.01.19   19:09:39 13.01.19


Начало опроса: 20:04:45 13.01.19
Конец опроса:  20:04:48 13.01.19
Длительность опроса: - 3 секунд(а) 
 
Опрос успешно завершен


Cчетчик: номер 0

Открытие канала



00 01 30 30 30 30 30 30 0E 24   // передача: 10 байт; 20.04.52.787


00 00 14 00 AC 02 04 00 00 01 30 30 30 30 30 30 0E 24 54 CD   // передача: 20 байт; 20.04.52.787
// приём по количеству байт: 11 из 11

01 00 0B 00 AC 01 00 00 20 2D 9C   // прием: 11 байт; 20.04.52.836
// таймаут: 49 мсек


01 00 00 20   // прием: 4 байт; 20.04.52.836
// таймаут: 49 мсек

Канал открыт успешно


Время



00 04 00 73 00   // передача: 5 байт; 20.04.52.959


00 00 0F 00 AC 02 0B 00 00 04 00 73 00 81 E1   // передача: 15 байт; 20.04.52.959
// приём по количеству байт: 18 из 18

01 00 12 00 AC 01 52 04 20 07 13 01 19 01 EB F1 F8 47   // прием: 18 байт; 20.04.53.13
// таймаут: 54 мсек


01 52 04 20 07 13 01 19 01 EB F1   // прием: 11 байт; 20.04.53.13
// таймаут: 54 мсек

время счетчика:   20:04:52 13.01.19
день недели:      7 - воскресенье
сезонное время:   1 - зима

время компьютера: 20:04:53 13.01.19
разница:           - 1 секунд(а) 


Логический номер



00 08 05 B6 03   // передача: 5 байт; 20.04.53.163


00 00 0F 00 AC 02 05 00 00 08 05 B6 03 6E 21   // передача: 15 байт; 20.04.53.163
// приём по количеству байт: 12 из 12

01 00 0C 00 AC 01 00 01 E1 C0 1D FB   // прием: 12 байт; 20.04.53.206
// таймаут: 43 мсек


01 00 01 E1 C0   // прием: 5 байт; 20.04.53.206
// таймаут: 43 мсек

1


Версия



00 08 03 36 01   // передача: 5 байт; 20.04.53.333


00 00 0F 00 AC 02 06 00 00 08 03 36 01 5D 21   // передача: 15 байт; 20.04.53.333
// приём по количеству байт: 13 из 13

01 00 0D 00 AC 01 1C 1A 02 4A BF 36 99   // прием: 13 байт; 20.04.53.383
// таймаут: 50 мсек


01 1C 1A 02 4A BF   // прием: 6 байт; 20.04.53.383
// таймаут: 50 мсек

22.20.2


Конфигурация



00 08 09 B6 06   // передача: 5 байт; 20.04.53.489


00 00 0F 00 AC 02 05 00 00 08 09 B6 06 6E 21   // передача: 15 байт; 20.04.53.489
// приём по количеству байт: 12 из 12

01 00 0C 00 AC 01 00 01 E1 C0 1D FB   // прием: 12 байт; 20.04.53.538
// таймаут: 49 мсек


01 00 01 E1 C0   // прием: 5 байт; 20.04.53.538
// таймаут: 49 мсек

флаги: 00 01
флаг 0x01.0 = 1, нет - автоматическому переходу на летнее/зимнее время

Журнал 1: время выключения/включения прибора



00 04 10 72 CC   // передача: 5 байт; 20.04.53.650


00 00 0F 00 AC 02 11 00 00 04 10 72 CC 3A 20   // передача: 15 байт; 20.04.53.650
// приём по количеству байт: 24 из 24

01 00 18 00 AC 01 52 10 10 06 12 01 19 34 04 12 06 12 01 19 F3 F0 39 1C   // прием: 24 байт; 20.04.53.710
// таймаут: 60 мсек


01 52 10 10 06 12 01 19 34 04 12 06 12 01 19 F3 F0   // прием: 17 байт; 20.04.53.710
// таймаут: 60 мсек

10:10:52 12.01.19   12:04:34 12.01.19



00 04 11 B3 0C   // передача: 5 байт; 20.04.53.826


00 00 0F 00 AC 02 11 00 00 04 11 B3 0C 3A 20   // передача: 15 байт; 20.04.53.826
// приём по количеству байт: 24 из 24

01 00 18 00 AC 01 39 26 13 06 12 01 19 06 04 14 06 12 01 19 4E AA 39 1C   // прием: 24 байт; 20.04.53.889
// таймаут: 63 мсек


01 39 26 13 06 12 01 19 06 04 14 06 12 01 19 4E AA   // прием: 17 байт; 20.04.53.889
// таймаут: 63 мсек

13:26:39 12.01.19   14:04:06 12.01.19



00 04 12 F3 0D   // передача: 5 байт; 20.04.53.989


00 00 0F 00 AC 02 11 00 00 04 12 F3 0D 3A 20   // передача: 15 байт; 20.04.53.989
// приём по количеству байт: 24 из 24

01 00 18 00 AC 01 33 53 15 06 12 01 19 45 23 16 06 12 01 19 F2 4E 39 1C   // прием: 24 байт; 20.04.54.43
// таймаут: 54 мсек


01 33 53 15 06 12 01 19 45 23 16 06 12 01 19 F2 4E   // прием: 17 байт; 20.04.54.43
// таймаут: 54 мсек

15:53:33 12.01.19   16:23:45 12.01.19



00 04 13 32 CD   // передача: 5 байт; 20.04.54.164


00 00 0F 00 AC 02 11 00 00 04 13 32 CD 3A 20   // передача: 15 байт; 20.04.54.164
// приём по количеству байт: 24 из 24

01 00 18 00 AC 01 03 32 17 06 12 01 19 55 26 18 06 12 01 19 C0 CD 39 1C   // прием: 24 байт; 20.04.54.225
// таймаут: 61 мсек


01 03 32 17 06 12 01 19 55 26 18 06 12 01 19 C0 CD   // прием: 17 байт; 20.04.54.225
// таймаут: 61 мсек

17:32:03 12.01.19   18:26:55 12.01.19



00 04 14 73 0F   // передача: 5 байт; 20.04.54.332


00 00 0F 00 AC 02 11 00 00 04 14 73 0F 3A 20   // передача: 15 байт; 20.04.54.332
// приём по количеству байт: 24 из 24

01 00 18 00 AC 01 01 16 19 06 12 01 19 27 31 19 06 12 01 19 37 DC 39 1C   // прием: 24 байт; 20.04.54.395
// таймаут: 63 мсек


01 01 16 19 06 12 01 19 27 31 19 06 12 01 19 37 DC   // прием: 17 байт; 20.04.54.395
// таймаут: 63 мсек

19:16:01 12.01.19   19:31:27 12.01.19



00 04 15 B2 CF   // передача: 5 байт; 20.04.54.505


00 00 0F 00 AC 02 11 00 00 04 15 B2 CF 3A 20   // передача: 15 байт; 20.04.54.505
// приём по количеству байт: 24 из 24

01 00 18 00 AC 01 19 47 19 06 12 01 19 14 20 21 06 12 01 19 4C 92 39 1C   // прием: 24 байт; 20.04.54.566
// таймаут: 61 мсек


01 19 47 19 06 12 01 19 14 20 21 06 12 01 19 4C 92   // прием: 17 байт; 20.04.54.566
// таймаут: 61 мсек

19:47:19 12.01.19   21:20:14 12.01.19



00 04 16 F2 CE   // передача: 5 байт; 20.04.54.675


00 00 0F 00 AC 02 11 00 00 04 16 F2 CE 3A 20   // передача: 15 байт; 20.04.54.675
// приём по количеству байт: 24 из 24

01 00 18 00 AC 01 05 29 22 06 12 01 19 49 49 14 07 13 01 19 3A 3F 39 1C   // прием: 24 байт; 20.04.54.738
// таймаут: 63 мсек


01 05 29 22 06 12 01 19 49 49 14 07 13 01 19 3A 3F   // прием: 17 байт; 20.04.54.738
// таймаут: 63 мсек

22:29:05 12.01.19   14:49:49 13.01.19



00 04 17 33 0E   // передача: 5 байт; 20.04.54.847


00 00 0F 00 AC 02 11 00 00 04 17 33 0E 3A 20   // передача: 15 байт; 20.04.54.847
// приём по количеству байт: 24 из 24

01 00 18 00 AC 01 19 53 17 07 13 01 19 15 45 18 07 13 01 19 15 64 39 1C   // прием: 24 байт; 20.04.54.910
// таймаут: 63 мсек


01 19 53 17 07 13 01 19 15 45 18 07 13 01 19 15 64   // прием: 17 байт; 20.04.54.910
// таймаут: 63 мсек

17:53:19 13.01.19   18:45:15 13.01.19



00 04 18 73 0A   // передача: 5 байт; 20.04.55.18


00 00 0F 00 AC 02 11 00 00 04 18 73 0A 3A 20   // передача: 15 байт; 20.04.55.18
// приём по количеству байт: 24 из 24

01 00 18 00 AC 01 09 50 18 07 13 01 19 20 52 18 07 13 01 19 73 47 39 1C   // прием: 24 байт; 20.04.55.80
// таймаут: 62 мсек


01 09 50 18 07 13 01 19 20 52 18 07 13 01 19 73 47   // прием: 17 байт; 20.04.55.80
// таймаут: 62 мсек

18:50:09 13.01.19   18:52:20 13.01.19



00 04 19 B2 CA   // передача: 5 байт; 20.04.55.174


00 00 0F 00 AC 02 11 00 00 04 19 B2 CA 3A 20   // передача: 15 байт; 20.04.55.174
// приём по количеству байт: 24 из 24

01 00 18 00 AC 01 40 57 18 07 13 01 19 33 09 19 07 13 01 19 22 A3 39 1C   // прием: 24 байт; 20.04.55.232
// таймаут: 58 мсек


01 40 57 18 07 13 01 19 33 09 19 07 13 01 19 22 A3   // прием: 17 байт; 20.04.55.232
// таймаут: 58 мсек

18:57:40 13.01.19   19:09:33 13.01.19


Начало опроса: 20:04:52 13.01.19
Конец опроса:  20:04:55 13.01.19
Длительность опроса: - 3 секунд(а) 
 
Опрос успешно завершен

// версия от 6 сентября 2014 года
