

Cчетчик: номер 0

Открытие канала



00 01 30 30 30 30 30 30 0E 24   // передача: 10 байт; 19.10.05.205
// приём по количеству байт: 4 из 4

01 00 00 20   // прием: 4 байт; 19.10.05.341
// таймаут: 136 мсек

Канал открыт успешно


Время



00 04 00 73 00   // передача: 5 байт; 19.10.05.344
// приём по количеству байт: 11 из 11

01 51 09 19 04 17 01 19 01 37 7D   // прием: 11 байт; 19.10.05.486
// таймаут: 142 мсек

время счетчика:   19:09:51 17.01.19
день недели:      4 - четверг
сезонное время:   1 - зима

время компьютера: 19:10:05 17.01.19
разница:           - 14 секунд(а) 


К. трансформации



00 08 02 F7 C1   // передача: 5 байт; 19.10.05.493
// приём по количеству байт: 13 из 13

01 00 01 00 01 00 00 02 8F 5C 28 16 05   // прием: 13 байт; 19.10.05.636
// таймаут: 143 мсек

Ki*Ku = 1*1 = 1


К. преобразования



00 08 12 F6 0D   // передача: 5 байт; 19.10.05.641
// приём по количеству байт: 6 из 6

01 00 00 10 00 14   // прием: 6 байт; 19.10.05.775
// таймаут: 134 мсек

Kp = 5000*2 = 10000
*для использования в сумматоре СЭМ+2 К. преобразования необходимо умножать на 2

К. пропорциональности
Ke = Ki*Ku/Kp*2 = 0,0001



00 05 31 00 05 B5   // передача: 6 байт; 19.10.05.782
// приём по количеству байт: 19 из 19

01 00 01 DE 86 00 00 00 00 00 00 B3 40 00 00 34 5F 85 0D   // прием: 19 байт; 19.10.05.937
// таймаут: 155 мсек




00 05 32 00 05 45   // передача: 6 байт; 19.10.05.937
// приём по таймауту: 1000 мс

01 01 C1 E0   // прием: 4 байт; 19.10.07.74
// таймаут: 1137 мсек

Неправильная длина ответа: 4 вместо 19 байт, повтор: 1
Неправильная длина ответа: 4 вместо 19 байт, повтор: 1



00 05 32 00 05 45   // передача: 6 байт; 19.10.07.76

// версия от 6 сентября 2014 года
