// приём по количеству байт: 1 из 0

FF   // прием: 1 байт; 19.58.48.347
// таймаут: 48347 мсек

Ошибка туннеля - малая длина ответа, повтор: 1
Ошибка туннеля - малая длина ответа, повтор: 1
Ошибка: Ошибка при передаче !


Cчетчик: номер 0

Открытие канала



00 01 30 30 30 30 30 30 0E 24   // передача: 10 байт; 19.59.05.383


00 00 14 00 AC 03 04 00 00 01 30 30 30 30 30 30 0E 24 56 4C   // передача: 20 байт; 19.59.05.383
// приём по таймауту: 1000 мс
Нет ответа от устройства, повтор: 1
Нет ответа от устройства, повтор: 1



00 01 30 30 30 30 30 30 0E 24   // передача: 10 байт; 19.59.06.403


00 00 14 00 AC 03 0B 00 00 01 30 30 30 30 30 30 0E 24 42 58   // передача: 20 байт; 19.59.06.403
// приём по таймауту: 1000 мс

01 01 C1 E0   // прием: 4 байт; 19.59.07.568
// таймаут: 1165 мсек

Ошибка туннеля - малая длина ответа, повтор: 2
Ошибка туннеля - малая длина ответа, повтор: 2



00 01 30 30 30 30 30 30 0E 24   // передача: 10 байт; 19.59.07.678


00 00 14 00 AC 03 12 00 00 01 30 30 30 30 30 30 0E 24 9F BB   // передача: 20 байт; 19.59.07.678
Неправильная длина ответа: 4 вместо 25 байт, повтор: 3
Неправильная длина ответа: 4 вместо 25 байт, повтор: 3



00 01 30 30 30 30 30 30 0E 24   // передача: 10 байт; 19.59.07.790


00 00 14 00 AC 03 19 00 00 01 30 30 30 30 30 30 0E 24 7A 60   // передача: 20 байт; 19.59.07.790
// приём по таймауту: 1000 мс
Нет ответа от устройства, повтор: 4
Нет ответа от устройства, повтор: 4



00 01 30 30 30 30 30 30 0E 24   // передача: 10 байт; 19.59.08.801


00 00 14 00 AC 03 20 00 00 01 30 30 30 30 30 30 0E 24 26 3C   // передача: 20 байт; 19.59.08.801
// приём по таймауту: 1000 мс
Нет ответа от устройства, повтор: 5
Нет ответа от устройства, повтор: 5



00 01 30 30 30 30 30 30 0E 24   // передача: 10 байт; 19.59.09.817


00 00 14 00 AC 03 27 00 00 01 30 30 30 30 30 30 0E 24 D3 F7   // передача: 20 байт; 19.59.09.817
// приём по таймауту: 1000 мс
Нет ответа от устройства, повтор: 6
Нет ответа от устройства, повтор: 6



00 01 30 30 30 30 30 30 0E 24   // передача: 10 байт; 19.59.10.828


00 00 14 00 AC 03 2E 00 00 01 30 30 30 30 30 30 0E 24 CF EB   // передача: 20 байт; 19.59.10.828
// приём по таймауту: 1000 мс
Нет ответа от устройства, повтор: 7
Нет ответа от устройства, повтор: 7



00 01 30 30 30 30 30 30 0E 24   // передача: 10 байт; 19.59.11.842


00 00 14 00 AC 03 35 00 00 01 30 30 30 30 30 30 0E 24 EB CF   // передача: 20 байт; 19.59.11.842
// приём по таймауту: 1000 мс
Нет ответа от устройства, повтор: 8
Нет ответа от устройства, повтор: 8



00 01 30 30 30 30 30 30 0E 24   // передача: 10 байт; 19.59.12.860


00 00 14 00 AC 03 3C 00 00 01 30 30 30 30 30 30 0E 24 F7 D3   // передача: 20 байт; 19.59.12.860
// приём по таймауту: 1000 мс
Нет ответа от устройства, повтор: 9
Нет ответа от устройства, повтор: 9



00 01 30 30 30 30 30 30 0E 24   // передача: 10 байт; 19.59.13.870


00 00 14 00 AC 03 43 00 00 01 30 30 30 30 30 30 0E 24 A2 B8   // передача: 20 байт; 19.59.13.870
// приём по таймауту: 1000 мс
Нет ответа от устройства, повтор: 10
Нет ответа от устройства, повтор: 10



00 01 30 30 30 30 30 30 0E 24   // передача: 10 байт; 19.59.14.890


00 00 14 00 AC 03 4A 00 00 01 30 30 30 30 30 30 0E 24 BE A4   // передача: 20 байт; 19.59.14.890
// приём по таймауту: 1000 мс
Нет ответа от устройства, повтор: 11
Нет ответа от устройства, повтор: 11



00 01 30 30 30 30 30 30 0E 24   // передача: 10 байт; 19.59.15.903


00 00 14 00 AC 03 51 00 00 01 30 30 30 30 30 30 0E 24 9A 80   // передача: 20 байт; 19.59.15.903
// приём по таймауту: 1000 мс
Нет ответа от устройства, повтор: 12
Нет ответа от устройства, повтор: 12



00 01 30 30 30 30 30 30 0E 24   // передача: 10 байт; 19.59.16.801
// приём по таймауту: 1000 мс

01 00 00 20   // прием: 4 байт; 19.59.17.943
// таймаут: 1142 мсек

Неправильная длина ответа: 4 вместо 88 байт, повтор: 13
Неправильная длина ответа: 4 вместо 88 байт, повтор: 13



00 01 30 30 30 30 30 30 0E 24   // передача: 10 байт; 19.59.17.943

// версия от 6 сентября 2014 года
