// приём по количеству байт: 1 из 0

FF   // прием: 1 байт; 19.58.48.347
// таймаут: 48347 мсек

Ошибка туннеля - малая длина ответа, повтор: 1
Ошибка туннеля - малая длина ответа, повтор: 1
Ошибка: Ошибка при передаче !


Cчетчик: номер 0

Открытие канала



00 01 30 30 30 30 30 30 0E 24   // передача: 10 байт; 19.59.05.383


00 00 14 00 AC 03 04 00 00 01 30 30 30 30 30 30 0E 24 56 4C   // передача: 20 байт; 19.59.05.383
// приём по таймауту: 1000 мс
Нет ответа от устройства, повтор: 1
Нет ответа от устройства, повтор: 1



00 01 30 30 30 30 30 30 0E 24   // передача: 10 байт; 19.59.06.403


00 00 14 00 AC 03 0B 00 00 01 30 30 30 30 30 30 0E 24 42 58   // передача: 20 байт; 19.59.06.403
// приём по таймауту: 1000 мс

01 01 C1 E0   // прием: 4 байт; 19.59.07.568
// таймаут: 1165 мсек

Ошибка туннеля - малая длина ответа, повтор: 2
Ошибка туннеля - малая длина ответа, повтор: 2



00 01 30 30 30 30 30 30 0E 24   // передача: 10 байт; 19.59.07.678


00 00 14 00 AC 03 12 00 00 01 30 30 30 30 30 30 0E 24 9F BB   // передача: 20 байт; 19.59.07.678
Неправильная длина ответа: 4 вместо 25 байт, повтор: 3
Неправильная длина ответа: 4 вместо 25 байт, повтор: 3



00 01 30 30 30 30 30 30 0E 24   // передача: 10 байт; 19.59.07.790


00 00 14 00 AC 03 19 00 00 01 30 30 30 30 30 30 0E 24 7A 60   // передача: 20 байт; 19.59.07.790
// приём по таймауту: 1000 мс
Нет ответа от устройства, повтор: 4
Нет ответа от устройства, повтор: 4



00 01 30 30 30 30 30 30 0E 24   // передача: 10 байт; 19.59.08.801


00 00 14 00 AC 03 20 00 00 01 30 30 30 30 30 30 0E 24 26 3C   // передача: 20 байт; 19.59.08.801
// приём по таймауту: 1000 мс
Нет ответа от устройства, повтор: 5
Нет ответа от устройства, повтор: 5



00 01 30 30 30 30 30 30 0E 24   // передача: 10 байт; 19.59.09.817


00 00 14 00 AC 03 27 00 00 01 30 30 30 30 30 30 0E 24 D3 F7   // передача: 20 байт; 19.59.09.817
// приём по таймауту: 1000 мс
Нет ответа от устройства, повтор: 6
Нет ответа от устройства, повтор: 6



00 01 30 30 30 30 30 30 0E 24   // передача: 10 байт; 19.59.10.828


00 00 14 00 AC 03 2E 00 00 01 30 30 30 30 30 30 0E 24 CF EB   // передача: 20 байт; 19.59.10.828
// приём по таймауту: 1000 мс
Нет ответа от устройства, повтор: 7
Нет ответа от устройства, повтор: 7



00 01 30 30 30 30 30 30 0E 24   // передача: 10 байт; 19.59.11.842


00 00 14 00 AC 03 35 00 00 01 30 30 30 30 30 30 0E 24 EB CF   // передача: 20 байт; 19.59.11.842
// приём по таймауту: 1000 мс
Нет ответа от устройства, повтор: 8
Нет ответа от устройства, повтор: 8



00 01 30 30 30 30 30 30 0E 24   // передача: 10 байт; 19.59.12.860


00 00 14 00 AC 03 3C 00 00 01 30 30 30 30 30 30 0E 24 F7 D3   // передача: 20 байт; 19.59.12.860
// приём по таймауту: 1000 мс
Нет ответа от устройства, повтор: 9
Нет ответа от устройства, повтор: 9



00 01 30 30 30 30 30 30 0E 24   // передача: 10 байт; 19.59.13.870


00 00 14 00 AC 03 43 00 00 01 30 30 30 30 30 30 0E 24 A2 B8   // передача: 20 байт; 19.59.13.870
// приём по таймауту: 1000 мс
Нет ответа от устройства, повтор: 10
Нет ответа от устройства, повтор: 10



00 01 30 30 30 30 30 30 0E 24   // передача: 10 байт; 19.59.14.890


00 00 14 00 AC 03 4A 00 00 01 30 30 30 30 30 30 0E 24 BE A4   // передача: 20 байт; 19.59.14.890
// приём по таймауту: 1000 мс
Нет ответа от устройства, повтор: 11
Нет ответа от устройства, повтор: 11



00 01 30 30 30 30 30 30 0E 24   // передача: 10 байт; 19.59.15.903


00 00 14 00 AC 03 51 00 00 01 30 30 30 30 30 30 0E 24 9A 80   // передача: 20 байт; 19.59.15.903
// приём по таймауту: 1000 мс
Нет ответа от устройства, повтор: 12
Нет ответа от устройства, повтор: 12



00 01 30 30 30 30 30 30 0E 24   // передача: 10 байт; 19.59.16.801
// приём по таймауту: 1000 мс

01 00 00 20   // прием: 4 байт; 19.59.17.943
// таймаут: 1142 мсек

Неправильная длина ответа: 4 вместо 88 байт, повтор: 13
Неправильная длина ответа: 4 вместо 88 байт, повтор: 13



00 01 30 30 30 30 30 30 0E 24   // передача: 10 байт; 19.59.17.943

// версия от 6 сентября 2014 года


Cчетчик: номер 0

Открытие канала



00 01 30 30 30 30 30 30 0E 24   // передача: 10 байт; 19.59.19.597
// приём по количеству байт: 4 из 4

01 00 00 20   // прием: 4 байт; 19.59.19.730
// таймаут: 133 мсек

Канал открыт успешно


Время



00 04 00 73 00   // передача: 5 байт; 19.59.19.730
// приём по количеству байт: 11 из 11

01 13 59 19 04 17 01 19 01 E2 91   // прием: 11 байт; 19.59.19.870
// таймаут: 140 мсек

время счетчика:   19:59:13 17.01.19
день недели:      4 - четверг
сезонное время:   1 - зима

время компьютера: 19:59:19 17.01.19
разница:           - 6 секунд(а) 


К. трансформации



00 08 02 F7 C1   // передача: 5 байт; 19.59.19.889
// приём по количеству байт: 13 из 13

01 00 01 00 01 00 00 02 8F 5C 28 16 05   // прием: 13 байт; 19.59.20.24
// таймаут: 135 мсек

Ki*Ku = 1*1 = 1


К. преобразования



00 08 12 F6 0D   // передача: 5 байт; 19.59.20.34
// приём по количеству байт: 6 из 6

01 00 00 10 00 14   // прием: 6 байт; 19.59.20.169
// таймаут: 135 мсек

Kp = 5000*2 = 10000
*для использования в сумматоре СЭМ+2 К. преобразования необходимо умножать на 2

К. пропорциональности
Ke = Ki*Ku/Kp*2 = 0,0001



00 05 31 00 05 B5   // передача: 6 байт; 19.59.20.179
// приём по количеству байт: 19 из 19

01 00 01 E1 EB 00 00 00 00 00 00 B3 40 00 00 35 2A E8 A8   // прием: 19 байт; 19.59.20.331
// таймаут: 152 мсек




00 05 32 00 05 45   // передача: 6 байт; 19.59.20.331
// приём по таймауту: 1000 мс

01 01 C1 E0   // прием: 4 байт; 19.59.21.465
// таймаут: 1134 мсек




00 05 33 00 04 D5   // передача: 6 байт; 19.59.21.465
// приём по таймауту: 1000 мс

01 01 C1 E0   // прием: 4 байт; 19.59.22.611
// таймаут: 1146 мсек




00 05 34 00 06 E5   // передача: 6 байт; 19.59.22.612
// приём по таймауту: 1000 мс

01 01 C1 E0   // прием: 4 байт; 19.59.23.758
// таймаут: 1146 мсек




00 05 35 00 07 75   // передача: 6 байт; 19.59.23.759
// приём по таймауту: 1000 мс

01 01 C1 E0   // прием: 4 байт; 19.59.24.900
// таймаут: 1141 мсек




00 05 36 00 07 85   // передача: 6 байт; 19.59.24.900
// приём по таймауту: 1000 мс

01 01 C1 E0   // прием: 4 байт; 19.59.26.51
// таймаут: 1151 мсек




00 05 37 00 06 15   // передача: 6 байт; 19.59.26.103
// приём по таймауту: 1000 мс

01 01 C1 E0   // прием: 4 байт; 19.59.27.238
// таймаут: 1135 мсек




00 05 38 00 03 E5   // передача: 6 байт; 19.59.27.288
// приём по таймауту: 1000 мс

01 01 C1 E0   // прием: 4 байт; 19.59.28.442
// таймаут: 1154 мсек




00 05 39 00 02 75   // передача: 6 байт; 19.59.28.492
// приём по таймауту: 1000 мс

01 01 C1 E0   // прием: 4 байт; 19.59.29.621
// таймаут: 1129 мсек




00 05 3A 00 02 85   // передача: 6 байт; 19.59.29.675
// приём по таймауту: 1000 мс

01 01 C1 E0   // прием: 4 байт; 19.59.30.801
// таймаут: 1126 мсек




00 05 3B 00 03 15   // передача: 6 байт; 19.59.30.801
// приём по таймауту: 1000 мс

01 01 C1 E0   // прием: 4 байт; 19.59.31.936
// таймаут: 1135 мсек




00 05 3C 00 01 25   // передача: 6 байт; 19.59.31.936
// приём по таймауту: 1000 мс

01 01 C1 E0   // прием: 4 байт; 19.59.33.74
// таймаут: 1138 мсек



Импульсы по месяцам
            01.19       02.18       03.18       04.18       05.18       06.18       07.18       08.18       09.18       10.18       11.18       12.18       
            месяц 1     месяц 2     месяц 3     месяц 4     месяц 5     месяц 6     месяц 7     месяц 8     месяц 9     месяц 10    месяц 11    месяц 12    
канал A+    123371      ?           ?           ?           ?           ?           ?           ?           ?           ?           ?           ?           
канал A-    0           ?           ?           ?           ?           ?           ?           ?           ?           ?           ?           ?           
канал R+    45888       ?           ?           ?           ?           ?           ?           ?           ?           ?           ?           ?           
канал R-    13610       ?           ?           ?           ?           ?           ?           ?           ?           ?           ?           ?           

Энергия по месяцам
            01.19       02.18       03.18       04.18       05.18       06.18       07.18       08.18       09.18       10.18       11.18       12.18       
            месяц 1     месяц 2     месяц 3     месяц 4     месяц 5     месяц 6     месяц 7     месяц 8     месяц 9     месяц 10    месяц 11    месяц 12    
канал A+    12,3371     ?           ?           ?           ?           ?           ?           ?           ?           ?           ?           ?           
канал A-    0,0000      ?           ?           ?           ?           ?           ?           ?           ?           ?           ?           ?           
канал R+    4,5888      ?           ?           ?           ?           ?           ?           ?           ?           ?           ?           ?           
канал R-    1,3610      ?           ?           ?           ?           ?           ?           ?           ?           ?           ?           ?           


Начало опроса: 19:59:19 17.01.19
Конец опроса:  19:59:33 17.01.19
Длительность опроса: - 14 секунд(а) 
 
Опрос успешно завершен

// версия от 6 сентября 2014 года
