

Cчетчик: номер 0

Открытие канала



00 01 30 30 30 30 30 30 0E 24   // передача: 10 байт; 19.09.53.944
// приём по количеству байт: 4 из 4

01 00 00 20   // прием: 4 байт; 19.09.54.81
// таймаут: 137 мсек

Канал открыт успешно


Время



00 04 00 73 00   // передача: 5 байт; 19.09.54.98
// приём по количеству байт: 11 из 11

01 39 09 19 04 17 01 19 01 30 F3   // прием: 11 байт; 19.09.54.240
// таймаут: 142 мсек

время счетчика:   19:09:39 17.01.19
день недели:      4 - четверг
сезонное время:   1 - зима

время компьютера: 19:09:54 17.01.19
разница:           - 15 секунд(а) 


К. трансформации



00 08 02 F7 C1   // передача: 5 байт; 19.09.54.282
// приём по количеству байт: 13 из 13

01 00 01 00 01 00 00 02 8F 5C 28 16 05   // прием: 13 байт; 19.09.54.425
// таймаут: 143 мсек

Ki*Ku = 1*1 = 1


К. преобразования



00 08 12 F6 0D   // передача: 5 байт; 19.09.54.442
// приём по количеству байт: 6 из 6

01 00 00 10 00 14   // прием: 6 байт; 19.09.54.575
// таймаут: 133 мсек

Kp = 5000*2 = 10000
*для использования в сумматоре СЭМ+2 К. преобразования необходимо умножать на 2

К. пропорциональности
Ke = Ki*Ku/Kp*2 = 0,0001



00 05 31 00 05 B5   // передача: 6 байт; 19.09.54.597
// приём по количеству байт: 19 из 19

01 00 01 DE 83 00 00 00 00 00 00 B3 40 00 00 34 5E 48 C8   // прием: 19 байт; 19.09.54.749
// таймаут: 152 мсек




00 05 32 00 05 45   // передача: 6 байт; 19.09.54.749
// приём по таймауту: 1000 мс

01 01 C1 E0   // прием: 4 байт; 19.09.55.890
// таймаут: 1141 мсек

Неправильная длина ответа: 4 вместо 19 байт, повтор: 1
Неправильная длина ответа: 4 вместо 19 байт, повтор: 1



00 05 32 00 05 45   // передача: 6 байт; 19.09.55.894

// версия от 6 сентября 2014 года

// версия от 6 сентября 2014 года

// версия от 6 сентября 2014 года
