

Cчетчик: номер 0

Открытие канала



00 01 30 30 30 30 30 30 0E 24   // передача: 10 байт; 19.20.27.08


00 00 14 00 AC 02 04 00 00 01 30 30 30 30 30 30 0E 24 54 CD   // передача: 20 байт; 19.20.27.08
// приём по таймауту: 1000 мс
Нет ответа от устройства, повтор: 1
Нет ответа от устройства, повтор: 1



00 01 30 30 30 30 30 30 0E 24   // передача: 10 байт; 19.20.28.22


00 00 14 00 AC 02 0B 00 00 01 30 30 30 30 30 30 0E 24 40 D9   // передача: 20 байт; 19.20.28.22
// приём по таймауту: 1000 мс
Нет ответа от устройства, повтор: 2
Нет ответа от устройства, повтор: 2



00 01 30 30 30 30 30 30 0E 24   // передача: 10 байт; 19.20.29.37


00 00 14 00 AC 02 12 00 00 01 30 30 30 30 30 30 0E 24 9D 3A   // передача: 20 байт; 19.20.29.37
// приём по таймауту: 1000 мс
Нет ответа от устройства, повтор: 3
Нет ответа от устройства, повтор: 3



00 01 30 30 30 30 30 30 0E 24   // передача: 10 байт; 19.20.30.51


00 00 14 00 AC 02 19 00 00 01 30 30 30 30 30 30 0E 24 78 E1   // передача: 20 байт; 19.20.30.52
// приём по таймауту: 1000 мс
Нет ответа от устройства, повтор: 4
Нет ответа от устройства, повтор: 4



00 01 30 30 30 30 30 30 0E 24   // передача: 10 байт; 19.20.30.967


Cчетчик: номер 0

Открытие канала



00 01 30 30 30 30 30 30 0E 24   // передача: 10 байт; 19.20.31.853
// приём по количеству байт: 4 из 4

01 00 00 20   // прием: 4 байт; 19.20.31.990
// таймаут: 137 мсек

Канал открыт успешно


Время



00 04 00 73 00   // передача: 5 байт; 19.20.31.997
// приём по количеству байт: 11 из 11

01 17 20 19 04 24 01 19 01 04 E1   // прием: 11 байт; 19.20.32.137
// таймаут: 140 мсек

время счетчика:   19:20:17 24.01.19
день недели:      4 - четверг
сезонное время:   1 - зима

время компьютера: 19:20:32 24.01.19
разница:           - 15 секунд(а) 


К. трансформации



00 08 02 F7 C1   // передача: 5 байт; 19.20.32.155
// приём по количеству байт: 13 из 13

01 00 01 00 01 00 00 02 8F 5C 28 16 05   // прием: 13 байт; 19.20.32.299
// таймаут: 144 мсек

Ki*Ku = 1*1 = 1


К. преобразования



00 08 12 F6 0D   // передача: 5 байт; 19.20.32.312
// приём по количеству байт: 6 из 6

01 00 00 10 00 14   // прием: 6 байт; 19.20.32.446
// таймаут: 134 мсек

Kp = 5000*2 = 10000
*для использования в сумматоре СЭМ+2 К. преобразования необходимо умножать на 2

К. пропорциональности
Ke = Ki*Ku/Kp*2 = 0,0001



00 05 50 00 2C 25   // передача: 6 байт; 19.20.32.476
// приём по количеству байт: 19 из 19

01 00 00 10 31 00 00 00 00 00 00 00 00 00 00 03 B4 73 C6   // прием: 19 байт; 19.20.32.631
// таймаут: 155 мсек



Импульсы за предыдущие сутки
            всего       
канал A+    4145        
канал A-    0           
канал R+    0           
канал R-    948         

Энергия за предыдущие сутки
            всего       
канал A+    0,4145      
канал A-    0,0000      
канал R+    0,0000      
канал R-    0,0948      


Начало опроса: 19:20:31 24.01.19
Конец опроса:  19:20:32 24.01.19
Длительность опроса: - 1 секунд(а) 
 
Опрос успешно завершен


Cчетчик: номер 0

Открытие канала



00 01 30 30 30 30 30 30 0E 24   // передача: 10 байт; 19.20.40.882
// приём по количеству байт: 4 из 4

01 00 00 20   // прием: 4 байт; 19.20.41.17
// таймаут: 135 мсек

Канал открыт успешно


Время



00 04 00 73 00   // передача: 5 байт; 19.20.41.43
// приём по количеству байт: 11 из 11

01 26 20 19 04 24 01 19 01 C6 39   // прием: 11 байт; 19.20.41.183
// таймаут: 140 мсек

время счетчика:   19:20:26 24.01.19
день недели:      4 - четверг
сезонное время:   1 - зима

время компьютера: 19:20:41 24.01.19
разница:           - 15 секунд(а) 


К. трансформации



00 08 02 F7 C1   // передача: 5 байт; 19.20.41.245
// приём по количеству байт: 13 из 13

01 00 01 00 01 00 00 02 8F 5C 28 16 05   // прием: 13 байт; 19.20.41.387
// таймаут: 142 мсек

Ki*Ku = 1*1 = 1


К. преобразования



00 08 12 F6 0D   // передача: 5 байт; 19.20.41.410
// приём по количеству байт: 6 из 6

01 00 00 10 00 14   // прием: 6 байт; 19.20.41.543
// таймаут: 133 мсек

Kp = 5000*2 = 10000
*для использования в сумматоре СЭМ+2 К. преобразования необходимо умножать на 2

К. пропорциональности
Ke = Ki*Ku/Kp*2 = 0,0001




00 05 31 00 05 B5   // передача: 6 байт; 19.20.41.576
// приём по количеству байт: 19 из 19

01 00 02 48 99 00 00 00 00 00 00 B3 40 00 00 4D 73 58 48   // прием: 19 байт; 19.20.41.731
// таймаут: 155 мсек




00 05 32 00 05 45   // передача: 6 байт; 19.20.41.732
// приём по таймауту: 1000 мс

01 01 C1 E0   // прием: 4 байт; 19.20.42.875
// таймаут: 1143 мсек

Нет данных за месяц: 2



00 05 33 00 04 D5   // передача: 6 байт; 19.20.42.882
// приём по таймауту: 1000 мс

01 01 C1 E0   // прием: 4 байт; 19.20.44.28
// таймаут: 1146 мсек

Нет данных за месяц: 3



00 05 34 00 06 E5   // передача: 6 байт; 19.20.44.35
// приём по таймауту: 1000 мс

01 01 C1 E0   // прием: 4 байт; 19.20.45.182
// таймаут: 1147 мсек

Нет данных за месяц: 4



00 05 35 00 07 75   // передача: 6 байт; 19.20.45.189
// приём по таймауту: 1000 мс

01 01 C1 E0   // прием: 4 байт; 19.20.46.322
// таймаут: 1133 мсек

Нет данных за месяц: 5



00 05 36 00 07 85   // передача: 6 байт; 19.20.46.323
// приём по таймауту: 1000 мс

01 01 C1 E0   // прием: 4 байт; 19.20.47.462
// таймаут: 1139 мсек

Нет данных за месяц: 6



00 05 37 00 06 15   // передача: 6 байт; 19.20.47.464
// приём по таймауту: 1000 мс

01 01 C1 E0   // прием: 4 байт; 19.20.48.600
// таймаут: 1136 мсек

Нет данных за месяц: 7



00 05 38 00 03 E5   // передача: 6 байт; 19.20.48.602
// приём по таймауту: 1000 мс

01 01 C1 E0   // прием: 4 байт; 19.20.49.739
// таймаут: 1137 мсек

Нет данных за месяц: 8



00 05 39 00 02 75   // передача: 6 байт; 19.20.49.741
// приём по таймауту: 1000 мс

01 01 C1 E0   // прием: 4 байт; 19.20.50.877
// таймаут: 1136 мсек

Нет данных за месяц: 9



00 05 3A 00 02 85   // передача: 6 байт; 19.20.50.878
// приём по таймауту: 1000 мс

01 01 C1 E0   // прием: 4 байт; 19.20.52.16
// таймаут: 1138 мсек

Нет данных за месяц: 10



00 05 3B 00 03 15   // передача: 6 байт; 19.20.52.17
// приём по таймауту: 1000 мс

01 01 C1 E0   // прием: 4 байт; 19.20.53.188
// таймаут: 1171 мсек

Нет данных за месяц: 11



00 05 3C 00 01 25   // передача: 6 байт; 19.20.53.189
// приём по таймауту: 1000 мс

01 01 C1 E0   // прием: 4 байт; 19.20.54.324
// таймаут: 1135 мсек

Нет данных за месяц: 12


Импульсы по месяцам
            01.19       02.18       03.18       04.18       05.18       06.18       07.18       08.18       09.18       10.18       11.18       12.18       
            месяц 1     месяц 2     месяц 3     месяц 4     месяц 5     месяц 6     месяц 7     месяц 8     месяц 9     месяц 10    месяц 11    месяц 12    
канал A+    149657      нет         нет         нет         нет         нет         нет         нет         нет         нет         нет         нет         
канал A-    0           нет         нет         нет         нет         нет         нет         нет         нет         нет         нет         нет         
канал R+    45888       нет         нет         нет         нет         нет         нет         нет         нет         нет         нет         нет         
канал R-    19827       нет         нет         нет         нет         нет         нет         нет         нет         нет         нет         нет         

Энергия по месяцам
            01.19       02.18       03.18       04.18       05.18       06.18       07.18       08.18       09.18       10.18       11.18       12.18       
            месяц 1     месяц 2     месяц 3     месяц 4     месяц 5     месяц 6     месяц 7     месяц 8     месяц 9     месяц 10    месяц 11    месяц 12    
канал A+    14,9657     нет         нет         нет         нет         нет         нет         нет         нет         нет         нет         нет         
канал A-    0,0000      нет         нет         нет         нет         нет         нет         нет         нет         нет         нет         нет         
канал R+    4,5888      нет         нет         нет         нет         нет         нет         нет         нет         нет         нет         нет         
канал R-    1,9827      нет         нет         нет         нет         нет         нет         нет         нет         нет         нет         нет         



00 05 50 00 2C 25   // передача: 6 байт; 19.20.54.343
// приём по количеству байт: 19 из 19

01 00 00 10 31 00 00 00 00 00 00 00 00 00 00 03 B4 73 C6   // прием: 19 байт; 19.20.54.497
// таймаут: 154 мсек



Импульсы за предыдущие сутки
            всего       
канал A+    4145        
канал A-    0           
канал R+    0           
канал R-    948         

Энергия за предыдущие сутки
            всего       
канал A+    0,4145      
канал A-    0,0000      
канал R+    0,0000      
канал R-    0,0948      


Начало опроса: 19:20:40 24.01.19
Конец опроса:  19:20:54 24.01.19
Длительность опроса: - 14 секунд(а) 
 
Опрос успешно завершен

// версия от 6 сентября 2014 года
