

Cчетчик: номер 0

Открытие канала



00 01 30 30 30 30 30 30 0E 24   // передача: 10 байт; 19.26.36.71
// приём по таймауту: 1000 мс
Нет ответа от устройства, повтор: 1
Нет ответа от устройства, повтор: 1



00 01 30 30 30 30 30 30 0E 24   // передача: 10 байт; 19.26.37.87
// приём по таймауту: 1000 мс
Нет ответа от устройства, повтор: 2
Нет ответа от устройства, повтор: 2



00 01 30 30 30 30 30 30 0E 24   // передача: 10 байт; 19.26.38.89
// приём по таймауту: 1000 мс
Нет ответа от устройства, повтор: 3
Нет ответа от устройства, повтор: 3



00 01 30 30 30 30 30 30 0E 24   // передача: 10 байт; 19.26.39.104
// приём по таймауту: 1000 мс
Нет ответа от устройства, повтор: 4
Нет ответа от устройства, повтор: 4



00 01 30 30 30 30 30 30 0E 24   // передача: 10 байт; 19.26.40.120
// приём по таймауту: 1000 мс
Нет ответа от устройства, повтор: 5
Нет ответа от устройства, повтор: 5



00 01 30 30 30 30 30 30 0E 24   // передача: 10 байт; 19.26.41.134
// приём по таймауту: 1000 мс
Нет ответа от устройства, повтор: 6
Нет ответа от устройства, повтор: 6



00 01 30 30 30 30 30 30 0E 24   // передача: 10 байт; 19.26.42.148
// приём по количеству байт: 4 из 4

01 00 00 20   // прием: 4 байт; 19.26.42.273
// таймаут: 125 мсек

Канал открыт успешно


Время



00 04 00 73 00   // передача: 5 байт; 19.26.42.288
// приём по количеству байт: 11 из 11

01 33 26 19 01 21 01 19 01 AD C6   // прием: 11 байт; 19.26.42.429
// таймаут: 141 мсек

время счетчика:   19:26:33 21.01.19
день недели:      1 - понедельник
сезонное время:   1 - зима

время компьютера: 19:26:42 21.01.19
разница:           - 9 секунд(а) 


К. трансформации



00 08 02 F7 C1   // передача: 5 байт; 19.26.42.444
// приём по количеству байт: 13 из 13

01 00 01 00 01 00 00 02 8F 5C 28 16 05   // прием: 13 байт; 19.26.42.585
// таймаут: 141 мсек

Ki*Ku = 1*1 = 1


К. преобразования



00 08 12 F6 0D   // передача: 5 байт; 19.26.42.600
// приём по количеству байт: 6 из 6

01 00 00 10 00 14   // прием: 6 байт; 19.26.42.727
// таймаут: 127 мсек

Kp = 5000*2 = 10000
*для использования в сумматоре СЭМ+2 К. преобразования необходимо умножать на 2

К. пропорциональности
Ke = Ki*Ku/Kp*2 = 0,0001



00 05 00 00 10 25   // передача: 6 байт; 19.26.42.743
// приём по количеству байт: 19 из 19

01 00 02 7F 6F 00 00 00 00 00 00 F0 A0 00 00 44 7F AE F8   // прием: 19 байт; 19.26.42.901
// таймаут: 158 мсек



Импульсы всего
            всего       
канал A+    163695      
канал A-    0           
канал R+    61600       
канал R-    17535       

Энергия всего
            всего       
канал A+    16,3695     
канал A-    0,0000      
канал R+    6,1600      
канал R-    1,7535      



00 05 40 00 21 E5   // передача: 6 байт; 19.26.42.963
// приём по количеству байт: 19 из 19

01 00 00 05 31 00 00 00 00 00 00 00 00 00 00 01 3C 66 15   // прием: 19 байт; 19.26.43.119
// таймаут: 156 мсек



Импульсы за текущие сутки
            всего       
канал A+    1329        
канал A-    0           
канал R+    0           
канал R-    316         

Энергия за текущие сутки
            всего       
канал A+    0,1329      
канал A-    0,0000      
канал R+    0,0000      
канал R-    0,0316      



00 05 50 00 2C 25   // передача: 6 байт; 19.26.43.197
// приём по количеству байт: 19 из 19

01 00 02 7A 3E 00 00 00 00 00 00 F0 A0 00 00 43 43 6B 0D   // прием: 19 байт; 19.26.43.353
// таймаут: 156 мсек

// приём по таймауту: 1000 мс
Нет ответа от устройства, повтор: 1
Нет ответа от устройства, повтор: 1



00 05 50 00 2C 25   // передача: 6 байт; 19.26.44.369
// приём по количеству байт: 19 из 19

01 00 02 7A 3E 00 00 00 00 00 00 F0 A0 00 00 43 43 6B 0D   // прием: 19 байт; 19.26.44.525
// таймаут: 156 мсек

// приём по таймауту: 1000 мс
Нет ответа от устройства, повтор: 1
Нет ответа от устройства, повтор: 1



00 05 50 00 2C 25   // передача: 6 байт; 19.26.45.539
// приём по количеству байт: 19 из 19

01 00 02 7A 3E 00 00 00 00 00 00 F0 A0 00 00 43 43 6B 0D   // прием: 19 байт; 19.26.45.696
// таймаут: 157 мсек

// приём по таймауту: 1000 мс
Нет ответа от устройства, повтор: 1
Нет ответа от устройства, повтор: 1



00 05 50 00 2C 25   // передача: 6 байт; 19.26.46.712
// приём по количеству байт: 19 из 19

01 00 02 7A 3E 00 00 00 00 00 00 F0 A0 00 00 43 43 6B 0D   // прием: 19 байт; 19.26.46.868
// таймаут: 156 мсек

// приём по таймауту: 1000 мс
Нет ответа от устройства, повтор: 1
Нет ответа от устройства, повтор: 1



00 05 50 00 2C 25   // передача: 6 байт; 19.26.47.868
// приём по количеству байт: 19 из 19

01 00 02 7A 3E 00 00 00 00 00 00 F0 A0 00 00 43 43 6B 0D   // прием: 19 байт; 19.26.48.24
// таймаут: 156 мсек

// приём по таймауту: 1000 мс
Нет ответа от устройства, повтор: 1
Нет ответа от устройства, повтор: 1



00 05 50 00 2C 25   // передача: 6 байт; 19.26.49.40
// приём по количеству байт: 19 из 19

01 00 02 7A 3E 00 00 00 00 00 00 F0 A0 00 00 43 43 6B 0D   // прием: 19 байт; 19.26.49.196
// таймаут: 156 мсек

// приём по таймауту: 1000 мс
Нет ответа от устройства, повтор: 1
Нет ответа от устройства, повтор: 1



00 05 50 00 2C 25   // передача: 6 байт; 19.26.50.210
// приём по количеству байт: 19 из 19

01 00 02 7A 3E 00 00 00 00 00 00 F0 A0 00 00 43 43 6B 0D   // прием: 19 байт; 19.26.50.366
// таймаут: 156 мсек

// приём по таймауту: 1000 мс
Нет ответа от устройства, повтор: 1
Нет ответа от устройства, повтор: 1



00 05 50 00 2C 25   // передача: 6 байт; 19.26.51.392
// приём по количеству байт: 19 из 19

01 00 02 7A 3E 00 00 00 00 00 00 F0 A0 00 00 43 43 6B 0D   // прием: 19 байт; 19.26.51.548
// таймаут: 156 мсек

// приём по таймауту: 1000 мс
Нет ответа от устройства, повтор: 1
Нет ответа от устройства, повтор: 1



00 05 50 00 2C 25   // передача: 6 байт; 19.26.52.563
// приём по количеству байт: 19 из 19

01 00 02 7A 3E 00 00 00 00 00 00 F0 A0 00 00 43 43 6B 0D   // прием: 19 байт; 19.26.52.720
// таймаут: 157 мсек

// приём по таймауту: 1000 мс
Нет ответа от устройства, повтор: 1
Нет ответа от устройства, повтор: 1



00 05 50 00 2C 25   // передача: 6 байт; 19.26.53.736
// приём по количеству байт: 19 из 19

01 00 02 7A 3E 00 00 00 00 00 00 F0 A0 00 00 43 43 6B 0D   // прием: 19 байт; 19.26.53.892
// таймаут: 156 мсек

// приём по таймауту: 1000 мс
Нет ответа от устройства, повтор: 1
Нет ответа от устройства, повтор: 1



00 05 50 00 2C 25   // передача: 6 байт; 19.26.54.907
// приём по количеству байт: 19 из 19

01 00 02 7A 3E 00 00 00 00 00 00 F0 A0 00 00 43 43 6B 0D   // прием: 19 байт; 19.26.55.79
// таймаут: 172 мсек

// приём по таймауту: 1000 мс
Нет ответа от устройства, повтор: 1
Нет ответа от устройства, повтор: 1



00 05 50 00 2C 25   // передача: 6 байт; 19.26.56.109
// приём по количеству байт: 19 из 19

01 00 02 7A 3E 00 00 00 00 00 00 F0 A0 00 00 43 43 6B 0D   // прием: 19 байт; 19.26.56.267
// таймаут: 158 мсек

// приём по таймауту: 1000 мс
Нет ответа от устройства, повтор: 1
Нет ответа от устройства, повтор: 1



00 05 50 00 2C 25   // передача: 6 байт; 19.26.57.315
// приём по количеству байт: 19 из 19

01 00 02 7A 3E 00 00 00 00 00 00 F0 A0 00 00 43 43 6B 0D   // прием: 19 байт; 19.26.57.455
// таймаут: 140 мсек

// приём по таймауту: 1000 мс
Нет ответа от устройства, повтор: 1
Нет ответа от устройства, повтор: 1



00 05 50 00 2C 25   // передача: 6 байт; 19.26.58.485
// приём по количеству байт: 19 из 19

01 00 02 7A 3E 00 00 00 00 00 00 F0 A0 00 00 43 43 6B 0D   // прием: 19 байт; 19.26.58.641
// таймаут: 156 мсек

// приём по таймауту: 1000 мс
Нет ответа от устройства, повтор: 1
Нет ответа от устройства, повтор: 1



00 05 50 00 2C 25   // передача: 6 байт; 19.26.59.673
// приём по количеству байт: 19 из 19

01 00 02 7A 3E 00 00 00 00 00 00 F0 A0 00 00 43 43 6B 0D   // прием: 19 байт; 19.26.59.829
// таймаут: 156 мсек

// приём по таймауту: 1000 мс
Нет ответа от устройства, повтор: 1
Нет ответа от устройства, повтор: 1



00 05 50 00 2C 25   // передача: 6 байт; 19.27.00.877
// приём по количеству байт: 19 из 19

01 00 02 7A 3E 00 00 00 00 00 00 F0 A0 00 00 43 43 6B 0D   // прием: 19 байт; 19.27.01.17
// таймаут: 140 мсек

// приём по таймауту: 1000 мс
Нет ответа от устройства, повтор: 1
Нет ответа от устройства, повтор: 1



00 05 50 00 2C 25   // передача: 6 байт; 19.27.02.64
// приём по количеству байт: 19 из 19

01 00 02 7A 3E 00 00 00 00 00 00 F0 A0 00 00 43 43 6B 0D   // прием: 19 байт; 19.27.02.205
// таймаут: 141 мсек

// приём по таймауту: 1000 мс
Нет ответа от устройства, повтор: 1
Нет ответа от устройства, повтор: 1



00 05 50 00 2C 25   // передача: 6 байт; 19.27.03.236
// приём по количеству байт: 19 из 19

01 00 02 7A 3E 00 00 00 00 00 00 F0 A0 00 00 43 43 6B 0D   // прием: 19 байт; 19.27.03.377
// таймаут: 141 мсек

// приём по таймауту: 1000 мс
Нет ответа от устройства, повтор: 1
Нет ответа от устройства, повтор: 1



00 05 50 00 2C 25   // передача: 6 байт; 19.27.04.423
// приём по количеству байт: 19 из 19

01 00 02 7A 3E 00 00 00 00 00 00 F0 A0 00 00 43 43 6B 0D   // прием: 19 байт; 19.27.04.563
// таймаут: 140 мсек

// приём по таймауту: 1000 мс
Нет ответа от устройства, повтор: 1
Нет ответа от устройства, повтор: 1



00 05 50 00 2C 25   // передача: 6 байт; 19.27.05.610
// приём по количеству байт: 19 из 19

01 00 02 7A 3E 00 00 00 00 00 00 F0 A0 00 00 43 43 6B 0D   // прием: 19 байт; 19.27.05.752
// таймаут: 142 мсек

// приём по таймауту: 1000 мс
Нет ответа от устройства, повтор: 1
Нет ответа от устройства, повтор: 1



00 05 50 00 2C 25   // передача: 6 байт; 19.27.06.799
// приём по количеству байт: 19 из 19

01 00 02 7A 3E 00 00 00 00 00 00 F0 A0 00 00 43 43 6B 0D   // прием: 19 байт; 19.27.06.939
// таймаут: 140 мсек

// приём по таймауту: 1000 мс
Нет ответа от устройства, повтор: 1
Нет ответа от устройства, повтор: 1



00 05 50 00 2C 25   // передача: 6 байт; 19.27.07.970
// приём по количеству байт: 19 из 19

01 00 02 7A 3E 00 00 00 00 00 00 F0 A0 00 00 43 43 6B 0D   // прием: 19 байт; 19.27.08.126
// таймаут: 156 мсек

// приём по таймауту: 1000 мс
Нет ответа от устройства, повтор: 1
Нет ответа от устройства, повтор: 1



00 05 50 00 2C 25   // передача: 6 байт; 19.27.09.157
// приём по количеству байт: 19 из 19

01 00 02 7A 3E 00 00 00 00 00 00 F0 A0 00 00 43 43 6B 0D   // прием: 19 байт; 19.27.09.315
// таймаут: 158 мсек

// приём по таймауту: 1000 мс
Нет ответа от устройства, повтор: 1
Нет ответа от устройства, повтор: 1



00 05 50 00 2C 25   // передача: 6 байт; 19.27.10.363
// приём по количеству байт: 19 из 19

01 00 02 7A 3E 00 00 00 00 00 00 F0 A0 00 00 43 43 6B 0D   // прием: 19 байт; 19.27.10.507
// таймаут: 144 мсек

// приём по таймауту: 1000 мс
Нет ответа от устройства, повтор: 1
Нет ответа от устройства, повтор: 1



00 05 50 00 2C 25   // передача: 6 байт; 19.27.11.535
// приём по количеству байт: 19 из 19

01 00 02 7A 3E 00 00 00 00 00 00 F0 A0 00 00 43 43 6B 0D   // прием: 19 байт; 19.27.11.689
// таймаут: 154 мсек

// приём по таймауту: 1000 мс
Нет ответа от устройства, повтор: 1
Нет ответа от устройства, повтор: 1



00 05 50 00 2C 25   // передача: 6 байт; 19.27.12.719
// приём по количеству байт: 19 из 19

01 00 02 7A 3E 00 00 00 00 00 00 F0 A0 00 00 43 43 6B 0D   // прием: 19 байт; 19.27.12.860
// таймаут: 141 мсек

// приём по таймауту: 1000 мс
Нет ответа от устройства, повтор: 1
Нет ответа от устройства, повтор: 1



00 05 50 00 2C 25   // передача: 6 байт; 19.27.13.909
// приём по количеству байт: 19 из 19

01 00 02 7A 3E 00 00 00 00 00 00 F0 A0 00 00 43 43 6B 0D   // прием: 19 байт; 19.27.14.49
// таймаут: 140 мсек


// версия от 6 сентября 2014 года
