

Cчетчик: номер 0

Открытие канала



00 01 30 30 30 30 30 30 0E 24   // передача: 10 байт; 19.27.43.677
// приём по количеству байт: 4 из 4

01 00 00 20   // прием: 4 байт; 19.27.43.802
// таймаут: 125 мсек

Канал открыт успешно


Время



00 04 00 73 00   // передача: 5 байт; 19.27.43.817
// приём по количеству байт: 11 из 11

01 35 27 19 01 21 01 19 01 3D 2C   // прием: 11 байт; 19.27.43.958
// таймаут: 141 мсек

время счетчика:   19:27:35 21.01.19
день недели:      1 - понедельник
сезонное время:   1 - зима

время компьютера: 19:27:43 21.01.19
разница:           - 8 секунд(а) 


К. трансформации



00 08 02 F7 C1   // передача: 5 байт; 19.27.43.958
// приём по количеству байт: 13 из 13

01 00 01 00 01 00 00 02 8F 5C 28 16 05   // прием: 13 байт; 19.27.44.98
// таймаут: 140 мсек

Ki*Ku = 1*1 = 1


К. преобразования



00 08 12 F6 0D   // передача: 5 байт; 19.27.44.114
// приём по количеству байт: 6 из 6

01 00 00 10 00 14   // прием: 6 байт; 19.27.44.238
// таймаут: 124 мсек

Kp = 5000*2 = 10000
*для использования в сумматоре СЭМ+2 К. преобразования необходимо умножать на 2

К. пропорциональности
Ke = Ki*Ku/Kp*2 = 0,0001



00 05 00 00 10 25   // передача: 6 байт; 19.27.44.254
// приём по количеству байт: 19 из 19

01 00 02 7F 81 00 00 00 00 00 00 F0 A0 00 00 44 83 C6 56   // прием: 19 байт; 19.27.44.410
// таймаут: 156 мсек



Импульсы всего
            всего       
канал A+    163713      
канал A-    0           
канал R+    61600       
канал R-    17539       

Энергия всего
            всего       
канал A+    16,3713     
канал A-    0,0000      
канал R+    6,1600      
канал R-    1,7539      



00 05 40 00 21 E5   // передача: 6 байт; 19.27.44.457
// приём по количеству байт: 19 из 19

01 00 00 05 43 00 00 00 00 00 00 00 00 00 00 01 40 DF 86   // прием: 19 байт; 19.27.44.613
// таймаут: 156 мсек



Импульсы за текущие сутки
            всего       
канал A+    1347        
канал A-    0           
канал R+    0           
канал R-    320         

Энергия за текущие сутки
            всего       
канал A+    0,1347      
канал A-    0,0000      
канал R+    0,0000      
канал R-    0,0320      



00 05 50 00 2C 25   // передача: 6 байт; 19.27.44.676
// приём по количеству байт: 19 из 19

01 00 02 7A 3E 00 00 00 00 00 00 F0 A0 00 00 43 43 6B 0D   // прием: 19 байт; 19.27.44.832
// таймаут: 156 мсек



Импульсы за предыдущие сутки
            всего       
канал A+    162366      
канал A-    0           
канал R+    61600       
канал R-    17219       

Энергия за предыдущие сутки
            всего       
канал A+    16,2366     
канал A-    0,0000      
канал R+    6,1600      
канал R-    1,7219      


Начало опроса: 19:27:43 21.01.19
Конец опроса:  19:27:44 21.01.19
Длительность опроса: - 1 секунд(а) 
 
Опрос успешно завершен

// версия от 6 сентября 2014 года
