

Cчетчик: номер 0

Открытие канала



00 01 30 30 30 30 30 30 0E 24   // передача: 10 байт; 19.31.14.655
// приём по количеству байт: 4 из 4

01 00 00 20   // прием: 4 байт; 19.31.14.792
// таймаут: 137 мсек

Канал открыт успешно


Время



00 04 00 73 00   // передача: 5 байт; 19.31.14.795
// приём по количеству байт: 11 из 11

01 06 31 19 01 21 01 19 01 09 EC   // прием: 11 байт; 19.31.14.936
// таймаут: 141 мсек

время счетчика:   19:31:06 21.01.19
день недели:      1 - понедельник
сезонное время:   1 - зима

время компьютера: 19:31:14 21.01.19
разница:           - 8 секунд(а) 


К. трансформации



00 08 02 F7 C1   // передача: 5 байт; 19.31.14.936
// приём по количеству байт: 13 из 13

01 00 01 00 01 00 00 02 8F 5C 28 16 05   // прием: 13 байт; 19.31.15.77
// таймаут: 141 мсек

Ki*Ku = 1*1 = 1


К. преобразования



00 08 12 F6 0D   // передача: 5 байт; 19.31.15.92
// приём по количеству байт: 6 из 6

01 00 00 10 00 14   // прием: 6 байт; 19.31.15.218
// таймаут: 126 мсек

Kp = 5000*2 = 10000
*для использования в сумматоре СЭМ+2 К. преобразования необходимо умножать на 2

К. пропорциональности
Ke = Ki*Ku/Kp*2 = 0,0001



00 05 00 00 10 25   // передача: 6 байт; 19.31.15.234
// приём по количеству байт: 19 из 19

01 00 02 7F C0 00 00 00 00 00 00 F0 A0 00 00 44 92 FA 1B   // прием: 19 байт; 19.31.15.392
// таймаут: 158 мсек



Импульсы всего
            всего       
канал A+    163776      
канал A-    0           
канал R+    61600       
канал R-    17554       

Энергия всего
            всего       
канал A+    16,3776     
канал A-    0,0000      
канал R+    6,1600      
канал R-    1,7554      



00 05 40 00 21 E5   // передача: 6 байт; 19.31.15.439
// приём по количеству байт: 19 из 19

01 00 00 05 82 00 00 00 00 00 00 00 00 00 00 01 4F 9C 02   // прием: 19 байт; 19.31.15.595
// таймаут: 156 мсек



Импульсы за текущие сутки
            всего       
канал A+    1410        
канал A-    0           
канал R+    0           
канал R-    335         

Энергия за текущие сутки
            всего       
канал A+    0,1410      
канал A-    0,0000      
канал R+    0,0000      
канал R-    0,0335      



00 05 50 00 2C 25   // передача: 6 байт; 19.31.15.677
// приём по количеству байт: 19 из 19

01 00 02 7A 3E 00 00 00 00 00 00 F0 A0 00 00 43 43 6B 0D   // прием: 19 байт; 19.31.15.838
// таймаут: 161 мсек



Импульсы за предыдущие сутки
            всего       
канал A+    162366      
канал A-    0           
канал R+    61600       
канал R-    17219       

Энергия за предыдущие сутки
            всего       
канал A+    16,2366     
канал A-    0,0000      
канал R+    6,1600      
канал R-    1,7219      


Начало опроса: 19:31:14 21.01.19
Конец опроса:  19:31:15 21.01.19
Длительность опроса: - 1 секунд(а) 
 
Опрос успешно завершен


Cчетчик: номер 0

Открытие канала



00 01 30 30 30 30 30 30 0E 24   // передача: 10 байт; 19.33.28.292
// приём по количеству байт: 4 из 4

00 00 01 B0   // прием: 4 байт; 19.33.28.433
// таймаут: 141 мсек

Канал открыт успешно


Время



00 04 00 73 00   // передача: 5 байт; 19.33.28.464
// приём по количеству байт: 11 из 11

00 20 33 19 01 21 01 19 00 64 4E   // прием: 11 байт; 19.33.28.622
// таймаут: 158 мсек

время счетчика:   19:33:20 21.01.19
день недели:      1 - понедельник
сезонное время:   0 - лето

время компьютера: 19:33:28 21.01.19
разница:           - 8 секунд(а) 


К. трансформации



00 08 02 F7 C1   // передача: 5 байт; 19.33.28.669
// приём по количеству байт: 13 из 13

00 00 01 00 01 00 00 00 00 00 00 1B B4   // прием: 13 байт; 19.33.28.825
// таймаут: 156 мсек

Ki*Ku = 1*1 = 1


К. преобразования



00 08 12 F6 0D   // передача: 5 байт; 19.33.28.840
// приём по количеству байт: 6 из 6

00 64 02 00 40 9B   // прием: 6 байт; 19.33.28.981
// таймаут: 141 мсек

Kp = 1250*2 = 2500
*для использования в сумматоре СЭМ+2 К. преобразования необходимо умножать на 2

К. пропорциональности
Ke = Ki*Ku/Kp*2 = 0,0004



00 05 00 00 10 25   // передача: 6 байт; 19.33.28.996
// приём по количеству байт: 19 из 19

00 00 EA 70 84 00 87 10 CD 00 02 30 41 00 0E B2 16 AE EE   // прием: 19 байт; 19.33.29.194
// таймаут: 198 мсек



Импульсы всего
            всего       
канал A+    15364228    
канал A-    8851661     
канал R+    143425      
канал R-    963094      

Энергия всего
            всего       
канал A+    6145,6912   
канал A-    3540,6644   
канал R+    57,3700     
канал R-    385,2376    



00 05 40 00 21 E5   // передача: 6 байт; 19.33.29.241
// приём по количеству байт: 19 из 19

00 00 00 01 6A 00 00 00 00 00 00 00 00 00 00 00 C5 29 48   // прием: 19 байт; 19.33.29.428
// таймаут: 187 мсек



Импульсы за текущие сутки
            всего       
канал A+    362         
канал A-    0           
канал R+    0           
канал R-    197         

Энергия за текущие сутки
            всего       
канал A+    0,1448      
канал A-    0,0000      
канал R+    0,0000      
канал R-    0,0788      



00 05 50 00 2C 25   // передача: 6 байт; 19.33.29.491
// приём по количеству байт: 19 из 19

00 00 00 07 40 00 00 00 00 00 00 00 00 00 00 03 D6 09 19   // прием: 19 байт; 19.33.29.664
// таймаут: 173 мсек



Импульсы за предыдущие сутки
            всего       
канал A+    1856        
канал A-    0           
канал R+    0           
канал R-    982         

Энергия за предыдущие сутки
            всего       
канал A+    0,7424      
канал A-    0,0000      
канал R+    0,0000      
канал R-    0,3928      


Начало опроса: 19:33:28 21.01.19
Конец опроса:  19:33:29 21.01.19
Длительность опроса: - 1 секунд(а) 
 
Опрос успешно завершен

// версия от 6 сентября 2014 года
