

Cчетчик: номер 0

Открытие канала



00 01 30 30 30 30 30 30 0E 24   // передача: 10 байт; 07.42.05.437
// приём по количеству байт: 4 из 4

01 00 00 20   // прием: 4 байт; 07.42.05.885
// таймаут: 448 мсек

Канал открыт успешно


Время



00 04 00 73 00   // передача: 5 байт; 07.42.05.888
// приём по количеству байт: 11 из 11

01 58 41 07 01 21 01 19 01 FF 25   // прием: 11 байт; 07.42.06.341
// таймаут: 453 мсек

время счетчика:   07:41:58 21.01.19
день недели:      1 - понедельник
сезонное время:   1 - зима

время компьютера: 07:42:06 21.01.19
разница:           - 8 секунд(а) 


К. трансформации



00 08 02 F7 C1   // передача: 5 байт; 07.42.06.349
// приём по количеству байт: 13 из 13

01 00 01 00 01 00 00 02 8F 5C 28 16 05   // прием: 13 байт; 07.42.06.803
// таймаут: 454 мсек

Ki*Ku = 1*1 = 1


К. преобразования



00 08 12 F6 0D   // передача: 5 байт; 07.42.06.809
// приём по количеству байт: 6 из 6

01 00 00 10 00 14   // прием: 6 байт; 07.42.07.252
// таймаут: 443 мсек

Kp = 5000*2 = 10000
*для использования в сумматоре СЭМ+2 К. преобразования необходимо умножать на 2

К. пропорциональности
Ke = Ki*Ku/Kp*2 = 0,0001



00 05 00 00 10 25   // передача: 6 байт; 07.42.07.260
// приём по количеству байт: 19 из 19

01 00 02 7A 9F 00 00 00 00 00 00 F0 A0 00 00 43 5B E9 27   // прием: 19 байт; 07.42.07.726
// таймаут: 466 мсек



Импульсы всего
            всего       
канал A+    162463      
канал A-    0           
канал R+    61600       
канал R-    17243       

Энергия всего
            всего       
канал A+    16,2463     
канал A-    0,0000      
канал R+    6,1600      
канал R-    1,7243      



00 05 40 00 21 E5   // передача: 6 байт; 07.42.07.782
// приём по количеству байт: 19 из 19

01 00 00 00 62 00 00 00 00 00 00 00 00 00 00 00 18 A7 08   // прием: 19 байт; 07.42.08.246
// таймаут: 464 мсек



Импульсы за текущие сутки
            всего       
канал A+    98          
канал A-    0           
канал R+    0           
канал R-    24          

Энергия за текущие сутки
            всего       
канал A+    0,0098      
канал A-    0,0000      
канал R+    0,0000      
канал R-    0,0024      


Начало опроса: 07:42:05 21.01.19
Конец опроса:  07:42:08 21.01.19
Длительность опроса: - 3 секунд(а) 
 
Опрос успешно завершен

// версия от 6 сентября 2014 года
