

Cчетчик: номер 0

Открытие канала



00 01 30 30 30 30 30 30 0E 24   // передача: 10 байт; 20.56.49.470
// приём по количеству байт: 4 из 4

00 00 01 B0   // прием: 4 байт; 20.56.49.626
// таймаут: 156 мсек

Канал открыт успешно


Версия



00 08 03 36 01   // передача: 5 байт; 20.56.49.626
// приём по количеству байт: 6 из 6

00 23 24 01 2B 2E   // прием: 6 байт; 20.56.49.782
// таймаут: 156 мсек

23.24.1


Конфигурация



00 08 09 B6 06   // передача: 5 байт; 20.56.49.782
// приём по количеству байт: 5 из 5

00 00 01 B0 00   // прием: 5 байт; 20.56.49.923
// таймаут: 141 мсек

флаги: 00 01
флаг 0x01.0 = 1, нет - автоматическому переходу на летнее/зимнее время


Начало опроса: 20:56:49 21.01.19
Конец опроса:  20:56:49 21.01.19
Длительность опроса: - 0 секунд(а) 
 
Опрос успешно завершен

// версия от 6 сентября 2014 года
