

Cчетчик: номер 0

Открытие канала



00 01 30 30 30 30 30 30 0E 24   // передача: 10 байт; 08.09.21.523
// приём по таймауту: 1000 мс
Нет ответа от устройства, повтор: 1
Нет ответа от устройства, повтор: 1



00 01 30 30 30 30 30 30 0E 24   // передача: 10 байт; 08.09.22.537
// приём по таймауту: 1000 мс
Нет ответа от устройства, повтор: 2
Нет ответа от устройства, повтор: 2



00 01 30 30 30 30 30 30 0E 24   // передача: 10 байт; 08.09.23.551
// приём по таймауту: 1000 мс
Нет ответа от устройства, повтор: 3
Нет ответа от устройства, повтор: 3



00 01 30 30 30 30 30 30 0E 24   // передача: 10 байт; 08.09.24.565
// приём по таймауту: 1000 мс
Нет ответа от устройства, повтор: 4
Нет ответа от устройства, повтор: 4



00 01 30 30 30 30 30 30 0E 24   // передача: 10 байт; 08.09.25.579
// приём по таймауту: 1000 мс
Нет ответа от устройства, повтор: 5
Нет ответа от устройства, повтор: 5



00 01 30 30 30 30 30 30 0E 24   // передача: 10 байт; 08.09.26.593
// приём по таймауту: 1000 мс
Нет ответа от устройства, повтор: 6
Нет ответа от устройства, повтор: 6



00 01 30 30 30 30 30 30 0E 24   // передача: 10 байт; 08.09.27.607
// приём по таймауту: 1000 мс
Нет ответа от устройства, повтор: 7
Нет ответа от устройства, повтор: 7



00 01 30 30 30 30 30 30 0E 24   // передача: 10 байт; 08.09.28.621
// приём по таймауту: 1000 мс
Нет ответа от устройства, повтор: 8
Нет ответа от устройства, повтор: 8



00 01 30 30 30 30 30 30 0E 24   // передача: 10 байт; 08.09.29.635
// приём по таймауту: 1000 мс
Нет ответа от устройства, повтор: 9
Нет ответа от устройства, повтор: 9



00 01 30 30 30 30 30 30 0E 24   // передача: 10 байт; 08.09.30.649
// приём по таймауту: 1000 мс
Нет ответа от устройства, повтор: 10
Нет ответа от устройства, повтор: 10



00 01 30 30 30 30 30 30 0E 24   // передача: 10 байт; 08.09.31.663
// приём по таймауту: 1000 мс
Нет ответа от устройства, повтор: 11
Нет ответа от устройства, повтор: 11



00 01 30 30 30 30 30 30 0E 24   // передача: 10 байт; 08.09.32.677
// приём по таймауту: 1000 мс
Нет ответа от устройства, повтор: 12
Нет ответа от устройства, повтор: 12



00 01 30 30 30 30 30 30 0E 24   // передача: 10 байт; 08.09.33.691
// приём по таймауту: 1000 мс
Нет ответа от устройства, повтор: 13
Нет ответа от устройства, повтор: 13



00 01 30 30 30 30 30 30 0E 24   // передача: 10 байт; 08.09.34.705
// приём по количеству байт: 4 из 4

01 00 00 20   // прием: 4 байт; 08.09.35.142
// таймаут: 437 мсек

Канал открыт успешно


Время



00 04 00 73 00   // передача: 5 байт; 08.09.35.157
// приём по количеству байт: 11 из 11

01 19 09 08 05 25 01 19 01 02 D2   // прием: 11 байт; 08.09.35.610
// таймаут: 453 мсек

время счетчика:   08:09:19 25.01.19
день недели:      5 - пятница
сезонное время:   1 - зима

время компьютера: 08:09:35 25.01.19
разница:           - 16 секунд(а) 


Начало опроса: 08:09:21 25.01.19
Конец опроса:  08:09:35 25.01.19
Длительность опроса: - 14 секунд(а) 
 
Опрос успешно завершен

// версия от 6 сентября 2014 года
