

Cчетчик: номер 0

Открытие канала



00 01 30 30 30 30 30 30 0E 24   // передача: 10 байт; 08.08.08.995
// приём по количеству байт: 4 из 4

01 00 00 20   // прием: 4 байт; 08.08.09.432
// таймаут: 437 мсек

Канал открыт успешно


Время



00 04 00 73 00   // передача: 5 байт; 08.08.09.432
// приём по количеству байт: 11 из 11

01 54 07 08 05 25 01 19 01 28 BB   // прием: 11 байт; 08.08.09.884
// таймаут: 452 мсек

время счетчика:   08:07:54 25.01.19
день недели:      5 - пятница
сезонное время:   1 - зима

время компьютера: 08:08:09 25.01.19
разница:           - 15 секунд(а) 


Начало опроса: 08:08:08 25.01.19
Конец опроса:  08:08:09 25.01.19
Длительность опроса: - 1 секунд(а) 
 
Опрос успешно завершен

// версия от 6 сентября 2014 года
