
Открытие канала



00 01 30 30 30 30 30 30 0E 24   // передача: 10 байт; 08.00.58.971
// приём по количеству байт: 4 из 4

01 00 00 20   // прием: 4 байт; 08.00.59.423
// таймаут: 452 мсек

Канал открыт успешно


Время



00 04 00 73 00   // передача: 5 байт; 08.00.59.423
// приём по количеству байт: 11 из 11

01 44 00 08 05 25 01 19 01 5F 77   // прием: 11 байт; 08.00.59.875
// таймаут: 452 мсек

время счетчика:   08:00:44 25.01.19
день недели:      5 - пятница
сезонное время:   1 - зима

время компьютера: 08:00:59 25.01.19
разница:           - 15 секунд(а) 


Конфигурация



00 08 09 B6 06   // передача: 5 байт; 08.00.59.875
// приём по количеству байт: 5 из 5

01 00 01 E1 C0   // прием: 5 байт; 08.01.00.328
// таймаут: 453 мсек

флаги: 00 01
флаг 0x01.0 = 1, нет - автоматическому переходу на летнее/зимнее время


Время перехода на летнее время



00 08 07 37 C2   // передача: 5 байт; 08.01.00.328
// приём по количеству байт: 6 из 6

01 02 07 03 E2 29   // прием: 6 байт; 08.01.00.780
// таймаут: 452 мсек

час:              2
день недели:      7 - воскресенье
месяц:            3


Время перехода на зимнее время



00 08 08 77 C6   // передача: 5 байт; 08.01.00.796
// приём по количеству байт: 6 из 6

01 02 07 10 A3 E4   // прием: 6 байт; 08.01.01.233
// таймаут: 437 мсек

час:              2
день недели:      7 - воскресенье
месяц:            10

Чтение времени - проведено успешно

Открытие канала



00 01 30 30 30 30 30 30 0E 24   // передача: 10 байт; 08.01.04.765
// приём по количеству байт: 4 из 4

01 00 00 20   // прием: 4 байт; 08.01.05.218
// таймаут: 453 мсек

Канал открыт успешно


Коррекция времени
время коррекции:  08:01:05



00 03 0D 05 01 08 56 E0   // передача: 8 байт; 08.01.05.249
// приём по количеству байт: 4 из 4

01 01 C1 E0   // прием: 4 байт; 08.01.05.686
// таймаут: 437 мсек

Внимание: Коррекция времени невозможна - переход в другой час или величина коррекции больше плюс/минус 2 минуты

Открытие канала



00 01 30 30 30 30 30 30 0E 24   // передача: 10 байт; 08.01.11.722
// приём по количеству байт: 4 из 4

01 00 00 20   // прием: 4 байт; 08.01.12.159
// таймаут: 437 мсек

Канал открыт успешно


Установка времени
время установки:  08:01:12 25.01.19
день недели:      5 - пятница
сезонное время:   1 - зима



00 03 0C 12 01 08 05 25 01 19 01 6E 2A   // передача: 13 байт; 08.01.12.190
// приём по количеству байт: 4 из 4

01 01 C1 E0   // прием: 4 байт; 08.01.12.643
// таймаут: 453 мсек

Внимание: Ошибка установки времени - код 01

// версия от 6 сентября 2014 года
