

Cчетчик: номер 0

Открытие канала



00 01 30 30 30 30 30 30 0E 24   // передача: 10 байт; 07.58.02.187
// приём по таймауту: 1000 мс
Нет ответа от устройства, повтор: 1
Нет ответа от устройства, повтор: 1



00 01 30 30 30 30 30 30 0E 24   // передача: 10 байт; 07.58.03.201
// приём по таймауту: 1000 мс
Нет ответа от устройства, повтор: 2
Нет ответа от устройства, повтор: 2



00 01 30 30 30 30 30 30 0E 24   // передача: 10 байт; 07.58.04.215
// приём по таймауту: 1000 мс
Нет ответа от устройства, повтор: 3
Нет ответа от устройства, повтор: 3



00 01 30 30 30 30 30 30 0E 24   // передача: 10 байт; 07.58.05.229
// приём по таймауту: 1000 мс
Нет ответа от устройства, повтор: 4
Нет ответа от устройства, повтор: 4



00 01 30 30 30 30 30 30 0E 24   // передача: 10 байт; 07.58.06.243
// приём по таймауту: 1000 мс
Нет ответа от устройства, повтор: 5
Нет ответа от устройства, повтор: 5



00 01 30 30 30 30 30 30 0E 24   // передача: 10 байт; 07.58.07.257
// приём по таймауту: 1000 мс
Нет ответа от устройства, повтор: 6
Нет ответа от устройства, повтор: 6



00 01 30 30 30 30 30 30 0E 24   // передача: 10 байт; 07.58.08.271
// приём по таймауту: 1000 мс
Нет ответа от устройства, повтор: 7
Нет ответа от устройства, повтор: 7



00 01 30 30 30 30 30 30 0E 24   // передача: 10 байт; 07.58.09.285
// приём по таймауту: 1000 мс
Нет ответа от устройства, повтор: 8
Нет ответа от устройства, повтор: 8



00 01 30 30 30 30 30 30 0E 24   // передача: 10 байт; 07.58.10.299
// приём по таймауту: 1000 мс
Нет ответа от устройства, повтор: 9
Нет ответа от устройства, повтор: 9



00 01 30 30 30 30 30 30 0E 24   // передача: 10 байт; 07.58.11.313
// приём по таймауту: 1000 мс
Нет ответа от устройства, повтор: 10
Нет ответа от устройства, повтор: 10



00 01 30 30 30 30 30 30 0E 24   // передача: 10 байт; 07.58.12.327
// приём по количеству байт: 4 из 4

01 00 00 20   // прием: 4 байт; 07.58.12.764
// таймаут: 437 мсек

Канал открыт успешно


Время



00 04 00 73 00   // передача: 5 байт; 07.58.12.764
// приём по количеству байт: 11 из 11

01 57 57 07 05 25 01 19 01 38 54   // прием: 11 байт; 07.58.13.217
// таймаут: 453 мсек

время счетчика:   07:57:57 25.01.19
день недели:      5 - пятница
сезонное время:   1 - зима

время компьютера: 07:58:13 25.01.19
разница:           - 16 секунд(а) 


К. трансформации



00 08 02 F7 C1   // передача: 5 байт; 07.58.13.217
// приём по количеству байт: 13 из 13

01 00 01 00 01 00 00 02 8F 5C 28 16 05   // прием: 13 байт; 07.58.13.685
// таймаут: 468 мсек

Ki*Ku = 1*1 = 1


К. преобразования



00 08 12 F6 0D   // передача: 5 байт; 07.58.13.685
// приём по количеству байт: 6 из 6

01 00 00 10 00 14   // прием: 6 байт; 07.58.14.121
// таймаут: 436 мсек

Kp = 5000*2 = 10000
*для использования в сумматоре СЭМ+2 К. преобразования необходимо умножать на 2

К. пропорциональности
Ke = Ki*Ku/Kp*2 = 0,0001




00 05 31 00 05 B5   // передача: 6 байт; 07.58.14.121
// приём по количеству байт: 19 из 19

01 00 02 53 3E 00 00 00 00 00 00 B3 40 00 00 50 1B C0 0B   // прием: 19 байт; 07.58.14.589
// таймаут: 468 мсек




00 05 32 00 05 45   // передача: 6 байт; 07.58.14.589
// приём по таймауту: 1000 мс

01 01 C1 E0   // прием: 4 байт; 07.58.16.56
// таймаут: 1467 мсек

Нет данных за месяц: 2



00 05 33 00 04 D5   // передача: 6 байт; 07.58.16.56
// приём по таймауту: 1000 мс

01 01 C1 E0   // прием: 4 байт; 07.58.17.507
// таймаут: 1451 мсек

Нет данных за месяц: 3



00 05 34 00 06 E5   // передача: 6 байт; 07.58.17.507
// приём по количеству байт: 4 из 0

01 01 C1 E0   // прием: 4 байт; 07.58.17.943
// таймаут: 436 мсек


// версия от 6 сентября 2014 года
// приём по таймауту: 1000 мс


Cчетчик: номер 0

Открытие канала



00 01 30 30 30 30 30 30 0E 24   // передача: 10 байт; 07.58.22.764
// приём по количеству байт: 4 из 4

01 00 00 20   // прием: 4 байт; 07.58.23.216
// таймаут: 452 мсек

Канал открыт успешно


Время



00 04 00 73 00   // передача: 5 байт; 07.58.23.216
// приём по количеству байт: 11 из 11

01 07 58 07 05 25 01 19 01 C2 68   // прием: 11 байт; 07.58.23.669
// таймаут: 453 мсек

время счетчика:   07:58:07 25.01.19
день недели:      5 - пятница
сезонное время:   1 - зима

время компьютера: 07:58:23 25.01.19
разница:           - 16 секунд(а) 


Начало опроса: 07:58:22 25.01.19
Конец опроса:  07:58:23 25.01.19
Длительность опроса: - 1 секунд(а) 
 
Опрос успешно завершен

Открытие канала



00 01 30 30 30 30 30 30 0E 24   // передача: 10 байт; 07.58.28.05
// приём по количеству байт: 4 из 4

01 00 00 20   // прием: 4 байт; 07.58.28.458
// таймаут: 453 мсек

Канал открыт успешно


Время



00 04 00 73 00   // передача: 5 байт; 07.58.28.458
// приём по количеству байт: 11 из 11

01 13 58 07 05 25 01 19 01 C2 97   // прием: 11 байт; 07.58.28.910
// таймаут: 452 мсек

время счетчика:   07:58:13 25.01.19
день недели:      5 - пятница
сезонное время:   1 - зима

время компьютера: 07:58:28 25.01.19
разница:           - 15 секунд(а) 


Конфигурация



00 08 09 B6 06   // передача: 5 байт; 07.58.28.941
// приём по количеству байт: 5 из 5

01 00 01 E1 C0   // прием: 5 байт; 07.58.29.394
// таймаут: 453 мсек

флаги: 00 01
флаг 0x01.0 = 1, нет - автоматическому переходу на летнее/зимнее время


Время перехода на летнее время



00 08 07 37 C2   // передача: 5 байт; 07.58.29.409
// приём по количеству байт: 6 из 6

01 02 07 03 E2 29   // прием: 6 байт; 07.58.29.862
// таймаут: 453 мсек

час:              2
день недели:      7 - воскресенье
месяц:            3


Время перехода на зимнее время



00 08 08 77 C6   // передача: 5 байт; 07.58.29.893
// приём по количеству байт: 6 из 6

01 02 07 10 A3 E4   // прием: 6 байт; 07.58.30.330
// таймаут: 437 мсек

час:              2
день недели:      7 - воскресенье
месяц:            10

Чтение времени - проведено успешно

Открытие канала



00 01 30 30 30 30 30 30 0E 24   // передача: 10 байт; 07.58.37.84
// приём по количеству байт: 4 из 4

01 00 00 20   // прием: 4 байт; 07.58.37.537
// таймаут: 453 мсек

Канал открыт успешно


Коррекция времени
время коррекции:  07:58:37



00 03 0D 37 58 07 8D 7B   // передача: 8 байт; 07.58.37.568
// приём по количеству байт: 4 из 4

01 01 C1 E0   // прием: 4 байт; 07.58.38.05
// таймаут: 437 мсек

Внимание: Коррекция времени невозможна - переход в другой час или величина коррекции больше плюс/минус 2 минуты

Открытие канала



00 01 30 30 30 30 30 30 0E 24   // передача: 10 байт; 07.59.25.761
// приём по таймауту: 1000 мс
Нет ответа от устройства, повтор: 1
Нет ответа от устройства, повтор: 1



00 01 30 30 30 30 30 30 0E 24   // передача: 10 байт; 07.59.26.775
// приём по таймауту: 1000 мс
Нет ответа от устройства, повтор: 2
Нет ответа от устройства, повтор: 2



00 01 30 30 30 30 30 30 0E 24   // передача: 10 байт; 07.59.27.789
// приём по таймауту: 1000 мс
Нет ответа от устройства, повтор: 3
Нет ответа от устройства, повтор: 3



00 01 30 30 30 30 30 30 0E 24   // передача: 10 байт; 07.59.28.803
// приём по таймауту: 1000 мс
Нет ответа от устройства, повтор: 4
Нет ответа от устройства, повтор: 4



00 01 30 30 30 30 30 30 0E 24   // передача: 10 байт; 07.59.29.817
// приём по таймауту: 1000 мс
Нет ответа от устройства, повтор: 5
Нет ответа от устройства, повтор: 5



00 01 30 30 30 30 30 30 0E 24   // передача: 10 байт; 07.59.30.831
// приём по таймауту: 1000 мс
Нет ответа от устройства, повтор: 6
Нет ответа от устройства, повтор: 6



00 01 30 30 30 30 30 30 0E 24   // передача: 10 байт; 07.59.31.845

// версия от 6 сентября 2014 года
