
Открытие канала



00 01 30 30 30 30 30 30 0E 24   // передача: 10 байт; 08.00.24.859
// приём по таймауту: 1000 мс
Нет ответа от устройства, повтор: 1
Нет ответа от устройства, повтор: 1



00 01 30 30 30 30 30 30 0E 24   // передача: 10 байт; 08.00.25.873
// приём по таймауту: 1000 мс
Нет ответа от устройства, повтор: 2
Нет ответа от устройства, повтор: 2



00 01 30 30 30 30 30 30 0E 24   // передача: 10 байт; 08.00.26.887
// приём по таймауту: 1000 мс
Нет ответа от устройства, повтор: 3
Нет ответа от устройства, повтор: 3



00 01 30 30 30 30 30 30 0E 24   // передача: 10 байт; 08.00.27.901
// приём по таймауту: 1000 мс
Нет ответа от устройства, повтор: 4
Нет ответа от устройства, повтор: 4



00 01 30 30 30 30 30 30 0E 24   // передача: 10 байт; 08.00.28.915
// приём по таймауту: 1000 мс
Нет ответа от устройства, повтор: 5
Нет ответа от устройства, повтор: 5



00 01 30 30 30 30 30 30 0E 24   // передача: 10 байт; 08.00.29.929

// версия от 6 сентября 2014 года
