

Cчетчик: номер 0

Открытие канала



00 01 30 30 30 30 30 30 0E 24   // передача: 10 байт; 16.06.16.266
// приём по количеству байт: 4 из 4

01 00 00 20   // прием: 4 байт; 16.06.16.402
// таймаут: 136 мсек

Канал открыт успешно


Время



00 04 00 73 00   // передача: 5 байт; 16.06.16.406
// приём по количеству байт: 11 из 11

01 05 06 16 06 19 01 19 01 B7 65   // прием: 11 байт; 16.06.16.546
// таймаут: 140 мсек

время счетчика:   16:06:05 19.01.19
день недели:      6 - суббота
сезонное время:   1 - зима

время компьютера: 16:06:16 19.01.19
разница:           - 11 секунд(а) 


К. трансформации



00 08 02 F7 C1   // передача: 5 байт; 16.06.16.555
// приём по количеству байт: 13 из 13

01 00 01 00 01 00 00 02 8F 5C 28 16 05   // прием: 13 байт; 16.06.16.697
// таймаут: 142 мсек

Ki*Ku = 1*1 = 1


К. преобразования



00 08 12 F6 0D   // передача: 5 байт; 16.06.16.703
// приём по количеству байт: 6 из 6

01 00 00 10 00 14   // прием: 6 байт; 16.06.16.835
// таймаут: 132 мсек

Kp = 5000*2 = 10000
*для использования в сумматоре СЭМ+2 К. преобразования необходимо умножать на 2

К. пропорциональности
Ke = Ki*Ku/Kp*2 = 0,0001




00 05 31 00 05 B5   // передача: 6 байт; 16.06.16.846
// приём по количеству байт: 19 из 19

01 00 02 06 20 00 00 00 00 00 00 B3 40 00 00 3D F1 10 5F   // прием: 19 байт; 16.06.17.00
// таймаут: 154 мсек




00 05 32 00 05 45   // передача: 6 байт; 16.06.17.01
// приём по таймауту: 1000 мс

01 01 C1 E0   // прием: 4 байт; 16.06.18.133
// таймаут: 1132 мсек

Нет данных за месяц: 2



00 05 33 00 04 D5   // передача: 6 байт; 16.06.18.135
// приём по таймауту: 1000 мс

01 01 C1 E0   // прием: 4 байт; 16.06.19.272
// таймаут: 1137 мсек

Нет данных за месяц: 3



00 05 34 00 06 E5   // передача: 6 байт; 16.06.19.274
// приём по таймауту: 1000 мс

01 01 C1 E0   // прием: 4 байт; 16.06.20.411
// таймаут: 1137 мсек

Нет данных за месяц: 4



00 05 35 00 07 75   // передача: 6 байт; 16.06.20.414
// приём по таймауту: 1000 мс

01 01 C1 E0   // прием: 4 байт; 16.06.21.550
// таймаут: 1136 мсек

Нет данных за месяц: 5



00 05 36 00 07 85   // передача: 6 байт; 16.06.21.554
// приём по таймауту: 1000 мс

01 01 C1 E0   // прием: 4 байт; 16.06.22.689
// таймаут: 1135 мсек

Нет данных за месяц: 6



00 05 37 00 06 15   // передача: 6 байт; 16.06.22.693
// приём по таймауту: 1000 мс

01 01 C1 E0   // прием: 4 байт; 16.06.23.828
// таймаут: 1135 мсек

Нет данных за месяц: 7



00 05 38 00 03 E5   // передача: 6 байт; 16.06.23.832
// приём по таймауту: 1000 мс

01 01 C1 E0   // прием: 4 байт; 16.06.24.966
// таймаут: 1134 мсек

Нет данных за месяц: 8



00 05 39 00 02 75   // передача: 6 байт; 16.06.24.970
// приём по таймауту: 1000 мс

01 01 C1 E0   // прием: 4 байт; 16.06.26.105
// таймаут: 1135 мсек

Нет данных за месяц: 9



00 05 3A 00 02 85   // передача: 6 байт; 16.06.26.110
// приём по таймауту: 1000 мс

01 01 C1 E0   // прием: 4 байт; 16.06.27.244
// таймаут: 1134 мсек

Нет данных за месяц: 10



00 05 3B 00 03 15   // передача: 6 байт; 16.06.27.249
// приём по таймауту: 1000 мс

01 01 C1 E0   // прием: 4 байт; 16.06.28.383
// таймаут: 1134 мсек

Нет данных за месяц: 11



00 05 3C 00 01 25   // передача: 6 байт; 16.06.28.388
// приём по таймауту: 1000 мс

01 01 C1 E0   // прием: 4 байт; 16.06.29.521
// таймаут: 1133 мсек

Нет данных за месяц: 12


Импульсы по месяцам
            01.19       02.18       03.18       04.18       05.18       06.18       07.18       08.18       09.18       10.18       11.18       12.18       
            месяц 1     месяц 2     месяц 3     месяц 4     месяц 5     месяц 6     месяц 7     месяц 8     месяц 9     месяц 10    месяц 11    месяц 12    
канал A+    132640      нет         нет         нет         нет         нет         нет         нет         нет         нет         нет         нет         
канал A-    0           нет         нет         нет         нет         нет         нет         нет         нет         нет         нет         нет         
канал R+    45888       нет         нет         нет         нет         нет         нет         нет         нет         нет         нет         нет         
канал R-    15857       нет         нет         нет         нет         нет         нет         нет         нет         нет         нет         нет         

Энергия по месяцам
            01.19       02.18       03.18       04.18       05.18       06.18       07.18       08.18       09.18       10.18       11.18       12.18       
            месяц 1     месяц 2     месяц 3     месяц 4     месяц 5     месяц 6     месяц 7     месяц 8     месяц 9     месяц 10    месяц 11    месяц 12    
канал A+    13,2640     нет         нет         нет         нет         нет         нет         нет         нет         нет         нет         нет         
канал A-    0,0000      нет         нет         нет         нет         нет         нет         нет         нет         нет         нет         нет         
канал R+    4,5888      нет         нет         нет         нет         нет         нет         нет         нет         нет         нет         нет         
канал R-    1,5857      нет         нет         нет         нет         нет         нет         нет         нет         нет         нет         нет         


Начало опроса: 16:06:16 19.01.19
Конец опроса:  16:06:29 19.01.19
Длительность опроса: - 13 секунд(а) 
 
Опрос успешно завершен

// версия от 6 сентября 2014 года
