

Cчетчик: номер 0

Открытие канала



00 01 30 30 30 30 30 30 0E 24   // передача: 10 байт; 19.58.58.48
// приём по таймауту: 1000 мс
Нет ответа от устройства, повтор: 1
Нет ответа от устройства, повтор: 1



00 01 30 30 30 30 30 30 0E 24   // передача: 10 байт; 19.58.59.54
// приём по таймауту: 1000 мс
Нет ответа от устройства, повтор: 2
Нет ответа от устройства, повтор: 2



00 01 30 30 30 30 30 30 0E 24   // передача: 10 байт; 19.59.00.68
// приём по таймауту: 1000 мс
Нет ответа от устройства, повтор: 3
Нет ответа от устройства, повтор: 3



00 01 30 30 30 30 30 30 0E 24   // передача: 10 байт; 19.59.01.82
// приём по таймауту: 1000 мс
Нет ответа от устройства, повтор: 4
Нет ответа от устройства, повтор: 4



00 01 30 30 30 30 30 30 0E 24   // передача: 10 байт; 19.59.02.95
// приём по таймауту: 1000 мс
Нет ответа от устройства, повтор: 5
Нет ответа от устройства, повтор: 5



00 01 30 30 30 30 30 30 0E 24   // передача: 10 байт; 19.59.03.111
// приём по таймауту: 1000 мс
Нет ответа от устройства, повтор: 6
Нет ответа от устройства, повтор: 6



00 01 30 30 30 30 30 30 0E 24   // передача: 10 байт; 19.59.04.123
// приём по количеству байт: 4 из 4

01 00 00 20   // прием: 4 байт; 19.59.04.259
// таймаут: 136 мсек

Канал открыт успешно


Время



00 04 00 73 00   // передача: 5 байт; 19.59.04.264
// приём по количеству байт: 11 из 11

01 56 58 19 05 18 01 19 01 08 8A   // прием: 11 байт; 19.59.04.406
// таймаут: 142 мсек

время счетчика:   19:58:56 18.01.19
день недели:      5 - пятница
сезонное время:   1 - зима

время компьютера: 19:59:04 18.01.19
разница:           - 8 секунд(а) 


К. трансформации



00 08 02 F7 C1   // передача: 5 байт; 19.59.04.423
// приём по количеству байт: 13 из 13

01 00 01 00 01 00 00 02 8F 5C 28 16 05   // прием: 13 байт; 19.59.04.565
// таймаут: 142 мсек

Ki*Ku = 1*1 = 1


К. преобразования



00 08 12 F6 0D   // передача: 5 байт; 19.59.04.573
// приём по количеству байт: 6 из 6

01 00 00 10 00 14   // прием: 6 байт; 19.59.04.707
// таймаут: 134 мсек

Kp = 5000*2 = 10000
*для использования в сумматоре СЭМ+2 К. преобразования необходимо умножать на 2

К. пропорциональности
Ke = Ki*Ku/Kp*2 = 0,0001




00 05 31 00 05 B5   // передача: 6 байт; 19.59.04.731
// приём по количеству байт: 19 из 19

01 00 01 ED 2D 00 00 00 00 00 00 B3 40 00 00 38 0B 28 EB   // прием: 19 байт; 19.59.04.883
// таймаут: 152 мсек




00 05 32 00 05 45   // передача: 6 байт; 19.59.04.884
// приём по таймауту: 1000 мс

01 01 C1 E0   // прием: 4 байт; 19.59.06.26
// таймаут: 1142 мсек

Неправильная длина ответа: 4 вместо 19 байт, повтор: 1
Неправильная длина ответа: 4 вместо 19 байт, повтор: 1



00 05 32 00 05 45   // передача: 6 байт; 19.59.06.32
// приём по таймауту: 1000 мс

01 01 C1 E0   // прием: 4 байт; 19.59.07.164
// таймаут: 1132 мсек

Неправильная длина ответа: 4 вместо 19 байт, повтор: 2
Неправильная длина ответа: 4 вместо 19 байт, повтор: 2



00 05 32 00 05 45   // передача: 6 байт; 19.59.07.169
// приём по таймауту: 1000 мс

01 01 C1 E0   // прием: 4 байт; 19.59.08.303
// таймаут: 1134 мсек

Неправильная длина ответа: 4 вместо 19 байт, повтор: 3
Неправильная длина ответа: 4 вместо 19 байт, повтор: 3



00 05 32 00 05 45   // передача: 6 байт; 19.59.08.308
// приём по таймауту: 1000 мс

01 01 C1 E0   // прием: 4 байт; 19.59.09.441
// таймаут: 1133 мсек

Неправильная длина ответа: 4 вместо 19 байт, повтор: 4
Неправильная длина ответа: 4 вместо 19 байт, повтор: 4



00 05 32 00 05 45   // передача: 6 байт; 19.59.09.446
// приём по таймауту: 1000 мс

01 01 C1 E0   // прием: 4 байт; 19.59.10.580
// таймаут: 1134 мсек

Неправильная длина ответа: 4 вместо 19 байт, повтор: 5
Неправильная длина ответа: 4 вместо 19 байт, повтор: 5



00 05 32 00 05 45   // передача: 6 байт; 19.59.10.585
// приём по таймауту: 1000 мс

01 01 C1 E0   // прием: 4 байт; 19.59.11.719
// таймаут: 1134 мсек

Неправильная длина ответа: 4 вместо 19 байт, повтор: 6
Неправильная длина ответа: 4 вместо 19 байт, повтор: 6



00 05 32 00 05 45   // передача: 6 байт; 19.59.11.725

// версия от 6 сентября 2014 года
