

Cчетчик: номер 0

Открытие канала



00 01 30 30 30 30 30 30 0E 24   // передача: 10 байт; 19.38.46.168
// приём по количеству байт: 4 из 4

01 00 00 20   // прием: 4 байт; 19.38.46.304
// таймаут: 136 мсек

Канал открыт успешно


Время



00 04 00 73 00   // передача: 5 байт; 19.38.46.307
// приём по количеству байт: 11 из 11

01 38 38 19 05 18 01 19 01 EF 28   // прием: 11 байт; 19.38.46.448
// таймаут: 141 мсек

время счетчика:   19:38:38 18.01.19
день недели:      5 - пятница
сезонное время:   1 - зима

время компьютера: 19:38:46 18.01.19
разница:           - 8 секунд(а) 


К. трансформации



00 08 02 F7 C1   // передача: 5 байт; 19.38.46.457
// приём по количеству байт: 13 из 13

01 00 01 00 01 00 00 02 8F 5C 28 16 05   // прием: 13 байт; 19.38.46.601
// таймаут: 144 мсек

Ki*Ku = 1*1 = 1


К. преобразования



00 08 12 F6 0D   // передача: 5 байт; 19.38.46.608
// приём по количеству байт: 6 из 6

01 00 00 10 00 14   // прием: 6 байт; 19.38.46.742
// таймаут: 134 мсек

Kp = 5000*2 = 10000
*для использования в сумматоре СЭМ+2 К. преобразования необходимо умножать на 2

К. пропорциональности
Ke = Ki*Ku/Kp*2 = 0,0001



00 05 31 00 05 B5   // передача: 6 байт; 19.38.46.752
// приём по количеству байт: 19 из 19

01 00 01 EB 96 00 00 00 00 00 00 B3 40 00 00 37 B3 8F D5   // прием: 19 байт; 19.38.46.904
// таймаут: 152 мсек




00 05 32 00 05 45   // передача: 6 байт; 19.38.46.905
// приём по таймауту: 1000 мс

01 01 C1 E0   // прием: 4 байт; 19.38.48.47
// таймаут: 1142 мсек




00 05 33 00 04 D5   // передача: 6 байт; 19.38.48.49
// приём по таймауту: 1000 мс

01 01 C1 E0   // прием: 4 байт; 19.38.49.202
// таймаут: 1153 мсек




00 05 34 00 06 E5   // передача: 6 байт; 19.38.49.265
// приём по таймауту: 1000 мс

01 01 C1 E0   // прием: 4 байт; 19.38.50.405
// таймаут: 1140 мсек




00 05 35 00 07 75   // передача: 6 байт; 19.38.50.465
// приём по таймауту: 1000 мс

01 01 C1 E0   // прием: 4 байт; 19.38.51.605
// таймаут: 1140 мсек




00 05 36 00 07 85   // передача: 6 байт; 19.38.51.668
// приём по таймауту: 1000 мс

01 01 C1 E0   // прием: 4 байт; 19.38.52.807
// таймаут: 1139 мсек




00 05 37 00 06 15   // передача: 6 байт; 19.38.52.872
// приём по таймауту: 1000 мс

01 01 C1 E0   // прием: 4 байт; 19.38.54.10
// таймаут: 1138 мсек




00 05 38 00 03 E5   // передача: 6 байт; 19.38.54.67
// приём по таймауту: 1000 мс

01 01 C1 E0   // прием: 4 байт; 19.38.55.210
// таймаут: 1143 мсек




00 05 39 00 02 75   // передача: 6 байт; 19.38.55.265
// приём по таймауту: 1000 мс

01 01 C1 E0   // прием: 4 байт; 19.38.56.414
// таймаут: 1149 мсек




00 05 3A 00 02 85   // передача: 6 байт; 19.38.56.470
// приём по таймауту: 1000 мс

01 01 C1 E0   // прием: 4 байт; 19.38.57.612
// таймаут: 1142 мсек




00 05 3B 00 03 15   // передача: 6 байт; 19.38.57.666
// приём по таймауту: 1000 мс

01 01 C1 E0   // прием: 4 байт; 19.38.58.801
// таймаут: 1135 мсек




00 05 3C 00 01 25   // передача: 6 байт; 19.38.58.863
// приём по таймауту: 1000 мс

01 01 C1 E0   // прием: 4 байт; 19.39.00.00
// таймаут: 1137 мсек



Импульсы по месяцам
            01.19       02.18       03.18       04.18       05.18       06.18       07.18       08.18       09.18       10.18       11.18       12.18       
            месяц 1     месяц 2     месяц 3     месяц 4     месяц 5     месяц 6     месяц 7     месяц 8     месяц 9     месяц 10    месяц 11    месяц 12    
канал A+    125846      ?           ?           ?           ?           ?           ?           ?           ?           ?           ?           ?           
канал A-    0           ?           ?           ?           ?           ?           ?           ?           ?           ?           ?           ?           
канал R+    45888       ?           ?           ?           ?           ?           ?           ?           ?           ?           ?           ?           
канал R-    14259       ?           ?           ?           ?           ?           ?           ?           ?           ?           ?           ?           

Энергия по месяцам
            01.19       02.18       03.18       04.18       05.18       06.18       07.18       08.18       09.18       10.18       11.18       12.18       
            месяц 1     месяц 2     месяц 3     месяц 4     месяц 5     месяц 6     месяц 7     месяц 8     месяц 9     месяц 10    месяц 11    месяц 12    
канал A+    12,5846     ?           ?           ?           ?           ?           ?           ?           ?           ?           ?           ?           
канал A-    0,0000      ?           ?           ?           ?           ?           ?           ?           ?           ?           ?           ?           
канал R+    4,5888      ?           ?           ?           ?           ?           ?           ?           ?           ?           ?           ?           
канал R-    1,4259      ?           ?           ?           ?           ?           ?           ?           ?           ?           ?           ?           


Начало опроса: 19:38:46 18.01.19
Конец опроса:  19:39:00 18.01.19
Длительность опроса: - 14 секунд(а) 
 
Опрос успешно завершен

// версия от 6 сентября 2014 года
