

Cчетчик: номер 0

Открытие канала



00 01 30 30 30 30 30 30 0E 24   // передача: 10 байт; 19.45.13.566
// приём по количеству байт: 4 из 4

01 00 00 20   // прием: 4 байт; 19.45.13.703
// таймаут: 137 мсек

Канал открыт успешно


Время



00 04 00 73 00   // передача: 5 байт; 19.45.13.706
// приём по количеству байт: 11 из 11

01 05 45 19 05 18 01 19 01 80 A2   // прием: 11 байт; 19.45.13.847
// таймаут: 141 мсек

время счетчика:   19:45:05 18.01.19
день недели:      5 - пятница
сезонное время:   1 - зима

время компьютера: 19:45:13 18.01.19
разница:           - 8 секунд(а) 


К. трансформации



00 08 02 F7 C1   // передача: 5 байт; 19.45.13.857
// приём по количеству байт: 13 из 13

01 00 01 00 01 00 00 02 8F 5C 28 16 05   // прием: 13 байт; 19.45.14.01
// таймаут: 144 мсек

Ki*Ku = 1*1 = 1


К. преобразования



00 08 12 F6 0D   // передача: 5 байт; 19.45.14.07
// приём по количеству байт: 6 из 6

01 00 00 10 00 14   // прием: 6 байт; 19.45.14.139
// таймаут: 132 мсек

Kp = 5000*2 = 10000
*для использования в сумматоре СЭМ+2 К. преобразования необходимо умножать на 2

К. пропорциональности
Ke = Ki*Ku/Kp*2 = 0,0001



00 05 31 00 05 B5   // передача: 6 байт; 19.45.14.147
// приём по количеству байт: 19 из 19

01 00 01 EC 1A 00 00 00 00 00 00 B3 40 00 00 37 D0 27 36   // прием: 19 байт; 19.45.14.302
// таймаут: 155 мсек




00 05 32 00 05 45   // передача: 6 байт; 19.45.14.302
// приём по таймауту: 1000 мс

01 01 C1 E0   // прием: 4 байт; 19.45.15.445
// таймаут: 1143 мсек

Нет данных за месяц: 2



00 05 33 00 04 D5   // передача: 6 байт; 19.45.15.448
// приём по таймауту: 1000 мс

01 01 C1 E0   // прием: 4 байт; 19.45.16.585
// таймаут: 1137 мсек

Нет данных за месяц: 3



00 05 34 00 06 E5   // передача: 6 байт; 19.45.16.589
// приём по таймауту: 1000 мс

01 01 C1 E0   // прием: 4 байт; 19.45.17.723
// таймаут: 1134 мсек

Нет данных за месяц: 4



00 05 35 00 07 75   // передача: 6 байт; 19.45.17.726
// приём по таймауту: 1000 мс

01 01 C1 E0   // прием: 4 байт; 19.45.18.861
// таймаут: 1135 мсек

Нет данных за месяц: 5



00 05 36 00 07 85   // передача: 6 байт; 19.45.18.864
// приём по таймауту: 1000 мс

01 01 C1 E0   // прием: 4 байт; 19.45.20.00
// таймаут: 1136 мсек

Нет данных за месяц: 6



00 05 37 00 06 15   // передача: 6 байт; 19.45.20.05
// приём по таймауту: 1000 мс

01 01 C1 E0   // прием: 4 байт; 19.45.21.139
// таймаут: 1134 мсек

Нет данных за месяц: 7



00 05 38 00 03 E5   // передача: 6 байт; 19.45.21.144
// приём по таймауту: 1000 мс

01 01 C1 E0   // прием: 4 байт; 19.45.22.278
// таймаут: 1134 мсек

Нет данных за месяц: 8



00 05 39 00 02 75   // передача: 6 байт; 19.45.22.283
// приём по таймауту: 1000 мс

01 01 C1 E0   // прием: 4 байт; 19.45.23.416
// таймаут: 1133 мсек

Нет данных за месяц: 9



00 05 3A 00 02 85   // передача: 6 байт; 19.45.23.422
// приём по таймауту: 1000 мс

01 01 C1 E0   // прием: 4 байт; 19.45.24.556
// таймаут: 1134 мсек

Нет данных за месяц: 10



00 05 3B 00 03 15   // передача: 6 байт; 19.45.24.561
// приём по таймауту: 1000 мс

01 01 C1 E0   // прием: 4 байт; 19.45.25.694
// таймаут: 1133 мсек

Нет данных за месяц: 11



00 05 3C 00 01 25   // передача: 6 байт; 19.45.25.700
// приём по таймауту: 1000 мс

01 01 C1 E0   // прием: 4 байт; 19.45.26.832
// таймаут: 1132 мсек

Нет данных за месяц: 12


Импульсы по месяцам
            01.19       02.18       03.18       04.18       05.18       06.18       07.18       08.18       09.18       10.18       11.18       12.18       
            месяц 1     месяц 2     месяц 3     месяц 4     месяц 5     месяц 6     месяц 7     месяц 8     месяц 9     месяц 10    месяц 11    месяц 12    
канал A+    125978      нет         нет         нет         нет         нет         нет         нет         нет         нет         нет         нет         
канал A-    0           нет         нет         нет         нет         нет         нет         нет         нет         нет         нет         нет         
канал R+    45888       нет         нет         нет         нет         нет         нет         нет         нет         нет         нет         нет         
канал R-    14288       нет         нет         нет         нет         нет         нет         нет         нет         нет         нет         нет         

Энергия по месяцам
            01.19       02.18       03.18       04.18       05.18       06.18       07.18       08.18       09.18       10.18       11.18       12.18       
            месяц 1     месяц 2     месяц 3     месяц 4     месяц 5     месяц 6     месяц 7     месяц 8     месяц 9     месяц 10    месяц 11    месяц 12    
канал A+    12,5978     нет         нет         нет         нет         нет         нет         нет         нет         нет         нет         нет         
канал A-    0,0000      нет         нет         нет         нет         нет         нет         нет         нет         нет         нет         нет         
канал R+    4,5888      нет         нет         нет         нет         нет         нет         нет         нет         нет         нет         нет         
канал R-    1,4288      нет         нет         нет         нет         нет         нет         нет         нет         нет         нет         нет         


Начало опроса: 19:45:13 18.01.19
Конец опроса:  19:45:26 18.01.19
Длительность опроса: - 14 секунд(а) 
 
Опрос успешно завершен

// версия от 6 сентября 2014 года
