

Cчетчик: номер 0

Открытие канала



00 01 30 30 30 30 30 30 0E 24   // передача: 10 байт; 20.08.58.859
// приём по количеству байт: 4 из 4

01 00 00 20   // прием: 4 байт; 20.08.58.997
// таймаут: 138 мсек

Канал открыт успешно


Время



00 04 00 73 00   // передача: 5 байт; 20.08.58.999
// приём по количеству байт: 11 из 11

01 51 08 20 05 18 01 19 01 1C 00   // прием: 11 байт; 20.08.59.141
// таймаут: 142 мсек

время счетчика:   20:08:51 18.01.19
день недели:      5 - пятница
сезонное время:   1 - зима

время компьютера: 20:08:59 18.01.19
разница:           - 8 секунд(а) 


К. трансформации



00 08 02 F7 C1   // передача: 5 байт; 20.08.59.150
// приём по количеству байт: 13 из 13

01 00 01 00 01 00 00 02 8F 5C 28 16 05   // прием: 13 байт; 20.08.59.295
// таймаут: 145 мсек

Ki*Ku = 1*1 = 1


К. преобразования



00 08 12 F6 0D   // передача: 5 байт; 20.08.59.300
// приём по количеству байт: 6 из 6

01 00 00 10 00 14   // прием: 6 байт; 20.08.59.433
// таймаут: 133 мсек

Kp = 5000*2 = 10000
*для использования в сумматоре СЭМ+2 К. преобразования необходимо умножать на 2

К. пропорциональности
Ke = Ki*Ku/Kp*2 = 0,0001



00 05 00 00 10 25   // передача: 6 байт; 20.08.59.444
// приём по количеству байт: 19 из 19

01 00 02 52 CB 00 00 00 00 00 00 F0 A0 00 00 3A 11 AD BC   // прием: 19 байт; 20.08.59.598
// таймаут: 154 мсек



Импульсы всего
            всего       
канал A+    152267      
канал A-    0           
канал R+    61600       
канал R-    14865       

Энергия всего
            всего       
канал A+    15,2267     
канал A-    0,0000      
канал R+    6,1600      
канал R-    1,4865      




00 05 31 00 05 B5   // передача: 6 байт; 20.08.59.680
// приём по количеству байт: 19 из 19

01 00 01 ED E1 00 00 00 00 00 00 B3 40 00 00 38 34 78 36   // прием: 19 байт; 20.08.59.832
// таймаут: 152 мсек




00 05 32 00 05 45   // передача: 6 байт; 20.08.59.833
// приём по таймауту: 1000 мс

01 01 C1 E0   // прием: 4 байт; 20.09.00.966
// таймаут: 1133 мсек

Нет данных за месяц: 2



00 05 33 00 04 D5   // передача: 6 байт; 20.09.00.973
// приём по таймауту: 1000 мс

01 01 C1 E0   // прием: 4 байт; 20.09.02.105
// таймаут: 1132 мсек

Нет данных за месяц: 3



00 05 34 00 06 E5   // передача: 6 байт; 20.09.02.113
// приём по таймауту: 1000 мс

01 01 C1 E0   // прием: 4 байт; 20.09.03.244
// таймаут: 1131 мсек

Нет данных за месяц: 4



00 05 35 00 07 75   // передача: 6 байт; 20.09.03.252
// приём по таймауту: 1000 мс

01 01 C1 E0   // прием: 4 байт; 20.09.04.398
// таймаут: 1146 мсек

Нет данных за месяц: 5



00 05 36 00 07 85   // передача: 6 байт; 20.09.04.405
// приём по таймауту: 1000 мс

01 01 C1 E0   // прием: 4 байт; 20.09.05.552
// таймаут: 1147 мсек

Нет данных за месяц: 6



00 05 37 00 06 15   // передача: 6 байт; 20.09.05.559
// приём по таймауту: 1000 мс

01 01 C1 E0   // прием: 4 байт; 20.09.06.691
// таймаут: 1132 мсек

Нет данных за месяц: 7



00 05 38 00 03 E5   // передача: 6 байт; 20.09.06.693
// приём по таймауту: 1000 мс

01 01 C1 E0   // прием: 4 байт; 20.09.07.830
// таймаут: 1137 мсек

Нет данных за месяц: 8



00 05 39 00 02 75   // передача: 6 байт; 20.09.07.832
// приём по таймауту: 1000 мс

01 01 C1 E0   // прием: 4 байт; 20.09.08.969
// таймаут: 1137 мсек

Нет данных за месяц: 9



00 05 3A 00 02 85   // передача: 6 байт; 20.09.08.977
// приём по таймауту: 1000 мс

01 01 C1 E0   // прием: 4 байт; 20.09.10.108
// таймаут: 1131 мсек

Нет данных за месяц: 10



00 05 3B 00 03 15   // передача: 6 байт; 20.09.10.115
// приём по таймауту: 1000 мс

01 01 C1 E0   // прием: 4 байт; 20.09.11.247
// таймаут: 1132 мсек

Нет данных за месяц: 11



00 05 3C 00 01 25   // передача: 6 байт; 20.09.11.254
// приём по таймауту: 1000 мс

01 01 C1 E0   // прием: 4 байт; 20.09.12.387
// таймаут: 1133 мсек

Нет данных за месяц: 12


Импульсы по месяцам
            01.19       02.18       03.18       04.18       05.18       06.18       07.18       08.18       09.18       10.18       11.18       12.18       
            месяц 1     месяц 2     месяц 3     месяц 4     месяц 5     месяц 6     месяц 7     месяц 8     месяц 9     месяц 10    месяц 11    месяц 12    
канал A+    126433      нет         нет         нет         нет         нет         нет         нет         нет         нет         нет         нет         
канал A-    0           нет         нет         нет         нет         нет         нет         нет         нет         нет         нет         нет         
канал R+    45888       нет         нет         нет         нет         нет         нет         нет         нет         нет         нет         нет         
канал R-    14388       нет         нет         нет         нет         нет         нет         нет         нет         нет         нет         нет         

Энергия по месяцам
            01.19       02.18       03.18       04.18       05.18       06.18       07.18       08.18       09.18       10.18       11.18       12.18       
            месяц 1     месяц 2     месяц 3     месяц 4     месяц 5     месяц 6     месяц 7     месяц 8     месяц 9     месяц 10    месяц 11    месяц 12    
канал A+    12,6433     нет         нет         нет         нет         нет         нет         нет         нет         нет         нет         нет         
канал A-    0,0000      нет         нет         нет         нет         нет         нет         нет         нет         нет         нет         нет         
канал R+    4,5888      нет         нет         нет         нет         нет         нет         нет         нет         нет         нет         нет         
канал R-    1,4388      нет         нет         нет         нет         нет         нет         нет         нет         нет         нет         нет         


Начало опроса: 20:08:58 18.01.19
Конец опроса:  20:09:12 18.01.19
Длительность опроса: - 14 секунд(а) 
 
Опрос успешно завершен

// версия от 6 сентября 2014 года
