

Cчетчик: номер 0

Открытие канала



00 01 30 30 30 30 30 30 0E 24   // передача: 10 байт; 20.10.59.88
// приём по количеству байт: 4 из 4

01 00 00 20   // прием: 4 байт; 20.10.59.224
// таймаут: 136 мсек

Канал открыт успешно


Время



00 04 00 73 00   // передача: 5 байт; 20.10.59.227
// приём по количеству байт: 11 из 11

01 51 10 20 05 18 01 19 01 84 01   // прием: 11 байт; 20.10.59.369
// таймаут: 142 мсек

время счетчика:   20:10:51 18.01.19
день недели:      5 - пятница
сезонное время:   1 - зима

время компьютера: 20:10:59 18.01.19
разница:           - 8 секунд(а) 


К. трансформации



00 08 02 F7 C1   // передача: 5 байт; 20.10.59.376
// приём по количеству байт: 13 из 13

01 00 01 00 01 00 00 02 8F 5C 28 16 05   // прием: 13 байт; 20.10.59.519
// таймаут: 143 мсек

Ki*Ku = 1*1 = 1


К. преобразования



00 08 12 F6 0D   // передача: 5 байт; 20.10.59.526
// приём по количеству байт: 6 из 6

01 00 00 10 00 14   // прием: 6 байт; 20.10.59.658
// таймаут: 132 мсек

Kp = 5000*2 = 10000
*для использования в сумматоре СЭМ+2 К. преобразования необходимо умножать на 2

К. пропорциональности
Ke = Ki*Ku/Kp*2 = 0,0001



00 05 00 00 10 25   // передача: 6 байт; 20.10.59.665
// приём по количеству байт: 19 из 19

01 00 02 52 F0 00 00 00 00 00 00 F0 A0 00 00 3A 1A B7 00   // прием: 19 байт; 20.10.59.820
// таймаут: 155 мсек



Импульсы всего
            всего       
канал A+    152304      
канал A-    0           
канал R+    61600       
канал R-    14874       

Энергия всего
            всего       
канал A+    15,2304     
канал A-    0,0000      
канал R+    6,1600      
канал R-    1,4874      




00 05 31 00 05 B5   // передача: 6 байт; 20.10.59.903
// приём по количеству байт: 19 из 19

01 00 01 EE 07 00 00 00 00 00 00 B3 40 00 00 38 3D CC 94   // прием: 19 байт; 20.11.00.57
// таймаут: 154 мсек




00 05 32 00 05 45   // передача: 6 байт; 20.11.00.58
// приём по таймауту: 1000 мс

01 01 C1 E0   // прием: 4 байт; 20.11.01.197
// таймаут: 1139 мсек

Нет данных за месяц: 2



00 05 33 00 04 D5   // передача: 6 байт; 20.11.01.203
// приём по таймауту: 1000 мс

01 01 C1 E0   // прием: 4 байт; 20.11.02.336
// таймаут: 1133 мсек

Нет данных за месяц: 3



00 05 34 00 06 E5   // передача: 6 байт; 20.11.02.344
// приём по таймауту: 1000 мс

01 01 C1 E0   // прием: 4 байт; 20.11.03.474
// таймаут: 1130 мсек

Нет данных за месяц: 4



00 05 35 00 07 75   // передача: 6 байт; 20.11.03.480
// приём по таймауту: 1000 мс

01 01 C1 E0   // прием: 4 байт; 20.11.04.628
// таймаут: 1148 мсек

Нет данных за месяц: 5



00 05 36 00 07 85   // передача: 6 байт; 20.11.04.634
// приём по таймауту: 1000 мс

01 01 C1 E0   // прием: 4 байт; 20.11.05.768
// таймаут: 1134 мсек

Нет данных за месяц: 6



00 05 37 00 06 15   // передача: 6 байт; 20.11.05.775
// приём по таймауту: 1000 мс

01 01 C1 E0   // прием: 4 байт; 20.11.06.921
// таймаут: 1146 мсек

Нет данных за месяц: 7



00 05 38 00 03 E5   // передача: 6 байт; 20.11.06.929
// приём по таймауту: 1000 мс

01 01 C1 E0   // прием: 4 байт; 20.11.08.75
// таймаут: 1146 мсек

Нет данных за месяц: 8



00 05 39 00 02 75   // передача: 6 байт; 20.11.08.82
// приём по таймауту: 1000 мс

01 01 C1 E0   // прием: 4 байт; 20.11.09.214
// таймаут: 1132 мсек

Нет данных за месяц: 9



00 05 3A 00 02 85   // передача: 6 байт; 20.11.09.220
// приём по таймауту: 1000 мс

01 01 C1 E0   // прием: 4 байт; 20.11.10.353
// таймаут: 1133 мсек

Нет данных за месяц: 10



00 05 3B 00 03 15   // передача: 6 байт; 20.11.10.359
// приём по таймауту: 1000 мс

01 01 C1 E0   // прием: 4 байт; 20.11.11.494
// таймаут: 1135 мсек

Нет данных за месяц: 11



00 05 3C 00 01 25   // передача: 6 байт; 20.11.11.502
// приём по таймауту: 1000 мс

01 01 C1 E0   // прием: 4 байт; 20.11.12.647
// таймаут: 1145 мсек

Нет данных за месяц: 12


Импульсы по месяцам
            01.19       02.18       03.18       04.18       05.18       06.18       07.18       08.18       09.18       10.18       11.18       12.18       
            месяц 1     месяц 2     месяц 3     месяц 4     месяц 5     месяц 6     месяц 7     месяц 8     месяц 9     месяц 10    месяц 11    месяц 12    
канал A+    126471      нет         нет         нет         нет         нет         нет         нет         нет         нет         нет         нет         
канал A-    0           нет         нет         нет         нет         нет         нет         нет         нет         нет         нет         нет         
канал R+    45888       нет         нет         нет         нет         нет         нет         нет         нет         нет         нет         нет         
канал R-    14397       нет         нет         нет         нет         нет         нет         нет         нет         нет         нет         нет         

Энергия по месяцам
            01.19       02.18       03.18       04.18       05.18       06.18       07.18       08.18       09.18       10.18       11.18       12.18       
            месяц 1     месяц 2     месяц 3     месяц 4     месяц 5     месяц 6     месяц 7     месяц 8     месяц 9     месяц 10    месяц 11    месяц 12    
канал A+    12,6471     нет         нет         нет         нет         нет         нет         нет         нет         нет         нет         нет         
канал A-    0,0000      нет         нет         нет         нет         нет         нет         нет         нет         нет         нет         нет         
канал R+    4,5888      нет         нет         нет         нет         нет         нет         нет         нет         нет         нет         нет         
канал R-    1,4397      нет         нет         нет         нет         нет         нет         нет         нет         нет         нет         нет         



00 05 40 00 21 E5   // передача: 6 байт; 20.11.12.786
// приём по количеству байт: 19 из 19

01 00 00 06 B5 00 00 00 00 00 00 00 00 00 00 01 A2 15 FB   // прием: 19 байт; 20.11.12.939
// таймаут: 153 мсек



Импульсы за текущие сутки
            всего       
канал A+    1717        
канал A-    0           
канал R+    0           
канал R-    418         

Энергия за текущие сутки
            всего       
канал A+    0,1717      
канал A-    0,0000      
канал R+    0,0000      
канал R-    0,0418      


Начало опроса: 20:10:59 18.01.19
Конец опроса:  20:11:13 18.01.19
Длительность опроса: - 14 секунд(а) 
 
Опрос успешно завершен

// версия от 6 сентября 2014 года
