

Cчетчик: номер 0

Открытие канала



00 01 30 30 30 30 30 30 0E 24   // передача: 10 байт; 21.59.33.599
// приём по количеству байт: 4 из 4

01 00 00 20   // прием: 4 байт; 21.59.33.735
// таймаут: 136 мсек

Канал открыт успешно


Время



00 04 00 73 00   // передача: 5 байт; 21.59.33.739
// приём по количеству байт: 11 из 11

01 25 59 21 05 18 01 19 01 5B C3   // прием: 11 байт; 21.59.33.879
// таймаут: 140 мсек

время счетчика:   21:59:25 18.01.19
день недели:      5 - пятница
сезонное время:   1 - зима

время компьютера: 21:59:33 18.01.19
разница:           - 8 секунд(а) 


К. трансформации



00 08 02 F7 C1   // передача: 5 байт; 21.59.33.889
// приём по количеству байт: 13 из 13

01 00 01 00 01 00 00 02 8F 5C 28 16 05   // прием: 13 байт; 21.59.34.33
// таймаут: 144 мсек

Ki*Ku = 1*1 = 1


К. преобразования



00 08 12 F6 0D   // передача: 5 байт; 21.59.34.44
// приём по количеству байт: 6 из 6

01 00 00 10 00 14   // прием: 6 байт; 21.59.34.169
// таймаут: 125 мсек

Kp = 5000*2 = 10000
*для использования в сумматоре СЭМ+2 К. преобразования необходимо умножать на 2

К. пропорциональности
Ke = Ki*Ku/Kp*2 = 0,0001




00 05 31 00 05 B5   // передача: 6 байт; 21.59.34.179
// приём по количеству байт: 19 из 19

01 00 01 F5 6E 00 00 00 00 00 00 B3 40 00 00 39 ED 4B EA   // прием: 19 байт; 21.59.34.338
// таймаут: 159 мсек




00 05 32 00 05 45   // передача: 6 байт; 21.59.34.339
// приём по таймауту: 1000 мс

01 01 C1 E0   // прием: 4 байт; 21.59.35.482
// таймаут: 1143 мсек

Нет данных за месяц: 2



00 05 33 00 04 D5   // передача: 6 байт; 21.59.35.485
// приём по таймауту: 1000 мс

01 01 C1 E0   // прием: 4 байт; 21.59.36.895
// таймаут: 1410 мсек

Нет данных за месяц: 3



00 05 34 00 06 E5   // передача: 6 байт; 21.59.36.896
// приём по таймауту: 1000 мс

01 01 C1 E0   // прием: 4 байт; 21.59.38.42
// таймаут: 1146 мсек

Нет данных за месяц: 4



00 05 35 00 07 75   // передача: 6 байт; 21.59.38.43
// приём по таймауту: 1000 мс

01 01 C1 E0   // прием: 4 байт; 21.59.39.182
// таймаут: 1139 мсек

Нет данных за месяц: 5



00 05 36 00 07 85   // передача: 6 байт; 21.59.39.183
// приём по таймауту: 1000 мс

01 01 C1 E0   // прием: 4 байт; 21.59.40.323
// таймаут: 1140 мсек

Нет данных за месяц: 6



00 05 37 00 06 15   // передача: 6 байт; 21.59.40.323
// приём по таймауту: 1000 мс

01 01 C1 E0   // прием: 4 байт; 21.59.41.467
// таймаут: 1144 мсек

Нет данных за месяц: 7



00 05 38 00 03 E5   // передача: 6 байт; 21.59.41.467
// приём по таймауту: 1000 мс

01 01 C1 E0   // прием: 4 байт; 21.59.42.601
// таймаут: 1134 мсек

Нет данных за месяц: 8



00 05 39 00 02 75   // передача: 6 байт; 21.59.42.601
// приём по таймауту: 1000 мс

01 01 C1 E0   // прием: 4 байт; 21.59.43.744
// таймаут: 1143 мсек

Нет данных за месяц: 9



00 05 3A 00 02 85   // передача: 6 байт; 21.59.43.744
// приём по таймауту: 1000 мс

01 01 C1 E0   // прием: 4 байт; 21.59.44.878
// таймаут: 1134 мсек

Нет данных за месяц: 10



00 05 3B 00 03 15   // передача: 6 байт; 21.59.44.878
// приём по таймауту: 1000 мс

01 01 C1 E0   // прием: 4 байт; 21.59.46.19
// таймаут: 1141 мсек

Нет данных за месяц: 11



00 05 3C 00 01 25   // передача: 6 байт; 21.59.46.19
// приём по таймауту: 1000 мс

01 01 C1 E0   // прием: 4 байт; 21.59.47.152
// таймаут: 1133 мсек

Нет данных за месяц: 12


Импульсы по месяцам
            01.19       02.18       03.18       04.18       05.18       06.18       07.18       08.18       09.18       10.18       11.18       12.18       
            месяц 1     месяц 2     месяц 3     месяц 4     месяц 5     месяц 6     месяц 7     месяц 8     месяц 9     месяц 10    месяц 11    месяц 12    
канал A+    128366      нет         нет         нет         нет         нет         нет         нет         нет         нет         нет         нет         
канал A-    0           нет         нет         нет         нет         нет         нет         нет         нет         нет         нет         нет         
канал R+    45888       нет         нет         нет         нет         нет         нет         нет         нет         нет         нет         нет         
канал R-    14829       нет         нет         нет         нет         нет         нет         нет         нет         нет         нет         нет         

Энергия по месяцам
            01.19       02.18       03.18       04.18       05.18       06.18       07.18       08.18       09.18       10.18       11.18       12.18       
            месяц 1     месяц 2     месяц 3     месяц 4     месяц 5     месяц 6     месяц 7     месяц 8     месяц 9     месяц 10    месяц 11    месяц 12    
канал A+    12,8366     нет         нет         нет         нет         нет         нет         нет         нет         нет         нет         нет         
канал A-    0,0000      нет         нет         нет         нет         нет         нет         нет         нет         нет         нет         нет         
канал R+    4,5888      нет         нет         нет         нет         нет         нет         нет         нет         нет         нет         нет         
канал R-    1,4829      нет         нет         нет         нет         нет         нет         нет         нет         нет         нет         нет         



00 05 40 00 21 E5   // передача: 6 байт; 21.59.47.161
// приём по количеству байт: 19 из 19

01 00 00 0E 1C 00 00 00 00 00 00 00 00 00 00 03 52 80 7F   // прием: 19 байт; 21.59.47.314
// таймаут: 153 мсек



Импульсы за текущие сутки
            всего       
канал A+    3612        
канал A-    0           
канал R+    0           
канал R-    850         

Энергия за текущие сутки
            всего       
канал A+    0,3612      
канал A-    0,0000      
канал R+    0,0000      
канал R-    0,0850      


Начало опроса: 21:59:33 18.01.19
Конец опроса:  21:59:47 18.01.19
Длительность опроса: - 14 секунд(а) 
 
Опрос успешно завершен


Cчетчик: номер 0

Открытие канала



00 01 30 30 30 30 30 30 0E 24   // передача: 10 байт; 22.00.33.294
// приём по количеству байт: 4 из 4

01 00 00 20   // прием: 4 байт; 22.00.33.431
// таймаут: 137 мсек

Канал открыт успешно


Время



00 04 00 73 00   // передача: 5 байт; 22.00.33.459
// приём по количеству байт: 11 из 11

01 24 00 22 05 18 01 19 01 53 39   // прием: 11 байт; 22.00.33.599
// таймаут: 140 мсек

время счетчика:   22:00:24 18.01.19
день недели:      5 - пятница
сезонное время:   1 - зима

время компьютера: 22:00:33 18.01.19
разница:           - 9 секунд(а) 


К. трансформации



00 08 02 F7 C1   // передача: 5 байт; 22.00.33.651
// приём по количеству байт: 13 из 13

01 00 01 00 01 00 00 02 8F 5C 28 16 05   // прием: 13 байт; 22.00.33.795
// таймаут: 144 мсек

Ki*Ku = 1*1 = 1


К. преобразования



00 08 12 F6 0D   // передача: 5 байт; 22.00.33.819
// приём по количеству байт: 6 из 6

01 00 00 10 00 14   // прием: 6 байт; 22.00.33.951
// таймаут: 132 мсек

Kp = 5000*2 = 10000
*для использования в сумматоре СЭМ+2 К. преобразования необходимо умножать на 2

К. пропорциональности
Ke = Ki*Ku/Kp*2 = 0,0001




00 05 31 00 05 B5   // передача: 6 байт; 22.00.33.981
// приём по количеству байт: 19 из 19

01 00 01 F5 7F 00 00 00 00 00 00 B3 40 00 00 39 F1 76 32   // прием: 19 байт; 22.00.34.133
// таймаут: 152 мсек




00 05 32 00 05 45   // передача: 6 байт; 22.00.34.135
// приём по таймауту: 1000 мс

01 01 C1 E0   // прием: 4 байт; 22.00.35.279
// таймаут: 1144 мсек

Нет данных за месяц: 2



00 05 33 00 04 D5   // передача: 6 байт; 22.00.35.284
// приём по таймауту: 1000 мс

01 01 C1 E0   // прием: 4 байт; 22.00.36.416
// таймаут: 1132 мсек

Нет данных за месяц: 3



00 05 34 00 06 E5   // передача: 6 байт; 22.00.36.422
// приём по таймауту: 1000 мс

01 01 C1 E0   // прием: 4 байт; 22.00.37.557
// таймаут: 1135 мсек

Нет данных за месяц: 4



00 05 35 00 07 75   // передача: 6 байт; 22.00.37.563
// приём по таймауту: 1000 мс

01 01 C1 E0   // прием: 4 байт; 22.00.38.695
// таймаут: 1132 мсек

Нет данных за месяц: 5



00 05 36 00 07 85   // передача: 6 байт; 22.00.38.700

// версия от 6 сентября 2014 года
