

Cчетчик: номер 0

Открытие канала



00 01 30 30 30 30 30 30 0E 24   // передача: 10 байт; 19.46.27.615
// приём по количеству байт: 4 из 4

01 00 00 20   // прием: 4 байт; 19.46.27.751
// таймаут: 136 мсек

Канал открыт успешно


Время



00 04 00 73 00   // передача: 5 байт; 19.46.27.754
// приём по количеству байт: 11 из 11

01 19 46 19 05 18 01 19 01 B2 FB   // прием: 11 байт; 19.46.27.895
// таймаут: 141 мсек

время счетчика:   19:46:19 18.01.19
день недели:      5 - пятница
сезонное время:   1 - зима

время компьютера: 19:46:27 18.01.19
разница:           - 8 секунд(а) 


К. трансформации



00 08 02 F7 C1   // передача: 5 байт; 19.46.27.904
// приём по количеству байт: 13 из 13

01 00 01 00 01 00 00 02 8F 5C 28 16 05   // прием: 13 байт; 19.46.28.49
// таймаут: 145 мсек

Ki*Ku = 1*1 = 1


К. преобразования



00 08 12 F6 0D   // передача: 5 байт; 19.46.28.55
// приём по количеству байт: 6 из 6

01 00 00 10 00 14   // прием: 6 байт; 19.46.28.187
// таймаут: 132 мсек

Kp = 5000*2 = 10000
*для использования в сумматоре СЭМ+2 К. преобразования необходимо умножать на 2

К. пропорциональности
Ke = Ki*Ku/Kp*2 = 0,0001



00 05 31 00 05 B5   // передача: 6 байт; 19.46.28.194
// приём по количеству байт: 19 из 19

01 00 01 EC 32 00 00 00 00 00 00 B3 40 00 00 37 D5 87 1D   // прием: 19 байт; 19.46.28.349
// таймаут: 155 мсек

Есть данные за месяц: 1



00 05 32 00 05 45   // передача: 6 байт; 19.46.28.350
// приём по таймауту: 1000 мс

01 01 C1 E0   // прием: 4 байт; 19.46.29.504
// таймаут: 1154 мсек

Нет данных за месяц: 2



00 05 33 00 04 D5   // передача: 6 байт; 19.46.29.571
// приём по таймауту: 1000 мс

01 01 C1 E0   // прием: 4 байт; 19.46.30.701
// таймаут: 1130 мсек

Нет данных за месяц: 3



00 05 34 00 06 E5   // передача: 6 байт; 19.46.30.775
// приём по таймауту: 1000 мс

01 01 C1 E0   // прием: 4 байт; 19.46.31.904
// таймаут: 1129 мсек

Нет данных за месяц: 4



00 05 35 00 07 75   // передача: 6 байт; 19.46.31.974
// приём по таймауту: 1000 мс

01 01 C1 E0   // прием: 4 байт; 19.46.33.100
// таймаут: 1126 мсек

Нет данных за месяц: 5



00 05 36 00 07 85   // передача: 6 байт; 19.46.33.158
// приём по таймауту: 1000 мс

01 01 C1 E0   // прием: 4 байт; 19.46.34.285
// таймаут: 1127 мсек

Нет данных за месяц: 6



00 05 37 00 06 15   // передача: 6 байт; 19.46.34.338
// приём по таймауту: 1000 мс

01 01 C1 E0   // прием: 4 байт; 19.46.35.475
// таймаут: 1137 мсек

Нет данных за месяц: 7



00 05 38 00 03 E5   // передача: 6 байт; 19.46.35.532
// приём по таймауту: 1000 мс

01 01 C1 E0   // прием: 4 байт; 19.46.36.677
// таймаут: 1145 мсек

Нет данных за месяц: 8



00 05 39 00 02 75   // передача: 6 байт; 19.46.36.735
// приём по таймауту: 1000 мс

01 01 C1 E0   // прием: 4 байт; 19.46.37.876
// таймаут: 1141 мсек

Нет данных за месяц: 9



00 05 3A 00 02 85   // передача: 6 байт; 19.46.37.938

// версия от 6 сентября 2014 года
