

Cчетчик: номер 0

Открытие канала



00 01 30 30 30 30 30 30 0E 24   // передача: 10 байт; 19.59.46.833
// приём по количеству байт: 4 из 4

01 00 00 20   // прием: 4 байт; 19.59.46.970
// таймаут: 137 мсек

Канал открыт успешно


Время



00 04 00 73 00   // передача: 5 байт; 19.59.46.973
// приём по количеству байт: 11 из 11

01 39 59 19 05 18 01 19 01 5E 22   // прием: 11 байт; 19.59.47.114
// таймаут: 141 мсек

время счетчика:   19:59:39 18.01.19
день недели:      5 - пятница
сезонное время:   1 - зима

время компьютера: 19:59:47 18.01.19
разница:           - 8 секунд(а) 


К. трансформации



00 08 02 F7 C1   // передача: 5 байт; 19.59.47.124
// приём по количеству байт: 13 из 13

01 00 01 00 01 00 00 02 8F 5C 28 16 05   // прием: 13 байт; 19.59.47.268
// таймаут: 144 мсек

Ki*Ku = 1*1 = 1


К. преобразования



00 08 12 F6 0D   // передача: 5 байт; 19.59.47.273
// приём по количеству байт: 6 из 6

01 00 00 10 00 14   // прием: 6 байт; 19.59.47.406
// таймаут: 133 мсек

Kp = 5000*2 = 10000
*для использования в сумматоре СЭМ+2 К. преобразования необходимо умножать на 2

К. пропорциональности
Ke = Ki*Ku/Kp*2 = 0,0001




00 05 31 00 05 B5   // передача: 6 байт; 19.59.47.417
// приём по количеству байт: 19 из 19

01 00 01 ED 3A 00 00 00 00 00 00 B3 40 00 00 38 0E DD 3F   // прием: 19 байт; 19.59.47.571
// таймаут: 154 мсек




00 05 32 00 05 45   // передача: 6 байт; 19.59.47.572
// приём по таймауту: 1000 мс

01 01 C1 E0   // прием: 4 байт; 19.59.48.707
// таймаут: 1135 мсек

Нет данных за месяц: 2



00 05 33 00 04 D5   // передача: 6 байт; 19.59.48.709
// приём по таймауту: 1000 мс

01 01 C1 E0   // прием: 4 байт; 19.59.49.846
// таймаут: 1137 мсек

Нет данных за месяц: 3



00 05 34 00 06 E5   // передача: 6 байт; 19.59.49.849
// приём по таймауту: 1000 мс

01 01 C1 E0   // прием: 4 байт; 19.59.50.985
// таймаут: 1136 мсек

Нет данных за месяц: 4



00 05 35 00 07 75   // передача: 6 байт; 19.59.50.989
// приём по таймауту: 1000 мс

01 01 C1 E0   // прием: 4 байт; 19.59.52.125
// таймаут: 1136 мсек

Нет данных за месяц: 5



00 05 36 00 07 85   // передача: 6 байт; 19.59.52.130
// приём по таймауту: 1000 мс

01 01 C1 E0   // прием: 4 байт; 19.59.53.262
// таймаут: 1132 мсек

Нет данных за месяц: 6



00 05 37 00 06 15   // передача: 6 байт; 19.59.53.267
// приём по таймауту: 1000 мс

01 01 C1 E0   // прием: 4 байт; 19.59.54.403
// таймаут: 1135 мсек

Нет данных за месяц: 7



00 05 38 00 03 E5   // передача: 6 байт; 19.59.54.408
// приём по таймауту: 1000 мс

01 01 C1 E0   // прием: 4 байт; 19.59.55.540
// таймаут: 1132 мсек

Нет данных за месяц: 8



00 05 39 00 02 75   // передача: 6 байт; 19.59.55.545
// приём по таймауту: 1000 мс

01 01 C1 E0   // прием: 4 байт; 19.59.56.679
// таймаут: 1134 мсек

Нет данных за месяц: 9



00 05 3A 00 02 85   // передача: 6 байт; 19.59.56.685
// приём по таймауту: 1000 мс

01 01 C1 E0   // прием: 4 байт; 19.59.57.818
// таймаут: 1133 мсек

Нет данных за месяц: 10



00 05 3B 00 03 15   // передача: 6 байт; 19.59.57.824
// приём по таймауту: 1000 мс

01 01 C1 E0   // прием: 4 байт; 19.59.58.956
// таймаут: 1132 мсек

Нет данных за месяц: 11



00 05 3C 00 01 25   // передача: 6 байт; 19.59.58.961
// приём по таймауту: 1000 мс

01 01 C1 E0   // прием: 4 байт; 20.00.00.96
// таймаут: 1135 мсек

Нет данных за месяц: 12


Импульсы по месяцам
            01.19       02.18       03.18       04.18       05.18       06.18       07.18       08.18       09.18       10.18       11.18       12.18       
            месяц 1     месяц 2     месяц 3     месяц 4     месяц 5     месяц 6     месяц 7     месяц 8     месяц 9     месяц 10    месяц 11    месяц 12    
канал A+    126266      нет         нет         нет         нет         нет         нет         нет         нет         нет         нет         нет         
канал A-    0           нет         нет         нет         нет         нет         нет         нет         нет         нет         нет         нет         
канал R+    45888       нет         нет         нет         нет         нет         нет         нет         нет         нет         нет         нет         
канал R-    14350       нет         нет         нет         нет         нет         нет         нет         нет         нет         нет         нет         

Энергия по месяцам
            01.19       02.18       03.18       04.18       05.18       06.18       07.18       08.18       09.18       10.18       11.18       12.18       
            месяц 1     месяц 2     месяц 3     месяц 4     месяц 5     месяц 6     месяц 7     месяц 8     месяц 9     месяц 10    месяц 11    месяц 12    
канал A+    12,6266     нет         нет         нет         нет         нет         нет         нет         нет         нет         нет         нет         
канал A-    0,0000      нет         нет         нет         нет         нет         нет         нет         нет         нет         нет         нет         
канал R+    4,5888      нет         нет         нет         нет         нет         нет         нет         нет         нет         нет         нет         
канал R-    1,4350      нет         нет         нет         нет         нет         нет         нет         нет         нет         нет         нет         


Начало опроса: 19:59:46 18.01.19
Конец опроса:  20:00:00 18.01.19
Длительность опроса: - 14 секунд(а) 
 
Опрос успешно завершен


Cчетчик: номер 0

Открытие канала



00 01 30 30 30 30 30 30 0E 24   // передача: 10 байт; 20.01.00.169
// приём по количеству байт: 4 из 4

01 00 00 20   // прием: 4 байт; 20.01.00.307
// таймаут: 138 мсек

Канал открыт успешно


Время



00 04 00 73 00   // передача: 5 байт; 20.01.00.339
// приём по количеству байт: 11 из 11

01 52 00 20 05 18 01 19 01 D5 D5   // прием: 11 байт; 20.01.00.480
// таймаут: 141 мсек

время счетчика:   20:00:52 18.01.19
день недели:      5 - пятница
сезонное время:   1 - зима

время компьютера: 20:01:00 18.01.19
разница:           - 8 секунд(а) 


К. трансформации



00 08 02 F7 C1   // передача: 5 байт; 20.01.00.549
// приём по количеству байт: 13 из 13

01 00 01 00 01 00 00 02 8F 5C 28 16 05   // прием: 13 байт; 20.01.00.691
// таймаут: 142 мсек

Ki*Ku = 1*1 = 1


К. преобразования



00 08 12 F6 0D   // передача: 5 байт; 20.01.00.717
// приём по количеству байт: 6 из 6

01 00 00 10 00 14   // прием: 6 байт; 20.01.00.849
// таймаут: 132 мсек

Kp = 5000*2 = 10000
*для использования в сумматоре СЭМ+2 К. преобразования необходимо умножать на 2

К. пропорциональности
Ke = Ki*Ku/Kp*2 = 0,0001



00 05 00 00 10 25   // передача: 6 байт; 20.01.00.876
// приём по количеству байт: 19 из 19

01 00 02 52 3B 00 00 00 00 00 00 F0 A0 00 00 39 F0 2D F5   // прием: 19 байт; 20.01.01.31
// таймаут: 155 мсек



Импульсы всего
            всего       
канал A+    152123      
канал A-    0           
канал R+    61600       
канал R-    14832       

Энергия всего
            всего       
канал A+    15,2123     
канал A-    0,0000      
канал R+    6,1600      
канал R-    1,4832      




00 05 31 00 05 B5   // передача: 6 байт; 20.01.01.132
// приём по количеству байт: 19 из 19

01 00 01 ED 52 00 00 00 00 00 00 B3 40 00 00 38 13 83 DE   // прием: 19 байт; 20.01.01.286
// таймаут: 154 мсек




00 05 32 00 05 45   // передача: 6 байт; 20.01.01.287
// приём по таймауту: 1000 мс

01 01 C1 E0   // прием: 4 байт; 20.01.02.418
// таймаут: 1131 мсек

Нет данных за месяц: 2



00 05 33 00 04 D5   // передача: 6 байт; 20.01.02.424
// приём по таймауту: 1000 мс

01 01 C1 E0   // прием: 4 байт; 20.01.03.558
// таймаут: 1134 мсек

Нет данных за месяц: 3



00 05 34 00 06 E5   // передача: 6 байт; 20.01.03.565
// приём по таймауту: 1000 мс

01 01 C1 E0   // прием: 4 байт; 20.01.04.711
// таймаут: 1146 мсек

Нет данных за месяц: 4



00 05 35 00 07 75   // передача: 6 байт; 20.01.04.717
// приём по таймауту: 1000 мс

01 01 C1 E0   // прием: 4 байт; 20.01.05.850
// таймаут: 1133 мсек

Нет данных за месяц: 5



00 05 36 00 07 85   // передача: 6 байт; 20.01.05.858
// приём по таймауту: 1000 мс

01 01 C1 E0   // прием: 4 байт; 20.01.06.988
// таймаут: 1130 мсек

Нет данных за месяц: 6



00 05 37 00 06 15   // передача: 6 байт; 20.01.06.995
// приём по таймауту: 1000 мс

01 01 C1 E0   // прием: 4 байт; 20.01.08.127
// таймаут: 1132 мсек

Нет данных за месяц: 7



00 05 38 00 03 E5   // передача: 6 байт; 20.01.08.133
// приём по таймауту: 1000 мс

01 01 C1 E0   // прием: 4 байт; 20.01.09.267
// таймаут: 1134 мсек

Нет данных за месяц: 8



00 05 39 00 02 75   // передача: 6 байт; 20.01.09.273
// приём по таймауту: 1000 мс

01 01 C1 E0   // прием: 4 байт; 20.01.10.405
// таймаут: 1132 мсек

Нет данных за месяц: 9



00 05 3A 00 02 85   // передача: 6 байт; 20.01.10.412
// приём по таймауту: 1000 мс

01 01 C1 E0   // прием: 4 байт; 20.01.11.560
// таймаут: 1148 мсек

Нет данных за месяц: 10



00 05 3B 00 03 15   // передача: 6 байт; 20.01.11.566
// приём по таймауту: 1000 мс

01 01 C1 E0   // прием: 4 байт; 20.01.12.713
// таймаут: 1147 мсек

Нет данных за месяц: 11



00 05 3C 00 01 25   // передача: 6 байт; 20.01.12.720
// приём по таймауту: 1000 мс

01 01 C1 E0   // прием: 4 байт; 20.01.13.853
// таймаут: 1133 мсек

Нет данных за месяц: 12


Импульсы по месяцам
            01.19       02.18       03.18       04.18       05.18       06.18       07.18       08.18       09.18       10.18       11.18       12.18       
            месяц 1     месяц 2     месяц 3     месяц 4     месяц 5     месяц 6     месяц 7     месяц 8     месяц 9     месяц 10    месяц 11    месяц 12    
канал A+    126290      нет         нет         нет         нет         нет         нет         нет         нет         нет         нет         нет         
канал A-    0           нет         нет         нет         нет         нет         нет         нет         нет         нет         нет         нет         
канал R+    45888       нет         нет         нет         нет         нет         нет         нет         нет         нет         нет         нет         
канал R-    14355       нет         нет         нет         нет         нет         нет         нет         нет         нет         нет         нет         

Энергия по месяцам
            01.19       02.18       03.18       04.18       05.18       06.18       07.18       08.18       09.18       10.18       11.18       12.18       
            месяц 1     месяц 2     месяц 3     месяц 4     месяц 5     месяц 6     месяц 7     месяц 8     месяц 9     месяц 10    месяц 11    месяц 12    
канал A+    12,6290     нет         нет         нет         нет         нет         нет         нет         нет         нет         нет         нет         
канал A-    0,0000      нет         нет         нет         нет         нет         нет         нет         нет         нет         нет         нет         
канал R+    4,5888      нет         нет         нет         нет         нет         нет         нет         нет         нет         нет         нет         
канал R-    1,4355      нет         нет         нет         нет         нет         нет         нет         нет         нет         нет         нет         


Начало опроса: 20:01:00 18.01.19
Конец опроса:  20:01:14 18.01.19
Длительность опроса: - 14 секунд(а) 
 
Опрос успешно завершен

// версия от 6 сентября 2014 года
