

Cчетчик: номер 0

Открытие канала



00 01 30 30 30 30 30 30 0E 24   // передача: 10 байт; 20.07.15.755
// приём по количеству байт: 4 из 4

01 00 00 20   // прием: 4 байт; 20.07.15.893
// таймаут: 138 мсек

Канал открыт успешно


Время



00 04 00 73 00   // передача: 5 байт; 20.07.15.896
// приём по количеству байт: 11 из 11

01 08 07 20 05 18 01 19 01 26 56   // прием: 11 байт; 20.07.16.37
// таймаут: 141 мсек

время счетчика:   20:07:08 18.01.19
день недели:      5 - пятница
сезонное время:   1 - зима

время компьютера: 20:07:16 18.01.19
разница:           - 8 секунд(а) 


К. трансформации



00 08 02 F7 C1   // передача: 5 байт; 20.07.16.46
// приём по количеству байт: 13 из 13

01 00 01 00 01 00 00 02 8F 5C 28 16 05   // прием: 13 байт; 20.07.16.190
// таймаут: 144 мсек

Ki*Ku = 1*1 = 1


К. преобразования



00 08 12 F6 0D   // передача: 5 байт; 20.07.16.195
// приём по количеству байт: 6 из 6

01 00 00 10 00 14   // прием: 6 байт; 20.07.16.329
// таймаут: 134 мсек

Kp = 5000*2 = 10000
*для использования в сумматоре СЭМ+2 К. преобразования необходимо умножать на 2

К. пропорциональности
Ke = Ki*Ku/Kp*2 = 0,0001



00 05 00 00 10 25   // передача: 6 байт; 20.07.16.336
// приём по количеству байт: 19 из 19

01 00 02 52 AA 00 00 00 00 00 00 F0 A0 00 00 3A 0A 6E 96   // прием: 19 байт; 20.07.16.491
// таймаут: 155 мсек



Импульсы всего
            всего       
канал A+    152234      
канал A-    0           
канал R+    61600       
канал R-    14858       

Энергия всего
            всего       
канал A+    15,2234     
канал A-    0,0000      
канал R+    6,1600      
канал R-    1,4858      




00 05 31 00 05 B5   // передача: 6 байт; 20.07.16.562
// приём по количеству байт: 19 из 19

01 00 01 ED C0 00 00 00 00 00 00 B3 40 00 00 38 2D C4 1D   // прием: 19 байт; 20.07.16.716
// таймаут: 154 мсек




00 05 32 00 05 45   // передача: 6 байт; 20.07.16.717
// приём по таймауту: 1000 мс

01 01 C1 E0   // прием: 4 байт; 20.07.17.849
// таймаут: 1132 мсек

Нет данных за месяц: 2



00 05 33 00 04 D5   // передача: 6 байт; 20.07.17.854
// приём по таймауту: 1000 мс

01 01 C1 E0   // прием: 4 байт; 20.07.18.988
// таймаут: 1134 мсек

Нет данных за месяц: 3



00 05 34 00 06 E5   // передача: 6 байт; 20.07.18.993
// приём по таймауту: 1000 мс

01 01 C1 E0   // прием: 4 байт; 20.07.20.127
// таймаут: 1134 мсек

Нет данных за месяц: 4



00 05 35 00 07 75   // передача: 6 байт; 20.07.20.132
// приём по таймауту: 1000 мс

01 01 C1 E0   // прием: 4 байт; 20.07.21.266
// таймаут: 1134 мсек

Нет данных за месяц: 5



00 05 36 00 07 85   // передача: 6 байт; 20.07.21.272
// приём по таймауту: 1000 мс

01 01 C1 E0   // прием: 4 байт; 20.07.22.404
// таймаут: 1132 мсек

Нет данных за месяц: 6



00 05 37 00 06 15   // передача: 6 байт; 20.07.22.409
// приём по таймауту: 1000 мс

01 01 C1 E0   // прием: 4 байт; 20.07.23.543
// таймаут: 1134 мсек

Нет данных за месяц: 7



00 05 38 00 03 E5   // передача: 6 байт; 20.07.23.549
// приём по таймауту: 1000 мс

01 01 C1 E0   // прием: 4 байт; 20.07.24.684
// таймаут: 1135 мсек

Нет данных за месяц: 8



00 05 39 00 02 75   // передача: 6 байт; 20.07.24.690
// приём по таймауту: 1000 мс

01 01 C1 E0   // прием: 4 байт; 20.07.25.822
// таймаут: 1132 мсек

Нет данных за месяц: 9



00 05 3A 00 02 85   // передача: 6 байт; 20.07.25.827
// приём по таймауту: 1000 мс

01 01 C1 E0   // прием: 4 байт; 20.07.26.960
// таймаут: 1133 мсек

Нет данных за месяц: 10



00 05 3B 00 03 15   // передача: 6 байт; 20.07.26.966
// приём по таймауту: 1000 мс

01 01 C1 E0   // прием: 4 байт; 20.07.28.99
// таймаут: 1133 мсек

Нет данных за месяц: 11



00 05 3C 00 01 25   // передача: 6 байт; 20.07.28.106
// приём по таймауту: 1000 мс

01 01 C1 E0   // прием: 4 байт; 20.07.29.238
// таймаут: 1132 мсек

Нет данных за месяц: 12


Импульсы по месяцам
            01.19       02.18       03.18       04.18       05.18       06.18       07.18       08.18       09.18       10.18       11.18       12.18       
            месяц 1     месяц 2     месяц 3     месяц 4     месяц 5     месяц 6     месяц 7     месяц 8     месяц 9     месяц 10    месяц 11    месяц 12    
канал A+    126400      нет         нет         нет         нет         нет         нет         нет         нет         нет         нет         нет         
канал A-    0           нет         нет         нет         нет         нет         нет         нет         нет         нет         нет         нет         
канал R+    45888       нет         нет         нет         нет         нет         нет         нет         нет         нет         нет         нет         
канал R-    14381       нет         нет         нет         нет         нет         нет         нет         нет         нет         нет         нет         

Энергия по месяцам
            01.19       02.18       03.18       04.18       05.18       06.18       07.18       08.18       09.18       10.18       11.18       12.18       
            месяц 1     месяц 2     месяц 3     месяц 4     месяц 5     месяц 6     месяц 7     месяц 8     месяц 9     месяц 10    месяц 11    месяц 12    
канал A+    12,6400     нет         нет         нет         нет         нет         нет         нет         нет         нет         нет         нет         
канал A-    0,0000      нет         нет         нет         нет         нет         нет         нет         нет         нет         нет         нет         
канал R+    4,5888      нет         нет         нет         нет         нет         нет         нет         нет         нет         нет         нет         
канал R-    1,4381      нет         нет         нет         нет         нет         нет         нет         нет         нет         нет         нет         


Начало опроса: 20:07:15 18.01.19
Конец опроса:  20:07:29 18.01.19
Длительность опроса: - 14 секунд(а) 
 
Опрос успешно завершен

// версия от 6 сентября 2014 года
