

Cчетчик: номер 0

Открытие канала



00 01 30 30 30 30 30 30 0E 24   // передача: 10 байт; 08.02.13.759


00 00 14 00 AC 02 04 00 00 01 30 30 30 30 30 30 0E 24 54 CD   // передача: 20 байт; 08.02.13.759
// приём по количеству байт: 11 из 11

01 00 0B 00 AC 01 00 00 20 2D 9C   // прием: 11 байт; 08.02.13.814
// таймаут: 55 мсек


01 00 00 20   // прием: 4 байт; 08.02.13.815
// таймаут: 56 мсек

Канал открыт успешно


Время



00 04 00 73 00   // передача: 5 байт; 08.02.13.915


00 00 0F 00 AC 02 0B 00 00 04 00 73 00 81 E1   // передача: 15 байт; 08.02.13.915
// приём по количеству байт: 18 из 18

01 00 12 00 AC 01 04 02 08 02 22 01 19 01 CC 33 F8 47   // прием: 18 байт; 08.02.13.973
// таймаут: 58 мсек


01 04 02 08 02 22 01 19 01 CC 33   // прием: 11 байт; 08.02.13.974
// таймаут: 59 мсек

время счетчика:   08:02:04 22.01.19
день недели:      2 - вторник
сезонное время:   1 - зима

время компьютера: 08:02:13 22.01.19
разница:           - 9 секунд(а) 


Версия



00 08 03 36 01   // передача: 5 байт; 08.02.14.86


00 00 0F 00 AC 02 06 00 00 08 03 36 01 5D 21   // передача: 15 байт; 08.02.14.86
// приём по количеству байт: 13 из 13

01 00 0D 00 AC 01 1C 1A 02 4A BF 36 99   // прием: 13 байт; 08.02.14.137
// таймаут: 51 мсек


01 1C 1A 02 4A BF   // прием: 6 байт; 08.02.14.137
// таймаут: 51 мсек

22.20.2


К. трансформации



00 08 02 F7 C1   // передача: 5 байт; 08.02.14.242


00 00 0F 00 AC 02 0D 00 00 08 02 F7 C1 E7 E1   // передача: 15 байт; 08.02.14.242
// приём по количеству байт: 20 из 20

01 00 14 00 AC 01 00 01 00 01 00 00 02 8F 5C 28 16 05 80 50   // прием: 20 байт; 08.02.14.304
// таймаут: 62 мсек


01 00 01 00 01 00 00 02 8F 5C 28 16 05   // прием: 13 байт; 08.02.14.304
// таймаут: 62 мсек

Ki*Ku = 1*1 = 1


К. преобразования



00 08 12 F6 0D   // передача: 5 байт; 08.02.14.414


00 00 0F 00 AC 02 06 00 00 08 12 F6 0D 5D 21   // передача: 15 байт; 08.02.14.414
// приём по количеству байт: 13 из 13

01 00 0D 00 AC 01 00 00 10 00 14 36 99   // прием: 13 байт; 08.02.14.464
// таймаут: 50 мсек


01 00 00 10 00 14   // прием: 6 байт; 08.02.14.465
// таймаут: 51 мсек

Kp = 5000*2 = 10000
*для использования в сумматоре СЭМ+2 К. преобразования необходимо умножать на 2

К. пропорциональности
Ke = Ki*Ku/Kp*2 = 0,0001
Указатель на вершину блоков



00 08 04 77 C3   // передача: 5 байт; 08.02.14.570


00 00 0F 00 AC 02 0A 00 00 08 04 77 C3 91 21   // передача: 15 байт; 08.02.14.570
// приём по количеству байт: 17 из 17

01 00 11 00 AC 01 80 08 22 01 19 85 D0 4A 77 F0 FB   // прием: 17 байт; 08.02.14.627
// таймаут: 57 мсек


01 80 08 22 01 19 85 D0 4A 77   // прием: 10 байт; 08.02.14.627
// таймаут: 57 мсек


Энергия по часам:
Вершина: 
08:00 22.01.19    1427 0x85D0      переполнение: да 
Вершина с учетом смещения 0: 1427
Заголовок блока



00 06 03 85 C8 08 CF B0   // передача: 8 байт; 08.02.14.757


00 00 12 00 AC 02 0B 00 00 06 03 85 C8 08 CF B0 05 65   // передача: 18 байт; 08.02.14.757
// приём по количеству байт: 18 из 18

01 00 12 00 AC 01 08 22 01 19 01 1E 63 00 51 DD F8 47   // прием: 18 байт; 08.02.14.832
// таймаут: 75 мсек


01 08 22 01 19 01 1E 63 00 51 DD   // прием: 11 байт; 08.02.14.832
// таймаут: 75 мсек


08    22.01.19    1427 0x85C8      1 - зима    период: 30  к.сумма: да 
Данные блока



00 06 03 85 D0 10 C5 BA   // передача: 8 байт; 08.02.14.944


00 00 12 00 AC 02 13 00 00 06 03 85 D0 10 C5 BA 85 1A   // передача: 18 байт; 08.02.14.944
// приём по количеству байт: 26 из 26

01 00 1A 00 AC 01 80 00 80 00 80 00 80 00 80 00 80 00 80 00 80 00 9B 36 B0 40   // прием: 26 байт; 08.02.15.32
// таймаут: 88 мсек


01 80 00 80 00 80 00 80 00 80 00 80 00 80 00 80 00 9B 36   // прием: 19 байт; 08.02.15.32
// таймаут: 88 мсек

0           0           0           0           
0           0           0           0           
Заголовок блока



00 06 03 85 B0 08 ED B0   // передача: 8 байт; 08.02.15.147


00 00 12 00 AC 02 0B 00 00 06 03 85 B0 08 ED B0 05 65   // передача: 18 байт; 08.02.15.147
// приём по количеству байт: 18 из 18

01 00 12 00 AC 01 07 22 01 19 01 1E 62 00 10 0D F8 47   // прием: 18 байт; 08.02.15.222
// таймаут: 75 мсек


01 07 22 01 19 01 1E 62 00 10 0D   // прием: 11 байт; 08.02.15.223
// таймаут: 76 мсек


07    22.01.19    1426 0x85B0      1 - зима    период: 30  к.сумма: да 
Данные блока



00 06 03 85 B8 10 EA 7A   // передача: 8 байт; 08.02.15.334


00 00 12 00 AC 02 13 00 00 06 03 85 B8 10 EA 7A 85 1A   // передача: 18 байт; 08.02.15.334
// приём по количеству байт: 26 из 26

01 00 1A 00 AC 01 80 00 80 00 80 00 80 00 81 CB 80 00 80 00 80 7E A0 16 B0 40   // прием: 26 байт; 08.02.15.410
// таймаут: 76 мсек


01 80 00 80 00 80 00 80 00 81 CB 80 00 80 00 80 7E A0 16   // прием: 19 байт; 08.02.15.410
// таймаут: 76 мсек

0           0           0           0           
459         0           0           126         
Заголовок блока



00 06 03 85 98 08 F3 B0   // передача: 8 байт; 08.02.15.521


00 00 12 00 AC 02 0B 00 00 06 03 85 98 08 F3 B0 05 65   // передача: 18 байт; 08.02.15.521
// приём по количеству байт: 18 из 18

01 00 12 00 AC 01 06 22 01 19 01 1E 61 00 D1 31 F8 47   // прием: 18 байт; 08.02.15.584
// таймаут: 63 мсек


01 06 22 01 19 01 1E 61 00 D1 31   // прием: 11 байт; 08.02.15.585
// таймаут: 64 мсек


06    22.01.19    1425 0x8598      1 - зима    период: 30  к.сумма: да 
Данные блока



00 06 03 85 A0 10 E0 7A   // передача: 8 байт; 08.02.15.693


00 00 12 00 AC 02 13 00 00 06 03 85 A0 10 E0 7A 85 1A   // передача: 18 байт; 08.02.15.693
// приём по количеству байт: 26 из 26

01 00 1A 00 AC 01 80 00 80 00 80 00 80 00 80 00 80 00 80 00 80 00 9B 36 B0 40   // прием: 26 байт; 08.02.15.769
// таймаут: 76 мсек


01 80 00 80 00 80 00 80 00 80 00 80 00 80 00 80 00 9B 36   // прием: 19 байт; 08.02.15.769
// таймаут: 76 мсек

0           0           0           0           
0           0           0           0           
Заголовок блока



00 06 03 85 80 08 F9 B0   // передача: 8 байт; 08.02.15.880


00 00 12 00 AC 02 0B 00 00 06 03 85 80 08 F9 B0 05 65   // передача: 18 байт; 08.02.15.880
// приём по количеству байт: 18 из 18

01 00 12 00 AC 01 05 22 01 19 01 1E 60 00 90 B4 F8 47   // прием: 18 байт; 08.02.15.943
// таймаут: 63 мсек


01 05 22 01 19 01 1E 60 00 90 B4   // прием: 11 байт; 08.02.15.944
// таймаут: 64 мсек


05    22.01.19    1424 0x8580      1 - зима    период: 30  к.сумма: да 
Данные блока



00 06 03 85 88 10 FE 7A   // передача: 8 байт; 08.02.16.52


00 00 12 00 AC 02 13 00 00 06 03 85 88 10 FE 7A 85 1A   // передача: 18 байт; 08.02.16.52
// приём по количеству байт: 26 из 26

01 00 1A 00 AC 01 80 00 80 00 80 00 80 00 80 00 80 00 80 00 80 00 9B 36 B0 40   // прием: 26 байт; 08.02.16.128
// таймаут: 76 мсек


01 80 00 80 00 80 00 80 00 80 00 80 00 80 00 80 00 9B 36   // прием: 19 байт; 08.02.16.128
// таймаут: 76 мсек

0           0           0           0           
0           0           0           0           
Заголовок блока



00 06 03 85 68 08 B7 B0   // передача: 8 байт; 08.02.16.239


00 00 12 00 AC 02 0B 00 00 06 03 85 68 08 B7 B0 05 65   // передача: 18 байт; 08.02.16.239
// приём по количеству байт: 18 из 18

01 00 12 00 AC 01 04 22 01 19 01 1E 5F 00 40 88 F8 47   // прием: 18 байт; 08.02.16.302
// таймаут: 63 мсек


01 04 22 01 19 01 1E 5F 00 40 88   // прием: 11 байт; 08.02.16.303
// таймаут: 64 мсек


04    22.01.19    1423 0x8568      1 - зима    период: 30  к.сумма: да 
Данные блока



00 06 03 85 70 10 BD BA   // передача: 8 байт; 08.02.16.411


00 00 12 00 AC 02 13 00 00 06 03 85 70 10 BD BA 85 1A   // передача: 18 байт; 08.02.16.411
// приём по количеству байт: 26 из 26

01 00 1A 00 AC 01 80 00 80 00 80 00 80 00 80 00 80 00 80 00 80 00 9B 36 B0 40   // прием: 26 байт; 08.02.16.487
// таймаут: 76 мсек


01 80 00 80 00 80 00 80 00 80 00 80 00 80 00 80 00 9B 36   // прием: 19 байт; 08.02.16.487
// таймаут: 76 мсек

0           0           0           0           
0           0           0           0           
Заголовок блока



00 06 03 85 50 08 A4 70   // передача: 8 байт; 08.02.16.598


00 00 12 00 AC 02 0B 00 00 06 03 85 50 08 A4 70 05 65   // передача: 18 байт; 08.02.16.598
// приём по количеству байт: 18 из 18

01 00 12 00 AC 01 03 22 01 19 01 1E 5E 00 00 FE F8 47   // прием: 18 байт; 08.02.16.661
// таймаут: 63 мсек


01 03 22 01 19 01 1E 5E 00 00 FE   // прием: 11 байт; 08.02.16.662
// таймаут: 64 мсек


03    22.01.19    1422 0x8550      1 - зима    период: 30  к.сумма: да 
Данные блока



00 06 03 85 58 10 A3 BA   // передача: 8 байт; 08.02.16.769


00 00 12 00 AC 02 13 00 00 06 03 85 58 10 A3 BA 85 1A   // передача: 18 байт; 08.02.16.769
// приём по количеству байт: 26 из 26

01 00 1A 00 AC 01 80 00 80 00 80 00 80 00 80 00 80 00 80 00 80 00 9B 36 B0 40   // прием: 26 байт; 08.02.16.845
// таймаут: 76 мсек


01 80 00 80 00 80 00 80 00 80 00 80 00 80 00 80 00 9B 36   // прием: 19 байт; 08.02.16.845
// таймаут: 76 мсек

0           0           0           0           
0           0           0           0           
Заголовок блока



00 06 03 85 38 08 8B B0   // передача: 8 байт; 08.02.16.957


00 00 12 00 AC 02 0B 00 00 06 03 85 38 08 8B B0 05 65   // передача: 18 байт; 08.02.16.957
// приём по количеству байт: 18 из 18

01 00 12 00 AC 01 02 22 01 19 01 1E 5D 00 C1 C2 F8 47   // прием: 18 байт; 08.02.17.20
// таймаут: 63 мсек


01 02 22 01 19 01 1E 5D 00 C1 C2   // прием: 11 байт; 08.02.17.21
// таймаут: 64 мсек


02    22.01.19    1421 0x8538      1 - зима    период: 30  к.сумма: да 
Данные блока



00 06 03 85 40 10 A9 BA   // передача: 8 байт; 08.02.17.128


00 00 12 00 AC 02 13 00 00 06 03 85 40 10 A9 BA 85 1A   // передача: 18 байт; 08.02.17.128
// приём по количеству байт: 26 из 26

01 00 1A 00 AC 01 80 00 80 00 80 00 80 00 80 00 80 00 80 00 80 00 9B 36 B0 40   // прием: 26 байт; 08.02.17.204
// таймаут: 76 мсек


01 80 00 80 00 80 00 80 00 80 00 80 00 80 00 80 00 9B 36   // прием: 19 байт; 08.02.17.204
// таймаут: 76 мсек

0           0           0           0           
0           0           0           0           
Заголовок блока



00 06 03 85 20 08 81 B0   // передача: 8 байт; 08.02.17.315


00 00 12 00 AC 02 0B 00 00 06 03 85 20 08 81 B0 05 65   // передача: 18 байт; 08.02.17.315
// приём по количеству байт: 18 из 18

01 00 12 00 AC 01 01 22 01 19 01 1E 5C 00 80 47 F8 47   // прием: 18 байт; 08.02.17.378
// таймаут: 63 мсек


01 01 22 01 19 01 1E 5C 00 80 47   // прием: 11 байт; 08.02.17.379
// таймаут: 64 мсек


01    22.01.19    1420 0x8520      1 - зима    период: 30  к.сумма: да 
Данные блока



00 06 03 85 28 10 86 7A   // передача: 8 байт; 08.02.17.487


00 00 12 00 AC 02 13 00 00 06 03 85 28 10 86 7A 85 1A   // передача: 18 байт; 08.02.17.487
// приём по количеству байт: 26 из 26

01 00 1A 00 AC 01 80 00 80 00 80 00 80 00 80 00 80 00 80 00 80 00 9B 36 B0 40   // прием: 26 байт; 08.02.17.563
// таймаут: 76 мсек


01 80 00 80 00 80 00 80 00 80 00 80 00 80 00 80 00 9B 36   // прием: 19 байт; 08.02.17.563
// таймаут: 76 мсек

0           0           0           0           
0           0           0           0           
Заголовок блока



00 06 03 85 08 08 9F B0   // передача: 8 байт; 08.02.17.674


00 00 12 00 AC 02 0B 00 00 06 03 85 08 08 9F B0 05 65   // передача: 18 байт; 08.02.17.674
// приём по количеству байт: 18 из 18

01 00 12 00 AC 01 00 22 01 19 01 1E 5B 00 43 BB F8 47   // прием: 18 байт; 08.02.17.737
// таймаут: 63 мсек


01 00 22 01 19 01 1E 5B 00 43 BB   // прием: 11 байт; 08.02.17.738
// таймаут: 64 мсек


00    22.01.19    1419 0x8508      1 - зима    период: 30  к.сумма: да 
Данные блока



00 06 03 85 10 10 95 BA   // передача: 8 байт; 08.02.17.846


00 00 12 00 AC 02 13 00 00 06 03 85 10 10 95 BA 85 1A   // передача: 18 байт; 08.02.17.846
// приём по количеству байт: 26 из 26

01 00 1A 00 AC 01 80 00 80 00 80 00 80 00 80 00 80 00 80 00 80 00 9B 36 B0 40   // прием: 26 байт; 08.02.17.922
// таймаут: 76 мсек


01 80 00 80 00 80 00 80 00 80 00 80 00 80 00 80 00 9B 36   // прием: 19 байт; 08.02.17.922
// таймаут: 76 мсек

0           0           0           0           
0           0           0           0           
Заголовок блока



00 06 03 84 F0 08 8D B0   // передача: 8 байт; 08.02.18.33


00 00 12 00 AC 02 0B 00 00 06 03 84 F0 08 8D B0 05 65   // передача: 18 байт; 08.02.18.33
// приём по количеству байт: 18 из 18

01 00 12 00 AC 01 23 21 01 19 01 1E 7D 00 28 D6 F8 47   // прием: 18 байт; 08.02.18.96
// таймаут: 63 мсек


01 23 21 01 19 01 1E 7D 00 28 D6   // прием: 11 байт; 08.02.18.97
// таймаут: 64 мсек


23    21.01.19    1418 0x84F0      1 - зима    период: 30  к.сумма: да 
Данные блока



00 06 03 84 F8 10 8A 7A   // передача: 8 байт; 08.02.18.204


00 00 12 00 AC 02 13 00 00 06 03 84 F8 10 8A 7A 85 1A   // передача: 18 байт; 08.02.18.204
// приём по количеству байт: 26 из 26

01 00 1A 00 AC 01 80 00 80 00 80 00 80 00 80 00 80 00 80 00 80 00 9B 36 B0 40   // прием: 26 байт; 08.02.18.280
// таймаут: 76 мсек


01 80 00 80 00 80 00 80 00 80 00 80 00 80 00 80 00 9B 36   // прием: 19 байт; 08.02.18.280
// таймаут: 76 мсек

0           0           0           0           
0           0           0           0           
Заголовок блока



00 06 03 84 D8 08 93 B0   // передача: 8 байт; 08.02.18.392


00 00 12 00 AC 02 0B 00 00 06 03 84 D8 08 93 B0 05 65   // передача: 18 байт; 08.02.18.392
// приём по количеству байт: 18 из 18

01 00 12 00 AC 01 22 21 01 19 01 1E 7C 00 E8 8A F8 47   // прием: 18 байт; 08.02.18.461
// таймаут: 69 мсек


01 22 21 01 19 01 1E 7C 00 E8 8A   // прием: 11 байт; 08.02.18.462
// таймаут: 70 мсек


22    21.01.19    1417 0x84D8      1 - зима    период: 30  к.сумма: да 
Данные блока



00 06 03 84 E0 10 80 7A   // передача: 8 байт; 08.02.18.579


00 00 12 00 AC 02 13 00 00 06 03 84 E0 10 80 7A 85 1A   // передача: 18 байт; 08.02.18.579
// приём по количеству байт: 26 из 26

01 00 1A 00 AC 01 81 71 80 00 80 00 80 5D 80 00 80 00 80 00 80 00 4F 11 B0 40   // прием: 26 байт; 08.02.18.655
// таймаут: 76 мсек


01 81 71 80 00 80 00 80 5D 80 00 80 00 80 00 80 00 4F 11   // прием: 19 байт; 08.02.18.655
// таймаут: 76 мсек

369         0           0           93          
0           0           0           0           
Заголовок блока



00 06 03 84 C0 08 99 B0   // передача: 8 байт; 08.02.18.766


00 00 12 00 AC 02 0B 00 00 06 03 84 C0 08 99 B0 05 65   // передача: 18 байт; 08.02.18.766
// приём по количеству байт: 18 из 18

01 00 12 00 AC 01 21 21 01 19 01 1E 7B 00 AA AF F8 47   // прием: 18 байт; 08.02.18.835
// таймаут: 69 мсек


01 21 21 01 19 01 1E 7B 00 AA AF   // прием: 11 байт; 08.02.18.836
// таймаут: 70 мсек


21    21.01.19    1416 0x84C0      1 - зима    период: 30  к.сумма: да 
Данные блока



00 06 03 84 C8 10 9E 7A   // передача: 8 байт; 08.02.18.953


00 00 12 00 AC 02 13 00 00 06 03 84 C8 10 9E 7A 85 1A   // передача: 18 байт; 08.02.18.953
// приём по количеству байт: 26 из 26

01 00 1A 00 AC 01 01 E7 00 00 00 00 00 77 01 F3 00 00 00 00 00 7C 07 EA B0 40   // прием: 26 байт; 08.02.19.29
// таймаут: 76 мсек


01 01 E7 00 00 00 00 00 77 01 F3 00 00 00 00 00 7C 07 EA   // прием: 19 байт; 08.02.19.29
// таймаут: 76 мсек

487         0           0           119         
499         0           0           124         
Заголовок блока



00 06 03 84 A8 08 B6 70   // передача: 8 байт; 08.02.19.140


00 00 12 00 AC 02 0B 00 00 06 03 84 A8 08 B6 70 05 65   // передача: 18 байт; 08.02.19.140
// приём по количеству байт: 18 из 18

01 00 12 00 AC 01 20 21 01 19 01 1E 7A 00 6A F3 F8 47   // прием: 18 байт; 08.02.19.209
// таймаут: 69 мсек


01 20 21 01 19 01 1E 7A 00 6A F3   // прием: 11 байт; 08.02.19.210
// таймаут: 70 мсек


20    21.01.19    1415 0x84A8      1 - зима    период: 30  к.сумма: да 
Данные блока



00 06 03 84 B0 10 BC 7A   // передача: 8 байт; 08.02.19.328


00 00 12 00 AC 02 13 00 00 06 03 84 B0 10 BC 7A 85 1A   // передача: 18 байт; 08.02.19.328
// приём по количеству байт: 26 из 26

01 00 1A 00 AC 01 80 00 80 00 80 00 80 00 81 76 80 00 80 00 80 59 8D 07 B0 40   // прием: 26 байт; 08.02.19.404
// таймаут: 76 мсек


01 80 00 80 00 80 00 80 00 81 76 80 00 80 00 80 59 8D 07   // прием: 19 байт; 08.02.19.404
// таймаут: 76 мсек

0           0           0           0           
374         0           0           89          
Заголовок блока



00 06 03 84 90 08 A5 B0   // передача: 8 байт; 08.02.19.515


00 00 12 00 AC 02 0B 00 00 06 03 84 90 08 A5 B0 05 65   // передача: 18 байт; 08.02.19.515
// приём по количеству байт: 18 из 18

01 00 12 00 AC 01 19 21 01 19 01 1E 73 00 AF DD F8 47   // прием: 18 байт; 08.02.19.584
// таймаут: 69 мсек


01 19 21 01 19 01 1E 73 00 AF DD   // прием: 11 байт; 08.02.19.585
// таймаут: 70 мсек


19    21.01.19    1414 0x8490      1 - зима    период: 30  к.сумма: да 
Данные блока



00 06 03 84 98 10 A2 7A   // передача: 8 байт; 08.02.19.702


00 00 12 00 AC 02 13 00 00 06 03 84 98 10 A2 7A 85 1A   // передача: 18 байт; 08.02.19.702
// приём по количеству байт: 26 из 26

01 00 1A 00 AC 01 02 2A 00 00 00 00 00 82 81 C1 80 00 80 00 80 6C 3C B5 B0 40   // прием: 26 байт; 08.02.19.778
// таймаут: 76 мсек


01 02 2A 00 00 00 00 00 82 81 C1 80 00 80 00 80 6C 3C B5   // прием: 19 байт; 08.02.19.778
// таймаут: 76 мсек

554         0           0           130         
449         0           0           108         
Заголовок блока



00 06 03 84 78 08 EB B0   // передача: 8 байт; 08.02.19.889


00 00 12 00 AC 02 0B 00 00 06 03 84 78 08 EB B0 05 65   // передача: 18 байт; 08.02.19.889
// приём по количеству байт: 18 из 18

01 00 12 00 AC 01 18 21 01 19 01 1E 72 00 6F 81 F8 47   // прием: 18 байт; 08.02.19.959
// таймаут: 70 мсек


01 18 21 01 19 01 1E 72 00 6F 81   // прием: 11 байт; 08.02.19.959
// таймаут: 70 мсек


18    21.01.19    1413 0x8478      1 - зима    период: 30  к.сумма: да 
Данные блока



00 06 03 84 80 10 A8 7A   // передача: 8 байт; 08.02.20.76


00 00 12 00 AC 02 13 00 00 06 03 84 80 10 A8 7A 85 1A   // передача: 18 байт; 08.02.20.76
// приём по количеству байт: 26 из 26

01 00 1A 00 AC 01 80 00 80 00 80 00 80 00 80 95 80 00 80 00 80 23 1F E6 B0 40   // прием: 26 байт; 08.02.20.152
// таймаут: 76 мсек


01 80 00 80 00 80 00 80 00 80 95 80 00 80 00 80 23 1F E6   // прием: 19 байт; 08.02.20.152
// таймаут: 76 мсек

0           0           0           0           
149         0           0           35          
Заголовок блока



00 06 03 84 60 08 E1 B0   // передача: 8 байт; 08.02.20.264


00 00 12 00 AC 02 0B 00 00 06 03 84 60 08 E1 B0 05 65   // передача: 18 байт; 08.02.20.264
// приём по количеству байт: 18 из 18

01 00 12 00 AC 01 17 21 01 19 01 1E 71 00 2F 31 F8 47   // прием: 18 байт; 08.02.20.327
// таймаут: 63 мсек


01 17 21 01 19 01 1E 71 00 2F 31   // прием: 11 байт; 08.02.20.328
// таймаут: 64 мсек


17    21.01.19    1412 0x8460      1 - зима    период: 30  к.сумма: да 
Данные блока



00 06 03 84 68 10 E6 7A   // передача: 8 байт; 08.02.20.435


00 00 12 00 AC 02 13 00 00 06 03 84 68 10 E6 7A 85 1A   // передача: 18 байт; 08.02.20.435
// приём по количеству байт: 26 из 26

01 00 1A 00 AC 01 80 00 80 00 80 00 80 00 80 00 80 00 80 00 80 00 9B 36 B0 40   // прием: 26 байт; 08.02.20.511
// таймаут: 76 мсек


01 80 00 80 00 80 00 80 00 80 00 80 00 80 00 80 00 9B 36   // прием: 19 байт; 08.02.20.511
// таймаут: 76 мсек

0           0           0           0           
0           0           0           0           
Заголовок блока



00 06 03 84 48 08 FF B0   // передача: 8 байт; 08.02.20.622


00 00 12 00 AC 02 0B 00 00 06 03 84 48 08 FF B0 05 65   // передача: 18 байт; 08.02.20.622
// приём по количеству байт: 18 из 18

01 00 12 00 AC 01 16 21 01 19 01 1E 70 00 EF 6D F8 47   // прием: 18 байт; 08.02.20.685
// таймаут: 63 мсек


01 16 21 01 19 01 1E 70 00 EF 6D   // прием: 11 байт; 08.02.20.686
// таймаут: 64 мсек


16    21.01.19    1411 0x8448      1 - зима    период: 30  к.сумма: да 
Данные блока



00 06 03 84 50 10 F5 BA   // передача: 8 байт; 08.02.20.794


00 00 12 00 AC 02 13 00 00 06 03 84 50 10 F5 BA 85 1A   // передача: 18 байт; 08.02.20.794
// приём по количеству байт: 26 из 26

01 00 1A 00 AC 01 80 00 80 00 80 00 80 00 80 00 80 00 80 00 80 00 9B 36 B0 40   // прием: 26 байт; 08.02.20.870
// таймаут: 76 мсек


01 80 00 80 00 80 00 80 00 80 00 80 00 80 00 80 00 9B 36   // прием: 19 байт; 08.02.20.870
// таймаут: 76 мсек

0           0           0           0           
0           0           0           0           
Заголовок блока



00 06 03 84 30 08 DD B0   // передача: 8 байт; 08.02.20.981


00 00 12 00 AC 02 0B 00 00 06 03 84 30 08 DD B0 05 65   // передача: 18 байт; 08.02.20.981
// приём по количеству байт: 18 из 18

01 00 12 00 AC 01 15 21 01 19 01 1E 6F 00 A7 48 F8 47   // прием: 18 байт; 08.02.21.44
// таймаут: 63 мсек


01 15 21 01 19 01 1E 6F 00 A7 48   // прием: 11 байт; 08.02.21.45
// таймаут: 64 мсек


15    21.01.19    1410 0x8430      1 - зима    период: 30  к.сумма: да 
Данные блока



00 06 03 84 38 10 DA 7A   // передача: 8 байт; 08.02.21.153


00 00 12 00 AC 02 13 00 00 06 03 84 38 10 DA 7A 85 1A   // передача: 18 байт; 08.02.21.153
// приём по количеству байт: 26 из 26

01 00 1A 00 AC 01 80 00 80 00 80 00 80 00 80 00 80 00 80 00 80 00 9B 36 B0 40   // прием: 26 байт; 08.02.21.229
// таймаут: 76 мсек


01 80 00 80 00 80 00 80 00 80 00 80 00 80 00 80 00 9B 36   // прием: 19 байт; 08.02.21.229
// таймаут: 76 мсек

0           0           0           0           
0           0           0           0           
Заголовок блока



00 06 03 84 18 08 C3 B0   // передача: 8 байт; 08.02.21.340


00 00 12 00 AC 02 0B 00 00 06 03 84 18 08 C3 B0 05 65   // передача: 18 байт; 08.02.21.340
// приём по количеству байт: 18 из 18

01 00 12 00 AC 01 14 21 01 19 01 1E 6E 00 67 14 F8 47   // прием: 18 байт; 08.02.21.403
// таймаут: 63 мсек


01 14 21 01 19 01 1E 6E 00 67 14   // прием: 11 байт; 08.02.21.404
// таймаут: 64 мсек


14    21.01.19    1409 0x8418      1 - зима    период: 30  к.сумма: да 
Данные блока



00 06 03 84 20 10 D0 7A   // передача: 8 байт; 08.02.21.511


00 00 12 00 AC 02 13 00 00 06 03 84 20 10 D0 7A 85 1A   // передача: 18 байт; 08.02.21.511
// приём по количеству байт: 26 из 26

01 00 1A 00 AC 01 80 00 80 00 80 00 80 00 80 00 80 00 80 00 80 00 9B 36 B0 40   // прием: 26 байт; 08.02.21.587
// таймаут: 76 мсек


01 80 00 80 00 80 00 80 00 80 00 80 00 80 00 80 00 9B 36   // прием: 19 байт; 08.02.21.587
// таймаут: 76 мсек

0           0           0           0           
0           0           0           0           
Заголовок блока



00 06 03 84 00 08 C9 B0   // передача: 8 байт; 08.02.21.699


00 00 12 00 AC 02 0B 00 00 06 03 84 00 08 C9 B0 05 65   // передача: 18 байт; 08.02.21.699
// приём по количеству байт: 18 из 18

01 00 12 00 AC 01 13 21 01 19 01 1E 6D 00 26 02 F8 47   // прием: 18 байт; 08.02.21.762
// таймаут: 63 мсек


01 13 21 01 19 01 1E 6D 00 26 02   // прием: 11 байт; 08.02.21.763
// таймаут: 64 мсек


13    21.01.19    1408 0x8400      1 - зима    период: 30  к.сумма: да 
Данные блока



00 06 03 84 08 10 CE 7A   // передача: 8 байт; 08.02.21.870


00 00 12 00 AC 02 13 00 00 06 03 84 08 10 CE 7A 85 1A   // передача: 18 байт; 08.02.21.870
// приём по количеству байт: 26 из 26

01 00 1A 00 AC 01 80 00 80 00 80 00 80 00 80 00 80 00 80 00 80 00 9B 36 B0 40   // прием: 26 байт; 08.02.21.946
// таймаут: 76 мсек


01 80 00 80 00 80 00 80 00 80 00 80 00 80 00 80 00 9B 36   // прием: 19 байт; 08.02.21.947
// таймаут: 77 мсек

0           0           0           0           
0           0           0           0           
Заголовок блока



00 06 03 83 E8 08 36 71   // передача: 8 байт; 08.02.22.57


00 00 12 00 AC 02 0B 00 00 06 03 83 E8 08 36 71 05 65   // передача: 18 байт; 08.02.22.57
// приём по количеству байт: 18 из 18

01 00 12 00 AC 01 12 21 01 19 01 1E 6C 00 E6 5E F8 47   // прием: 18 байт; 08.02.22.120
// таймаут: 63 мсек


01 12 21 01 19 01 1E 6C 00 E6 5E   // прием: 11 байт; 08.02.22.120
// таймаут: 63 мсек


12    21.01.19    1407 0x83E8      1 - зима    период: 30  к.сумма: да 
Данные блока



00 06 03 83 F0 10 3C 7B   // передача: 8 байт; 08.02.22.229


00 00 12 00 AC 02 13 00 00 06 03 83 F0 10 3C 7B 85 1A   // передача: 18 байт; 08.02.22.229
// приём по количеству байт: 26 из 26

01 00 1A 00 AC 01 80 00 80 00 80 00 80 00 80 00 80 00 80 00 80 00 9B 36 B0 40   // прием: 26 байт; 08.02.22.305
// таймаут: 76 мсек


01 80 00 80 00 80 00 80 00 80 00 80 00 80 00 80 00 9B 36   // прием: 19 байт; 08.02.22.305
// таймаут: 76 мсек

0           0           0           0           
0           0           0           0           
Заголовок блока



00 06 03 83 D0 08 25 B1   // передача: 8 байт; 08.02.22.416


00 00 12 00 AC 02 0B 00 00 06 03 83 D0 08 25 B1 05 65   // передача: 18 байт; 08.02.22.416
// приём по количеству байт: 18 из 18

01 00 12 00 AC 01 11 21 01 19 01 1E 6B 00 A4 7B F8 47   // прием: 18 байт; 08.02.22.479
// таймаут: 63 мсек


01 11 21 01 19 01 1E 6B 00 A4 7B   // прием: 11 байт; 08.02.22.480
// таймаут: 64 мсек


11    21.01.19    1406 0x83D0      1 - зима    период: 30  к.сумма: да 
Данные блока



00 06 03 83 D8 10 22 7B   // передача: 8 байт; 08.02.22.588


00 00 12 00 AC 02 13 00 00 06 03 83 D8 10 22 7B 85 1A   // передача: 18 байт; 08.02.22.588
// приём по количеству байт: 26 из 26

01 00 1A 00 AC 01 80 00 80 00 80 00 80 00 80 00 80 00 80 00 80 00 9B 36 B0 40   // прием: 26 байт; 08.02.22.664
// таймаут: 76 мсек


01 80 00 80 00 80 00 80 00 80 00 80 00 80 00 80 00 9B 36   // прием: 19 байт; 08.02.22.664
// таймаут: 76 мсек

0           0           0           0           
0           0           0           0           
Заголовок блока



00 06 03 83 B8 08 0A 71   // передача: 8 байт; 08.02.22.775


00 00 12 00 AC 02 0B 00 00 06 03 83 B8 08 0A 71 05 65   // передача: 18 байт; 08.02.22.775
// приём по количеству байт: 18 из 18

01 00 12 00 AC 01 10 21 01 19 01 1E 6A 00 64 27 F8 47   // прием: 18 байт; 08.02.22.838
// таймаут: 63 мсек


01 10 21 01 19 01 1E 6A 00 64 27   // прием: 11 байт; 08.02.22.838
// таймаут: 63 мсек


10    21.01.19    1405 0x83B8      1 - зима    период: 30  к.сумма: да 
Данные блока



00 06 03 83 C0 10 28 7B   // передача: 8 байт; 08.02.22.947


00 00 12 00 AC 02 13 00 00 06 03 83 C0 10 28 7B 85 1A   // передача: 18 байт; 08.02.22.947
// приём по количеству байт: 26 из 26

01 00 1A 00 AC 01 80 00 80 00 80 00 80 00 80 00 80 00 80 00 80 00 9B 36 B0 40   // прием: 26 байт; 08.02.23.23
// таймаут: 76 мсек


01 80 00 80 00 80 00 80 00 80 00 80 00 80 00 80 00 9B 36   // прием: 19 байт; 08.02.23.23
// таймаут: 76 мсек

0           0           0           0           
0           0           0           0           
Заголовок блока



00 06 03 83 A0 08 00 71   // передача: 8 байт; 08.02.23.134


00 00 12 00 AC 02 0B 00 00 06 03 83 A0 08 00 71 05 65   // передача: 18 байт; 08.02.23.134
// приём по количеству байт: 18 из 18

01 00 12 00 AC 01 09 21 01 19 01 1E 63 00 A3 11 F8 47   // прием: 18 байт; 08.02.23.197
// таймаут: 63 мсек


01 09 21 01 19 01 1E 63 00 A3 11   // прием: 11 байт; 08.02.23.198
// таймаут: 64 мсек


09    21.01.19    1404 0x83A0      1 - зима    период: 30  к.сумма: да 
Данные блока



00 06 03 83 A8 10 07 BB   // передача: 8 байт; 08.02.23.321


00 00 12 00 AC 02 13 00 00 06 03 83 A8 10 07 BB 85 1A   // передача: 18 байт; 08.02.23.321
// приём по количеству байт: 26 из 26

01 00 1A 00 AC 01 80 00 80 00 80 00 80 00 80 00 80 00 80 00 80 00 9B 36 B0 40   // прием: 26 байт; 08.02.23.397
// таймаут: 76 мсек


01 80 00 80 00 80 00 80 00 80 00 80 00 80 00 80 00 9B 36   // прием: 19 байт; 08.02.23.397
// таймаут: 76 мсек

0           0           0           0           
0           0           0           0           


------------------------------------------------------------
сутки 21.01 
00.00       
00.30       
01.00       
01.30       
02.00       
02.30       
03.00       
03.30       
04.00       
04.30       
05.00       
05.30       
06.00       
06.30       
07.00       
07.30       
08.00       
08.30       
09.00       0,0000      0,0000      0,0000      0,0000      
09.30       0,0000      0,0000      0,0000      0,0000      
10.00       0,0000      0,0000      0,0000      0,0000      
10.30       0,0000      0,0000      0,0000      0,0000      
11.00       0,0000      0,0000      0,0000      0,0000      
11.30       0,0000      0,0000      0,0000      0,0000      
12.00       0,0000      0,0000      0,0000      0,0000      
12.30       0,0000      0,0000      0,0000      0,0000      
13.00       0,0000      0,0000      0,0000      0,0000      
13.30       0,0000      0,0000      0,0000      0,0000      
14.00       0,0000      0,0000      0,0000      0,0000      
14.30       0,0000      0,0000      0,0000      0,0000      
15.00       0,0000      0,0000      0,0000      0,0000      
15.30       0,0000      0,0000      0,0000      0,0000      
16.00       0,0000      0,0000      0,0000      0,0000      
16.30       0,0000      0,0000      0,0000      0,0000      
17.00       0,0000      0,0000      0,0000      0,0000      
17.30       0,0000      0,0000      0,0000      0,0000      
18.00       0,0000      0,0000      0,0000      0,0000      
18.30       0,0298      0,0000      0,0000      0,0070      
19.00       0,1108      0,0000      0,0000      0,0260      
19.30       0,0898      0,0000      0,0000      0,0216      
20.00       0,0000      0,0000      0,0000      0,0000      
20.30       0,0748      0,0000      0,0000      0,0178      
21.00       0,0974      0,0000      0,0000      0,0238      
21.30       0,0998      0,0000      0,0000      0,0248      
22.00       0,0738      0,0000      0,0000      0,0186      
22.30       0,0000      0,0000      0,0000      0,0000      
23.00       0,0000      0,0000      0,0000      0,0000      
23.30       0,0000      0,0000      0,0000      0,0000      

------------------------------------------------------------
сутки 22.01 
00.00       0,0000      0,0000      0,0000      0,0000      
00.30       0,0000      0,0000      0,0000      0,0000      
01.00       0,0000      0,0000      0,0000      0,0000      
01.30       0,0000      0,0000      0,0000      0,0000      
02.00       0,0000      0,0000      0,0000      0,0000      
02.30       0,0000      0,0000      0,0000      0,0000      
03.00       0,0000      0,0000      0,0000      0,0000      
03.30       0,0000      0,0000      0,0000      0,0000      
04.00       0,0000      0,0000      0,0000      0,0000      
04.30       0,0000      0,0000      0,0000      0,0000      
05.00       0,0000      0,0000      0,0000      0,0000      
05.30       0,0000      0,0000      0,0000      0,0000      
06.00       0,0000      0,0000      0,0000      0,0000      
06.30       0,0000      0,0000      0,0000      0,0000      
07.00       0,0000      0,0000      0,0000      0,0000      
07.30       0,0918      0,0000      0,0000      0,0252      
08.00       0,0000      0,0000      0,0000      0,0000      
08.30       0,0000      0,0000      0,0000      0,0000      
09.00       
09.30       
10.00       
10.30       
11.00       
11.30       
12.00       
12.30       
13.00       
13.30       
14.00       
14.30       
15.00       
15.30       
16.00       
16.30       
17.00       
17.30       
18.00       
18.30       
19.00       
19.30       
20.00       
20.30       
21.00       
21.30       
22.00       
22.30       
23.00       
23.30       

месяц 1     
сутки 21.01 0,5762      0,0000      0,0000      0,1396      
сутки 22.01 0,0918      0,0000      0,0000      0,0252      

месяц 1     0,6680      0,0000      0,0000      0,1648      


------------------------------------------------------------
сутки 21.01 
00.00       
00.30       
01.00       
01.30       
02.00       
02.30       
03.00       
03.30       
04.00       
04.30       
05.00       
05.30       
06.00       
06.30       
07.00       
07.30       
08.00       
08.30       
09.00       0           0           0           0           
09.30       0           0           0           0           
10.00       0           0           0           0           
10.30       0           0           0           0           
11.00       0           0           0           0           
11.30       0           0           0           0           
12.00       0           0           0           0           
12.30       0           0           0           0           
13.00       0           0           0           0           
13.30       0           0           0           0           
14.00       0           0           0           0           
14.30       0           0           0           0           
15.00       0           0           0           0           
15.30       0           0           0           0           
16.00       0           0           0           0           
16.30       0           0           0           0           
17.00       0           0           0           0           
17.30       0           0           0           0           
18.00       0           0           0           0           
18.30       149         0           0           35          
19.00       554         0           0           130         
19.30       449         0           0           108         
20.00       0           0           0           0           
20.30       374         0           0           89          
21.00       487         0           0           119         
21.30       499         0           0           124         
22.00       369         0           0           93          
22.30       0           0           0           0           
23.00       0           0           0           0           
23.30       0           0           0           0           

------------------------------------------------------------
сутки 22.01 
00.00       0           0           0           0           
00.30       0           0           0           0           
01.00       0           0           0           0           
01.30       0           0           0           0           
02.00       0           0           0           0           
02.30       0           0           0           0           
03.00       0           0           0           0           
03.30       0           0           0           0           
04.00       0           0           0           0           
04.30       0           0           0           0           
05.00       0           0           0           0           
05.30       0           0           0           0           
06.00       0           0           0           0           
06.30       0           0           0           0           
07.00       0           0           0           0           
07.30       459         0           0           126         
08.00       0           0           0           0           
08.30       0           0           0           0           
09.00       
09.30       
10.00       
10.30       
11.00       
11.30       
12.00       
12.30       
13.00       
13.30       
14.00       
14.30       
15.00       
15.30       
16.00       
16.30       
17.00       
17.30       
18.00       
18.30       
19.00       
19.30       
20.00       
20.30       
21.00       
21.30       
22.00       
22.30       
23.00       
23.30       

месяц 1     
сутки 21.01 2881        0           0           698         
сутки 22.01 459         0           0           126         

месяц 1     3340        0           0           824         
 


Начало опроса: 08:02:13 22.01.19
Конец опроса:  08:02:23 22.01.19
Длительность опроса: - 10 секунд(а) 
 
Опрос успешно завершен


Cчетчик: номер 0

Открытие канала



00 01 30 30 30 30 30 30 0E 24   // передача: 10 байт; 08.03.09.638


00 00 14 00 AC 02 04 00 00 01 30 30 30 30 30 30 0E 24 54 CD   // передача: 20 байт; 08.03.09.638
// приём по количеству байт: 11 из 11

01 00 0B 00 AC 01 00 00 20 2D 9C   // прием: 11 байт; 08.03.09.694
// таймаут: 56 мсек


01 00 00 20   // прием: 4 байт; 08.03.09.694
// таймаут: 56 мсек

Канал открыт успешно


Время



00 04 00 73 00   // передача: 5 байт; 08.03.09.810


00 00 0F 00 AC 02 0B 00 00 04 00 73 00 81 E1   // передача: 15 байт; 08.03.09.810
// приём по количеству байт: 18 из 18

01 00 12 00 AC 01 00 03 08 02 22 01 19 01 DD 00 F8 47   // прием: 18 байт; 08.03.09.868
// таймаут: 58 мсек


01 00 03 08 02 22 01 19 01 DD 00   // прием: 11 байт; 08.03.09.869
// таймаут: 59 мсек

время счетчика:   08:03:00 22.01.19
день недели:      2 - вторник
сезонное время:   1 - зима

время компьютера: 08:03:09 22.01.19
разница:           - 9 секунд(а) 


К. трансформации



00 08 02 F7 C1   // передача: 5 байт; 08.03.10.12


00 00 0F 00 AC 02 0D 00 00 08 02 F7 C1 E7 E1   // передача: 15 байт; 08.03.10.12
// приём по количеству байт: 20 из 20

01 00 14 00 AC 01 00 01 00 01 00 00 02 8F 5C 28 16 05 80 50   // прием: 20 байт; 08.03.10.73
// таймаут: 61 мсек


01 00 01 00 01 00 00 02 8F 5C 28 16 05   // прием: 13 байт; 08.03.10.74
// таймаут: 62 мсек

Ki*Ku = 1*1 = 1


К. преобразования



00 08 12 F6 0D   // передача: 5 байт; 08.03.10.184


00 00 0F 00 AC 02 06 00 00 08 12 F6 0D 5D 21   // передача: 15 байт; 08.03.10.184
// приём по количеству байт: 13 из 13

01 00 0D 00 AC 01 00 00 10 00 14 36 99   // прием: 13 байт; 08.03.10.234
// таймаут: 50 мсек


01 00 00 10 00 14   // прием: 6 байт; 08.03.10.235
// таймаут: 51 мсек

Kp = 5000*2 = 10000
*для использования в сумматоре СЭМ+2 К. преобразования необходимо умножать на 2

К. пропорциональности
Ke = Ki*Ku/Kp*2 = 0,0001



00 05 40 00 21 E5   // передача: 6 байт; 08.03.10.356


00 00 10 00 AC 02 13 00 00 05 40 00 21 E5 F4 21   // передача: 16 байт; 08.03.10.356
// приём по количеству байт: 26 из 26

01 00 1A 00 AC 01 00 00 01 FA 00 00 00 00 00 00 00 00 00 00 00 8C 78 7F B0 40   // прием: 26 байт; 08.03.10.429
// таймаут: 73 мсек


01 00 00 01 FA 00 00 00 00 00 00 00 00 00 00 00 8C 78 7F   // прием: 19 байт; 08.03.10.429
// таймаут: 73 мсек



Импульсы за текущие сутки
            всего       
канал A+    506         
канал A-    0           
канал R+    0           
канал R-    140         

Энергия за текущие сутки
            всего       
канал A+    0,0506      
канал A-    0,0000      
канал R+    0,0000      
канал R-    0,0140      


Начало опроса: 08:03:09 22.01.19
Конец опроса:  08:03:10 22.01.19
Длительность опроса: - 1 секунд(а) 
 
Опрос успешно завершен


Cчетчик: номер 0

Открытие канала



00 01 30 30 30 30 30 30 0E 24   // передача: 10 байт; 08.03.30.807


00 00 14 00 AC 02 04 00 00 01 30 30 30 30 30 30 0E 24 54 CD   // передача: 20 байт; 08.03.30.807
// приём по количеству байт: 11 из 11

01 00 0B 00 AC 01 00 00 20 2D 9C   // прием: 11 байт; 08.03.30.862
// таймаут: 55 мсек


01 00 00 20   // прием: 4 байт; 08.03.30.863
// таймаут: 56 мсек

Канал открыт успешно


Время



00 04 00 73 00   // передача: 5 байт; 08.03.30.979


00 00 0F 00 AC 02 0B 00 00 04 00 73 00 81 E1   // передача: 15 байт; 08.03.30.979
// приём по количеству байт: 18 из 18

01 00 12 00 AC 01 21 03 08 02 22 01 19 01 1E D4 F8 47   // прием: 18 байт; 08.03.31.37
// таймаут: 58 мсек


01 21 03 08 02 22 01 19 01 1E D4   // прием: 11 байт; 08.03.31.38
// таймаут: 59 мсек

время счетчика:   08:03:21 22.01.19
день недели:      2 - вторник
сезонное время:   1 - зима

время компьютера: 08:03:31 22.01.19
разница:           - 10 секунд(а) 


К. трансформации



00 08 02 F7 C1   // передача: 5 байт; 08.03.31.182


00 00 0F 00 AC 02 0D 00 00 08 02 F7 C1 E7 E1   // передача: 15 байт; 08.03.31.182
// приём по количеству байт: 20 из 20

01 00 14 00 AC 01 00 01 00 01 00 00 02 8F 5C 28 16 05 80 50   // прием: 20 байт; 08.03.31.243
// таймаут: 61 мсек


01 00 01 00 01 00 00 02 8F 5C 28 16 05   // прием: 13 байт; 08.03.31.244
// таймаут: 62 мсек

Ki*Ku = 1*1 = 1


К. преобразования



00 08 12 F6 0D   // передача: 5 байт; 08.03.31.369


00 00 0F 00 AC 02 06 00 00 08 12 F6 0D 5D 21   // передача: 15 байт; 08.03.31.369
// приём по количеству байт: 13 из 13

01 00 0D 00 AC 01 00 00 10 00 14 36 99   // прием: 13 байт; 08.03.31.419
// таймаут: 50 мсек


01 00 00 10 00 14   // прием: 6 байт; 08.03.31.420
// таймаут: 51 мсек

Kp = 5000*2 = 10000
*для использования в сумматоре СЭМ+2 К. преобразования необходимо умножать на 2

К. пропорциональности
Ke = Ki*Ku/Kp*2 = 0,0001



00 05 40 00 21 E5   // передача: 6 байт; 08.03.31.540


00 00 10 00 AC 02 13 00 00 05 40 00 21 E5 F4 21   // передача: 16 байт; 08.03.31.540
// приём по количеству байт: 26 из 26

01 00 1A 00 AC 01 00 00 01 FF 00 00 00 00 00 00 00 00 00 00 00 8D B5 BA B0 40   // прием: 26 байт; 08.03.31.612
// таймаут: 72 мсек


01 00 00 01 FF 00 00 00 00 00 00 00 00 00 00 00 8D B5 BA   // прием: 19 байт; 08.03.31.613
// таймаут: 73 мсек



Импульсы за текущие сутки
            всего       
канал A+    511         
канал A-    0           
канал R+    0           
канал R-    141         

Энергия за текущие сутки
            всего       
канал A+    0,0511      
канал A-    0,0000      
канал R+    0,0000      
канал R-    0,0141      


Начало опроса: 08:03:30 22.01.19
Конец опроса:  08:03:31 22.01.19
Длительность опроса: - 1 секунд(а) 
 
Опрос успешно завершен


Cчетчик: номер 0

Открытие канала



00 01 30 30 30 30 30 30 0E 24   // передача: 10 байт; 08.03.33.709


00 00 14 00 AC 02 04 00 00 01 30 30 30 30 30 30 0E 24 54 CD   // передача: 20 байт; 08.03.33.709
// приём по количеству байт: 11 из 11

01 00 0B 00 AC 01 00 00 20 2D 9C   // прием: 11 байт; 08.03.33.764
// таймаут: 55 мсек


01 00 00 20   // прием: 4 байт; 08.03.33.765
// таймаут: 56 мсек

Канал открыт успешно


Время



00 04 00 73 00   // передача: 5 байт; 08.03.33.880


00 00 0F 00 AC 02 0B 00 00 04 00 73 00 81 E1   // передача: 15 байт; 08.03.33.880
// приём по количеству байт: 18 из 18

01 00 12 00 AC 01 24 03 08 02 22 01 19 01 DE EB F8 47   // прием: 18 байт; 08.03.33.938
// таймаут: 58 мсек


01 24 03 08 02 22 01 19 01 DE EB   // прием: 11 байт; 08.03.33.939
// таймаут: 59 мсек

время счетчика:   08:03:24 22.01.19
день недели:      2 - вторник
сезонное время:   1 - зима

время компьютера: 08:03:33 22.01.19
разница:           - 9 секунд(а) 


К. трансформации



00 08 02 F7 C1   // передача: 5 байт; 08.03.34.83


00 00 0F 00 AC 02 0D 00 00 08 02 F7 C1 E7 E1   // передача: 15 байт; 08.03.34.83
// приём по количеству байт: 20 из 20

01 00 14 00 AC 01 00 01 00 01 00 00 02 8F 5C 28 16 05 80 50   // прием: 20 байт; 08.03.34.144
// таймаут: 61 мсек


01 00 01 00 01 00 00 02 8F 5C 28 16 05   // прием: 13 байт; 08.03.34.145
// таймаут: 62 мсек

Ki*Ku = 1*1 = 1


К. преобразования



00 08 12 F6 0D   // передача: 5 байт; 08.03.34.270


00 00 0F 00 AC 02 06 00 00 08 12 F6 0D 5D 21   // передача: 15 байт; 08.03.34.270
// приём по количеству байт: 13 из 13

01 00 0D 00 AC 01 00 00 10 00 14 36 99   // прием: 13 байт; 08.03.34.320
// таймаут: 50 мсек


01 00 00 10 00 14   // прием: 6 байт; 08.03.34.321
// таймаут: 51 мсек

Kp = 5000*2 = 10000
*для использования в сумматоре СЭМ+2 К. преобразования необходимо умножать на 2

К. пропорциональности
Ke = Ki*Ku/Kp*2 = 0,0001



00 05 40 00 21 E5   // передача: 6 байт; 08.03.34.442


00 00 10 00 AC 02 13 00 00 05 40 00 21 E5 F4 21   // передача: 16 байт; 08.03.34.442
// приём по количеству байт: 26 из 26

01 00 1A 00 AC 01 00 00 02 00 00 00 00 00 00 00 00 00 00 00 00 8D E2 47 B0 40   // прием: 26 байт; 08.03.34.515
// таймаут: 73 мсек


01 00 00 02 00 00 00 00 00 00 00 00 00 00 00 00 8D E2 47   // прием: 19 байт; 08.03.34.515
// таймаут: 73 мсек



Импульсы за текущие сутки
            всего       
канал A+    512         
канал A-    0           
канал R+    0           
канал R-    141         

Энергия за текущие сутки
            всего       
канал A+    0,0512      
канал A-    0,0000      
канал R+    0,0000      
канал R-    0,0141      


Начало опроса: 08:03:33 22.01.19
Конец опроса:  08:03:34 22.01.19
Длительность опроса: - 1 секунд(а) 
 
Опрос успешно завершен


Cчетчик: номер 0

Открытие канала



00 01 30 30 30 30 30 30 0E 24   // передача: 10 байт; 08.03.36.95


00 00 14 00 AC 02 04 00 00 01 30 30 30 30 30 30 0E 24 54 CD   // передача: 20 байт; 08.03.36.95
// приём по количеству байт: 11 из 11

01 00 0B 00 AC 01 00 00 20 2D 9C   // прием: 11 байт; 08.03.36.150
// таймаут: 55 мсек


01 00 00 20   // прием: 4 байт; 08.03.36.151
// таймаут: 56 мсек

Канал открыт успешно


Время



00 04 00 73 00   // передача: 5 байт; 08.03.36.267


00 00 0F 00 AC 02 0B 00 00 04 00 73 00 81 E1   // передача: 15 байт; 08.03.36.267
// приём по количеству байт: 18 из 18

01 00 12 00 AC 01 27 03 08 02 22 01 19 01 9E FE F8 47   // прием: 18 байт; 08.03.36.325
// таймаут: 58 мсек


01 27 03 08 02 22 01 19 01 9E FE   // прием: 11 байт; 08.03.36.326
// таймаут: 59 мсек

время счетчика:   08:03:27 22.01.19
день недели:      2 - вторник
сезонное время:   1 - зима

время компьютера: 08:03:36 22.01.19
разница:           - 9 секунд(а) 


К. трансформации



00 08 02 F7 C1   // передача: 5 байт; 08.03.36.470


00 00 0F 00 AC 02 0D 00 00 08 02 F7 C1 E7 E1   // передача: 15 байт; 08.03.36.470
// приём по количеству байт: 20 из 20

01 00 14 00 AC 01 00 01 00 01 00 00 02 8F 5C 28 16 05 80 50   // прием: 20 байт; 08.03.36.531
// таймаут: 61 мсек


01 00 01 00 01 00 00 02 8F 5C 28 16 05   // прием: 13 байт; 08.03.36.532
// таймаут: 62 мсек

Ki*Ku = 1*1 = 1


К. преобразования



00 08 12 F6 0D   // передача: 5 байт; 08.03.36.657


00 00 0F 00 AC 02 06 00 00 08 12 F6 0D 5D 21   // передача: 15 байт; 08.03.36.657
// приём по количеству байт: 13 из 13

01 00 0D 00 AC 01 00 00 10 00 14 36 99   // прием: 13 байт; 08.03.36.708
// таймаут: 51 мсек


01 00 00 10 00 14   // прием: 6 байт; 08.03.36.708
// таймаут: 51 мсек

Kp = 5000*2 = 10000
*для использования в сумматоре СЭМ+2 К. преобразования необходимо умножать на 2

К. пропорциональности
Ke = Ki*Ku/Kp*2 = 0,0001



00 05 40 00 21 E5   // передача: 6 байт; 08.03.36.828


00 00 10 00 AC 02 13 00 00 05 40 00 21 E5 F4 21   // передача: 16 байт; 08.03.36.828
// приём по количеству байт: 26 из 26

01 00 1A 00 AC 01 00 00 02 01 00 00 00 00 00 00 00 00 00 00 00 8E A0 C7 B0 40   // прием: 26 байт; 08.03.36.900
// таймаут: 72 мсек


01 00 00 02 01 00 00 00 00 00 00 00 00 00 00 00 8E A0 C7   // прием: 19 байт; 08.03.36.901
// таймаут: 73 мсек



Импульсы за текущие сутки
            всего       
канал A+    513         
канал A-    0           
канал R+    0           
канал R-    142         

Энергия за текущие сутки
            всего       
канал A+    0,0513      
канал A-    0,0000      
канал R+    0,0000      
канал R-    0,0142      


Начало опроса: 08:03:35 22.01.19
Конец опроса:  08:03:36 22.01.19
Длительность опроса: - 1 секунд(а) 
 
Опрос успешно завершен


Cчетчик: номер 0

Открытие канала



00 01 30 30 30 30 30 30 0E 24   // передача: 10 байт; 08.03.38.779


00 00 14 00 AC 02 04 00 00 01 30 30 30 30 30 30 0E 24 54 CD   // передача: 20 байт; 08.03.38.779
// приём по количеству байт: 11 из 11

01 00 0B 00 AC 01 00 00 20 2D 9C   // прием: 11 байт; 08.03.38.834
// таймаут: 55 мсек


01 00 00 20   // прием: 4 байт; 08.03.38.835
// таймаут: 56 мсек

Канал открыт успешно


Время



00 04 00 73 00   // передача: 5 байт; 08.03.38.951


00 00 0F 00 AC 02 0B 00 00 04 00 73 00 81 E1   // передача: 15 байт; 08.03.38.951
// приём по количеству байт: 18 из 18

01 00 12 00 AC 01 29 03 08 02 22 01 19 01 1F 72 F8 47   // прием: 18 байт; 08.03.39.09
// таймаут: 58 мсек


01 29 03 08 02 22 01 19 01 1F 72   // прием: 11 байт; 08.03.39.10
// таймаут: 59 мсек

время счетчика:   08:03:29 22.01.19
день недели:      2 - вторник
сезонное время:   1 - зима

время компьютера: 08:03:39 22.01.19
разница:           - 10 секунд(а) 


К. трансформации



00 08 02 F7 C1   // передача: 5 байт; 08.03.39.154


00 00 0F 00 AC 02 0D 00 00 08 02 F7 C1 E7 E1   // передача: 15 байт; 08.03.39.154
// приём по количеству байт: 20 из 20

01 00 14 00 AC 01 00 01 00 01 00 00 02 8F 5C 28 16 05 80 50   // прием: 20 байт; 08.03.39.216
// таймаут: 62 мсек


01 00 01 00 01 00 00 02 8F 5C 28 16 05   // прием: 13 байт; 08.03.39.216
// таймаут: 62 мсек

Ki*Ku = 1*1 = 1


К. преобразования



00 08 12 F6 0D   // передача: 5 байт; 08.03.39.341


00 00 0F 00 AC 02 06 00 00 08 12 F6 0D 5D 21   // передача: 15 байт; 08.03.39.341
// приём по количеству байт: 13 из 13

01 00 0D 00 AC 01 00 00 10 00 14 36 99   // прием: 13 байт; 08.03.39.391
// таймаут: 50 мсек


01 00 00 10 00 14   // прием: 6 байт; 08.03.39.392
// таймаут: 51 мсек

Kp = 5000*2 = 10000
*для использования в сумматоре СЭМ+2 К. преобразования необходимо умножать на 2

К. пропорциональности
Ke = Ki*Ku/Kp*2 = 0,0001



00 05 40 00 21 E5   // передача: 6 байт; 08.03.39.513


00 00 10 00 AC 02 13 00 00 05 40 00 21 E5 F4 21   // передача: 16 байт; 08.03.39.513
// приём по количеству байт: 26 из 26

01 00 1A 00 AC 01 00 00 02 02 00 00 00 00 00 00 00 00 00 00 00 8E A5 04 B0 40   // прием: 26 байт; 08.03.39.585
// таймаут: 72 мсек


01 00 00 02 02 00 00 00 00 00 00 00 00 00 00 00 8E A5 04   // прием: 19 байт; 08.03.39.586
// таймаут: 73 мсек



Импульсы за текущие сутки
            всего       
канал A+    514         
канал A-    0           
канал R+    0           
канал R-    142         

Энергия за текущие сутки
            всего       
канал A+    0,0514      
канал A-    0,0000      
канал R+    0,0000      
канал R-    0,0142      


Начало опроса: 08:03:38 22.01.19
Конец опроса:  08:03:39 22.01.19
Длительность опроса: - 1 секунд(а) 
 
Опрос успешно завершен


Cчетчик: номер 0

Открытие канала



00 01 30 30 30 30 30 30 0E 24   // передача: 10 байт; 08.03.44.894


00 00 14 00 AC 02 04 00 00 01 30 30 30 30 30 30 0E 24 54 CD   // передача: 20 байт; 08.03.44.894
// приём по количеству байт: 11 из 11

01 00 0B 00 AC 01 00 00 20 2D 9C   // прием: 11 байт; 08.03.44.949
// таймаут: 55 мсек


01 00 00 20   // прием: 4 байт; 08.03.44.950
// таймаут: 56 мсек

Канал открыт успешно


Время



00 04 00 73 00   // передача: 5 байт; 08.03.45.66


00 00 0F 00 AC 02 0B 00 00 04 00 73 00 81 E1   // передача: 15 байт; 08.03.45.66
// приём по количеству байт: 18 из 18

01 00 12 00 AC 01 35 03 08 02 22 01 19 01 1E 2B F8 47   // прием: 18 байт; 08.03.45.124
// таймаут: 58 мсек


01 35 03 08 02 22 01 19 01 1E 2B   // прием: 11 байт; 08.03.45.125
// таймаут: 59 мсек

время счетчика:   08:03:35 22.01.19
день недели:      2 - вторник
сезонное время:   1 - зима

время компьютера: 08:03:45 22.01.19
разница:           - 10 секунд(а) 


К. трансформации



00 08 02 F7 C1   // передача: 5 байт; 08.03.45.269


00 00 0F 00 AC 02 0D 00 00 08 02 F7 C1 E7 E1   // передача: 15 байт; 08.03.45.269
// приём по количеству байт: 20 из 20

01 00 14 00 AC 01 00 01 00 01 00 00 02 8F 5C 28 16 05 80 50   // прием: 20 байт; 08.03.45.330
// таймаут: 61 мсек


01 00 01 00 01 00 00 02 8F 5C 28 16 05   // прием: 13 байт; 08.03.45.331
// таймаут: 62 мсек

Ki*Ku = 1*1 = 1


К. преобразования



00 08 12 F6 0D   // передача: 5 байт; 08.03.45.456


00 00 0F 00 AC 02 06 00 00 08 12 F6 0D 5D 21   // передача: 15 байт; 08.03.45.456
// приём по количеству байт: 13 из 13

01 00 0D 00 AC 01 00 00 10 00 14 36 99   // прием: 13 байт; 08.03.45.506
// таймаут: 50 мсек


01 00 00 10 00 14   // прием: 6 байт; 08.03.45.507
// таймаут: 51 мсек

Kp = 5000*2 = 10000
*для использования в сумматоре СЭМ+2 К. преобразования необходимо умножать на 2

К. пропорциональности
Ke = Ki*Ku/Kp*2 = 0,0001



00 05 50 00 2C 25   // передача: 6 байт; 08.03.45.627


00 00 10 00 AC 02 13 00 00 05 50 00 2C 25 F4 21   // передача: 16 байт; 08.03.45.627
// приём по количеству байт: 26 из 26

01 00 1A 00 AC 01 00 00 0D EF 00 00 00 00 00 00 00 00 00 00 03 60 47 9B B0 40   // прием: 26 байт; 08.03.45.700
// таймаут: 73 мсек


01 00 00 0D EF 00 00 00 00 00 00 00 00 00 00 03 60 47 9B   // прием: 19 байт; 08.03.45.700
// таймаут: 73 мсек



Импульсы за предыдущие сутки
            всего       
канал A+    3567        
канал A-    0           
канал R+    0           
канал R-    864         

Энергия за предыдущие сутки
            всего       
канал A+    0,3567      
канал A-    0,0000      
канал R+    0,0000      
канал R-    0,0864      


Начало опроса: 08:03:44 22.01.19
Конец опроса:  08:03:45 22.01.19
Длительность опроса: - 1 секунд(а) 
 
Опрос успешно завершен


Cчетчик: номер 0

Открытие канала



00 01 30 30 30 30 30 30 0E 24   // передача: 10 байт; 08.04.18.965


00 00 14 00 AC 02 04 00 00 01 30 30 30 30 30 30 0E 24 54 CD   // передача: 20 байт; 08.04.18.965
// приём по количеству байт: 11 из 11

01 00 0B 00 AC 01 00 00 20 2D 9C   // прием: 11 байт; 08.04.19.20
// таймаут: 55 мсек


01 00 00 20   // прием: 4 байт; 08.04.19.21
// таймаут: 56 мсек

Канал открыт успешно


Время



00 04 00 73 00   // передача: 5 байт; 08.04.19.137


00 00 0F 00 AC 02 0B 00 00 04 00 73 00 81 E1   // передача: 15 байт; 08.04.19.137
// приём по количеству байт: 18 из 18

01 00 12 00 AC 01 09 04 08 02 22 01 19 01 6B AA F8 47   // прием: 18 байт; 08.04.19.196
// таймаут: 59 мсек


01 09 04 08 02 22 01 19 01 6B AA   // прием: 11 байт; 08.04.19.196
// таймаут: 59 мсек

время счетчика:   08:04:09 22.01.19
день недели:      2 - вторник
сезонное время:   1 - зима

время компьютера: 08:04:19 22.01.19
разница:           - 10 секунд(а) 


К. трансформации



00 08 02 F7 C1   // передача: 5 байт; 08.04.19.339


00 00 0F 00 AC 02 0D 00 00 08 02 F7 C1 E7 E1   // передача: 15 байт; 08.04.19.339
// приём по количеству байт: 20 из 20

01 00 14 00 AC 01 00 01 00 01 00 00 02 8F 5C 28 16 05 80 50   // прием: 20 байт; 08.04.19.400
// таймаут: 61 мсек


01 00 01 00 01 00 00 02 8F 5C 28 16 05   // прием: 13 байт; 08.04.19.401
// таймаут: 62 мсек

Ki*Ku = 1*1 = 1


К. преобразования



00 08 12 F6 0D   // передача: 5 байт; 08.04.19.526


00 00 0F 00 AC 02 06 00 00 08 12 F6 0D 5D 21   // передача: 15 байт; 08.04.19.526
// приём по количеству байт: 13 из 13

01 00 0D 00 AC 01 00 00 10 00 14 36 99   // прием: 13 байт; 08.04.19.576
// таймаут: 50 мсек


01 00 00 10 00 14   // прием: 6 байт; 08.04.19.577
// таймаут: 51 мсек

Kp = 5000*2 = 10000
*для использования в сумматоре СЭМ+2 К. преобразования необходимо умножать на 2

К. пропорциональности
Ke = Ki*Ku/Kp*2 = 0,0001



00 05 50 00 2C 25   // передача: 6 байт; 08.04.19.698


00 00 10 00 AC 02 13 00 00 05 50 00 2C 25 F4 21   // передача: 16 байт; 08.04.19.698
// приём по количеству байт: 26 из 26

01 00 1A 00 AC 01 00 00 0D EF 00 00 00 00 00 00 00 00 00 00 03 60 47 9B B0 40   // прием: 26 байт; 08.04.19.770
// таймаут: 72 мсек


01 00 00 0D EF 00 00 00 00 00 00 00 00 00 00 03 60 47 9B   // прием: 19 байт; 08.04.19.771
// таймаут: 73 мсек



Импульсы за предыдущие сутки
            всего       
канал A+    3567        
канал A-    0           
канал R+    0           
канал R-    864         

Энергия за предыдущие сутки
            всего       
канал A+    0,3567      
канал A-    0,0000      
канал R+    0,0000      
канал R-    0,0864      


Начало опроса: 08:04:18 22.01.19
Конец опроса:  08:04:19 22.01.19
Длительность опроса: - 1 секунд(а) 
 
Опрос успешно завершен

// версия от 6 сентября 2014 года
